
validate:pre:build:
     [echo] Checking for existence of GLOBUS_LOCATION envrironment variable.
     [echo] wscore.relative.dir = ws-core-4.0.3
     [echo] GLOBUS_LOCATION not set, downloading and installing http://gforge.nci.nih.gov/svnroot/commonlibrary/trunk/techstack-2006/os-independent/ws-core-enum-4.0.3.zip

clean:
   [delete] Deleting directory D:\BDA\DynamicExtentions\software\target\dist
   [delete] Deleting directory D:\BDA\DynamicExtentions\software\target\temp

init:
     [echo]  ______   ______   _______ 
     [echo] (____  \ (______) (_______)
     [echo]  ____)  ) _     _  _______ 
     [echo] |  __  ( | |   | ||  ___  |
     [echo] | |__)  )| |__/ / | |   | |
     [echo] |______/ |_____/  |_|   |_|
    [mkdir] Created dir: D:\BDA\DynamicExtentions\software\target\dist
    [mkdir] Created dir: D:\BDA\DynamicExtentions\software\target\dist\exploded
    [mkdir] Created dir: D:\BDA\DynamicExtentions\software\target\dist\exploded\DynamicExtentions-api
    [mkdir] Created dir: D:\BDA\DynamicExtentions\software\target\dist\exploded\DynamicExtentions-webapp
    [mkdir] Created dir: D:\BDA\DynamicExtentions\software\target\dist\exploded\common
    [mkdir] Created dir: D:\BDA\DynamicExtentions\software\target\dist\exploded\tools
    [mkdir] Created dir: D:\BDA\DynamicExtentions\software\target\temp

build:DynamicExtentions-api:

build:DynamicExtentions-webapp:
Trying to override old definition of task shellscript
Trying to override old definition of task propertycopy
Trying to override old definition of task pathtofileset
Trying to override old definition of task remoteant
Trying to override old definition of task runtarget
Trying to override old definition of task assert
Trying to override old definition of task propertyregex
Trying to override old definition of task math
Trying to override old definition of task trycatch
Trying to override old definition of task antserver
Trying to override old definition of task antcallback
Trying to override old definition of task compilewithwalls
Trying to override old definition of task outofdate
Trying to override old definition of task osfamily
Trying to override old definition of task stopwatch
Trying to override old definition of task throw
Trying to override old definition of task antclipse
Trying to override old definition of task urlencode
Trying to override old definition of task timestampselector
Trying to override old definition of task foreach
Trying to override old definition of task if
Trying to override old definition of task propertyselector
Trying to override old definition of task sortlist
Trying to override old definition of task antfetch
Trying to override old definition of task post
Trying to override old definition of task forget
Trying to override old definition of task limit
Trying to override old definition of task switch
Trying to override old definition of task var
Trying to override old definition of task inifile
Trying to override old definition of task verifydesign

init:
   [delete] Deleting directory D:\BDA\DynamicExtentions\software\DynamicExtentions\binaries\classes
   [delete] Deleting directory D:\BDA\DynamicExtentions\software\DynamicExtentions\build
    [mkdir] Created dir: D:\BDA\DynamicExtentions\software\DynamicExtentions\binaries\classes
    [mkdir] Created dir: D:\BDA\DynamicExtentions\software\DynamicExtentions\build

compile:
    [javac] Compiling 448 source files to D:\BDA\DynamicExtentions\software\DynamicExtentions\binaries\classes
    [javac] Note: Some input files use or override a deprecated API.
    [javac] Note: Recompile with -Xlint:deprecation for details.
    [javac] Note: Some input files use unchecked or unsafe operations.
    [javac] Note: Recompile with -Xlint:unchecked for details.
     [copy] Copying 64 files to D:\BDA\DynamicExtentions\software\DynamicExtentions\binaries\classes

remove_generics:
    [mkdir] Created dir: D:\BDA\DynamicExtentions\software\DynamicExtentions\temp
     [echo] Pattern used to remove generics : <[^=(]*>|(for\s?\(.+:.+\))
     [copy] Copying 138 files to D:\BDA\DynamicExtentions\software\DynamicExtentions\temp

generate_hbm:
[hibernatedoclet] Generating mapping file for edu.common.dynamicextensions.domain.AttributeRecord.
[hibernatedoclet]    edu.common.dynamicextensions.domain.AttributeRecord
[hibernatedoclet] Generating mapping file for edu.common.dynamicextensions.domain.FileExtension.
[hibernatedoclet]    edu.common.dynamicextensions.domain.FileExtension
[hibernatedoclet] Generating mapping file for edu.common.dynamicextensions.domain.PermissibleValue.
[hibernatedoclet]    edu.common.dynamicextensions.domain.PermissibleValue
[hibernatedoclet]    edu.common.dynamicextensions.domain.DoubleValue
[hibernatedoclet]    edu.common.dynamicextensions.domain.ByteArrayValue
[hibernatedoclet]    edu.common.dynamicextensions.domain.BooleanValue
[hibernatedoclet]    edu.common.dynamicextensions.domain.DateValue
[hibernatedoclet]    edu.common.dynamicextensions.domain.FloatValue
[hibernatedoclet]    edu.common.dynamicextensions.domain.LongValue
[hibernatedoclet]    edu.common.dynamicextensions.domain.StringValue
[hibernatedoclet]    edu.common.dynamicextensions.domain.ShortValue
[hibernatedoclet]    edu.common.dynamicextensions.domain.IntegerValue
[hibernatedoclet] Generating mapping file for edu.common.dynamicextensions.domain.AttributeTypeInformation.
[hibernatedoclet]    edu.common.dynamicextensions.domain.AttributeTypeInformation
[hibernatedoclet]    edu.common.dynamicextensions.domain.ByteArrayAttributeTypeInformation
[hibernatedoclet]    edu.common.dynamicextensions.domain.FileAttributeTypeInformation
[hibernatedoclet]    edu.common.dynamicextensions.domain.StringAttributeTypeInformation
[hibernatedoclet]    edu.common.dynamicextensions.domain.ObjectAttributeTypeInformation
[hibernatedoclet]    edu.common.dynamicextensions.domain.DateAttributeTypeInformation
[hibernatedoclet]    edu.common.dynamicextensions.domain.BooleanAttributeTypeInformation
[hibernatedoclet]    edu.common.dynamicextensions.domain.NumericAttributeTypeInformation
[hibernatedoclet]    edu.common.dynamicextensions.domain.DoubleAttributeTypeInformation
[hibernatedoclet]    edu.common.dynamicextensions.domain.ShortAttributeTypeInformation
[hibernatedoclet]    edu.common.dynamicextensions.domain.IntegerAttributeTypeInformation
[hibernatedoclet]    edu.common.dynamicextensions.domain.LongAttributeTypeInformation
[hibernatedoclet]    edu.common.dynamicextensions.domain.FloatAttributeTypeInformation
[hibernatedoclet] Generating mapping file for edu.common.dynamicextensions.domain.userinterface.View.
[hibernatedoclet]    edu.common.dynamicextensions.domain.userinterface.View
[hibernatedoclet] Generating mapping file for edu.common.dynamicextensions.domain.ObjectAttributeRecordValue.
[hibernatedoclet]    edu.common.dynamicextensions.domain.ObjectAttributeRecordValue
[hibernatedoclet] Generating mapping file for edu.common.dynamicextensions.domain.Role.
[hibernatedoclet]    edu.common.dynamicextensions.domain.Role
[hibernatedoclet] Generating mapping file for edu.common.dynamicextensions.domain.Path.
[hibernatedoclet]    edu.common.dynamicextensions.domain.Path
[hibernatedoclet] Generating mapping file for edu.common.dynamicextensions.domain.integration.EntityMapCondition.
[hibernatedoclet]    edu.common.dynamicextensions.domain.integration.EntityMapCondition
[hibernatedoclet] Generating mapping file for edu.common.dynamicextensions.domain.databaseproperties.DatabaseProperties.
[hibernatedoclet]    edu.common.dynamicextensions.domain.databaseproperties.DatabaseProperties
[hibernatedoclet]    edu.common.dynamicextensions.domain.databaseproperties.TableProperties
[hibernatedoclet]    edu.common.dynamicextensions.domain.databaseproperties.ColumnProperties
[hibernatedoclet]    edu.common.dynamicextensions.domain.databaseproperties.ConstraintProperties
[hibernatedoclet] Generating mapping file for edu.common.dynamicextensions.domain.integration.FormContext.
[hibernatedoclet]    edu.common.dynamicextensions.domain.integration.FormContext
[hibernatedoclet] Generating mapping file for edu.common.dynamicextensions.domain.databaseproperties.ConstraintKeyProperties.
[hibernatedoclet]    edu.common.dynamicextensions.domain.databaseproperties.ConstraintKeyProperties
[hibernatedoclet] Generating mapping file for edu.common.dynamicextensions.domain.AbstractMetadata.
[hibernatedoclet]    edu.common.dynamicextensions.domain.AbstractMetadata
[hibernatedoclet]    edu.common.dynamicextensions.domain.EntityGroup
[hibernatedoclet]    edu.common.dynamicextensions.domain.Category
[hibernatedoclet]    edu.common.dynamicextensions.domain.BaseAbstractAttribute
[hibernatedoclet]    edu.common.dynamicextensions.domain.AbstractAttribute
[hibernatedoclet]    edu.common.dynamicextensions.domain.Attribute
[hibernatedoclet]    edu.common.dynamicextensions.domain.Association
[hibernatedoclet]    edu.common.dynamicextensions.domain.CategoryAttribute
[hibernatedoclet]    edu.common.dynamicextensions.domain.CategoryAssociation
[hibernatedoclet]    edu.common.dynamicextensions.domain.AbstractEntity
[hibernatedoclet]    edu.common.dynamicextensions.domain.Entity
[hibernatedoclet]    edu.common.dynamicextensions.domain.CategoryEntity
[hibernatedoclet] Generating mapping file for edu.common.dynamicextensions.domain.validationrules.RuleParameter.
[hibernatedoclet]    edu.common.dynamicextensions.domain.validationrules.RuleParameter
[hibernatedoclet] Generating mapping file for edu.common.dynamicextensions.domain.userinterface.Container.
[hibernatedoclet]    edu.common.dynamicextensions.domain.userinterface.Container
[hibernatedoclet] Generating mapping file for edu.common.dynamicextensions.domain.DataElement.
[hibernatedoclet]    edu.common.dynamicextensions.domain.DataElement
[hibernatedoclet]    edu.common.dynamicextensions.domain.UserDefinedDE
[hibernatedoclet]    edu.common.dynamicextensions.domain.CaDSRDE
[hibernatedoclet] Generating mapping file for edu.common.dynamicextensions.domain.PathAssociationRelation.
[hibernatedoclet]    edu.common.dynamicextensions.domain.PathAssociationRelation
[hibernatedoclet] Generating mapping file for edu.common.dynamicextensions.domain.DESQLAudit.
[hibernatedoclet]    edu.common.dynamicextensions.domain.DESQLAudit
[hibernatedoclet] Generating mapping file for edu.common.dynamicextensions.domain.IdGenerator.
[hibernatedoclet]    edu.common.dynamicextensions.domain.IdGenerator
[hibernatedoclet] Generating mapping file for edu.common.dynamicextensions.domain.FileAttributeRecordValue.
[hibernatedoclet]    edu.common.dynamicextensions.domain.FileAttributeRecordValue
[hibernatedoclet] Generating mapping file for edu.common.dynamicextensions.domain.validationrules.Rule.
[hibernatedoclet]    edu.common.dynamicextensions.domain.validationrules.Rule
[hibernatedoclet] Generating mapping file for edu.common.dynamicextensions.domain.SemanticProperty.
[hibernatedoclet]    edu.common.dynamicextensions.domain.SemanticProperty
[hibernatedoclet] Generating mapping file for edu.common.dynamicextensions.domain.integration.EntityMapRecord.
[hibernatedoclet]    edu.common.dynamicextensions.domain.integration.EntityMapRecord
[hibernatedoclet] Generating mapping file for edu.common.dynamicextensions.domain.CaDSRValueDomainInfo.
[hibernatedoclet]    edu.common.dynamicextensions.domain.CaDSRValueDomainInfo
[hibernatedoclet] Generating mapping file for edu.common.dynamicextensions.domain.AssociationDisplayAttribute.
[hibernatedoclet]    edu.common.dynamicextensions.domain.AssociationDisplayAttribute
[hibernatedoclet] Generating mapping file for edu.common.dynamicextensions.domain.FormControlNotes.
[hibernatedoclet]    edu.common.dynamicextensions.domain.FormControlNotes
[hibernatedoclet] Generating mapping file for edu.common.dynamicextensions.domain.userinterface.Control.
[hibernatedoclet]    edu.common.dynamicextensions.domain.userinterface.Control
[hibernatedoclet]    edu.common.dynamicextensions.domain.userinterface.DataGrid
[hibernatedoclet]    edu.common.dynamicextensions.domain.userinterface.AbstractContainmentControl
[hibernatedoclet]    edu.common.dynamicextensions.domain.userinterface.ContainmentAssociationControl
[hibernatedoclet]    edu.common.dynamicextensions.domain.userinterface.CategoryAssociationControl
[hibernatedoclet]    edu.common.dynamicextensions.domain.userinterface.RadioButton
[hibernatedoclet]    edu.common.dynamicextensions.domain.userinterface.TextField
[hibernatedoclet]    edu.common.dynamicextensions.domain.userinterface.FileUploadControl
[hibernatedoclet]    edu.common.dynamicextensions.domain.userinterface.DatePicker
[hibernatedoclet]    edu.common.dynamicextensions.domain.userinterface.SelectControl
[hibernatedoclet]    edu.common.dynamicextensions.domain.userinterface.ListBox
[hibernatedoclet]    edu.common.dynamicextensions.domain.userinterface.ComboBox
[hibernatedoclet]    edu.common.dynamicextensions.domain.userinterface.Label
[hibernatedoclet]    edu.common.dynamicextensions.domain.userinterface.TextArea
[hibernatedoclet]    edu.common.dynamicextensions.domain.userinterface.CheckBox
[hibernatedoclet] Generating mapping file for edu.common.dynamicextensions.domain.CollectionAttributeRecordValue.
[hibernatedoclet]    edu.common.dynamicextensions.domain.CollectionAttributeRecordValue
[hibernatedoclet] Generating mapping file for edu.common.dynamicextensions.domain.integration.EntityMap.
[hibernatedoclet]    edu.common.dynamicextensions.domain.integration.EntityMap
[hibernatedoclet] Generating mapping file for edu.common.dynamicextensions.domain.TaggedValue.
[hibernatedoclet]    edu.common.dynamicextensions.domain.TaggedValue
[hibernatedoclet] Generating mapping file for edu.common.dynamicextensions.domain.Formula.
[hibernatedoclet]    edu.common.dynamicextensions.domain.Formula
     [move] Moving 1 file to D:\BDA\DynamicExtentions\software\DynamicExtentions\src\java\edu\common\dynamicextensions\domain\userinterface
     [copy] Copying 31 files to D:\BDA\DynamicExtentions\software\DynamicExtentions\src\java\edu\common\dynamicextensions\hbm
   [delete] Deleting directory D:\BDA\DynamicExtentions\software\DynamicExtentions\temp

build_jar:
 [buildJar] Building jar: D:\BDA\DynamicExtentions\software\DynamicExtentions\build\cawebeav.jar

build_app_war:
   [delete] Deleting: D:\BDA\DynamicExtentions\software\DynamicExtentions\dynamicExtensions.war
      [war] Building war: D:\BDA\DynamicExtentions\software\DynamicExtentions\dynamicExtensions.war
     [copy] Copying 1 file to D:\BDA\DynamicExtentions\software\target\dist\exploded\DynamicExtentions-webapp

generate_schema:
     [echo] false
     [java] INFO  [org.hibernate.cfg.Environment] 	Hibernate 3.1.3
     [java] INFO  [org.hibernate.cfg.Environment] 	loaded properties from resource hibernate.properties: {hibernate.statement_cache.size=25, hibernate.cglib.use_reflection_optimizer=true, hibernate.connection.pool_size=1, hibernate.use_outer_join=true, hibernate.show_sql=true}
     [java] INFO  [org.hibernate.cfg.Environment] 	using CGLIB reflection optimizer
     [java] INFO  [org.hibernate.cfg.Environment] 	using JDK 1.4 java.sql.Timestamp handling
     [java] java.lang.NullPointerException
	at org.apache.tools.ant.taskdefs.ExecuteJava.execute(ExecuteJava.java:194)
	at org.apache.tools.ant.taskdefs.Java.run(Java.java:764)
	at org.apache.tools.ant.taskdefs.Java.executeJava(Java.java:218)
	at org.apache.tools.ant.taskdefs.Java.executeJava(Java.java:132)
	at org.apache.tools.ant.taskdefs.Java.execute(Java.java:105)
	at org.apache.tools.ant.UnknownElement.execute(UnknownElement.java:288)
	at sun.reflect.NativeMethodAccessorImpl.invoke0(Native Method)
	at sun.reflect.NativeMethodAccessorImpl.invoke(NativeMethodAccessorImpl.java:39)
	at sun.reflect.DelegatingMethodAccessorImpl.invoke(DelegatingMethodAccessorImpl.java:25)
	at java.lang.reflect.Method.invoke(Method.java:585)
	at org.apache.tools.ant.dispatch.DispatchUtils.execute(DispatchUtils.java:106)
	at org.apache.tools.ant.Task.perform(Task.java:348)
	at org.apache.tools.ant.Target.execute(Target.java:357)
	at org.apache.tools.ant.Target.performTasks(Target.java:385)
	at org.apache.tools.ant.Project.executeSortedTargets(Project.java:1337)
	at org.apache.tools.ant.helper.SingleCheckExecutor.executeTargets(SingleCheckExecutor.java:38)
	at org.apache.tools.ant.Project.executeTargets(Project.java:1189)
	at org.apache.tools.ant.taskdefs.Ant.execute(Ant.java:416)
	at org.apache.tools.ant.UnknownElement.execute(UnknownElement.java:288)
	at sun.reflect.GeneratedMethodAccessor7.invoke(Unknown Source)
	at sun.reflect.DelegatingMethodAccessorImpl.invoke(DelegatingMethodAccessorImpl.java:25)
	at java.lang.reflect.Method.invoke(Method.java:585)
	at org.apache.tools.ant.dispatch.DispatchUtils.execute(DispatchUtils.java:106)
	at org.apache.tools.ant.Task.perform(Task.java:348)
	at org.apache.tools.ant.Target.execute(Target.java:357)
	at org.apache.tools.ant.Target.performTasks(Target.java:385)
	at org.apache.tools.ant.Project.executeSortedTargets(Project.java:1337)
	at org.apache.tools.ant.Project.executeTarget(Project.java:1306)
	at org.apache.tools.ant.helper.DefaultExecutor.executeTargets(DefaultExecutor.java:41)
	at org.apache.tools.ant.Project.executeTargets(Project.java:1189)
	at org.apache.tools.ant.Main.runBuild(Main.java:758)
	at org.apache.tools.ant.Main.startAnt(Main.java:217)
	at org.apache.tools.ant.launch.Launcher.run(Launcher.java:257)
	at org.apache.tools.ant.launch.Launcher.main(Launcher.java:104)
Caused by: java.lang.NullPointerException
	at org.hibernate.cfg.Configuration.addDirectory(Configuration.java:578)
	at edu.common.dynamicextensions.util.GenerateSchema.main(GenerateSchema.java:65)
	at sun.reflect.NativeMethodAccessorImpl.invoke0(Native Method)
	at sun.reflect.NativeMethodAccessorImpl.invoke(NativeMethodAccessorImpl.java:39)
	at sun.reflect.DelegatingMethodAccessorImpl.invoke(DelegatingMethodAccessorImpl.java:25)
	at java.lang.reflect.Method.invoke(Method.java:585)
	at org.apache.tools.ant.taskdefs.ExecuteJava.run(ExecuteJava.java:217)
	at org.apache.tools.ant.taskdefs.ExecuteJava.execute(ExecuteJava.java:152)
	... 33 more
--- Nested Exception ---
java.lang.NullPointerException
	at org.hibernate.cfg.Configuration.addDirectory(Configuration.java:578)
	at edu.common.dynamicextensions.util.GenerateSchema.main(GenerateSchema.java:65)
	at sun.reflect.NativeMethodAccessorImpl.invoke0(Native Method)
	at sun.reflect.NativeMethodAccessorImpl.invoke(NativeMethodAccessorImpl.java:39)
	at sun.reflect.DelegatingMethodAccessorImpl.invoke(DelegatingMethodAccessorImpl.java:25)
	at java.lang.reflect.Method.invoke(Method.java:585)
	at org.apache.tools.ant.taskdefs.ExecuteJava.run(ExecuteJava.java:217)
	at org.apache.tools.ant.taskdefs.ExecuteJava.execute(ExecuteJava.java:152)
	at org.apache.tools.ant.taskdefs.Java.run(Java.java:764)
	at org.apache.tools.ant.taskdefs.Java.executeJava(Java.java:218)
	at org.apache.tools.ant.taskdefs.Java.executeJava(Java.java:132)
	at org.apache.tools.ant.taskdefs.Java.execute(Java.java:105)
	at org.apache.tools.ant.UnknownElement.execute(UnknownElement.java:288)
	at sun.reflect.NativeMethodAccessorImpl.invoke0(Native Method)
	at sun.reflect.NativeMethodAccessorImpl.invoke(NativeMethodAccessorImpl.java:39)
	at sun.reflect.DelegatingMethodAccessorImpl.invoke(DelegatingMethodAccessorImpl.java:25)
	at java.lang.reflect.Method.invoke(Method.java:585)
	at org.apache.tools.ant.dispatch.DispatchUtils.execute(DispatchUtils.java:106)
	at org.apache.tools.ant.Task.perform(Task.java:348)
	at org.apache.tools.ant.Target.execute(Target.java:357)
	at org.apache.tools.ant.Target.performTasks(Target.java:385)
	at org.apache.tools.ant.Project.executeSortedTargets(Project.java:1337)
	at org.apache.tools.ant.helper.SingleCheckExecutor.executeTargets(SingleCheckExecutor.java:38)
	at org.apache.tools.ant.Project.executeTargets(Project.java:1189)
	at org.apache.tools.ant.taskdefs.Ant.execute(Ant.java:416)
	at org.apache.tools.ant.UnknownElement.execute(UnknownElement.java:288)
	at sun.reflect.GeneratedMethodAccessor7.invoke(Unknown Source)
	at sun.reflect.DelegatingMethodAccessorImpl.invoke(DelegatingMethodAccessorImpl.java:25)
	at java.lang.reflect.Method.invoke(Method.java:585)
	at org.apache.tools.ant.dispatch.DispatchUtils.execute(DispatchUtils.java:106)
	at org.apache.tools.ant.Task.perform(Task.java:348)
	at org.apache.tools.ant.Target.execute(Target.java:357)
	at org.apache.tools.ant.Target.performTasks(Target.java:385)
	at org.apache.tools.ant.Project.executeSortedTargets(Project.java:1337)
	at org.apache.tools.ant.Project.executeTarget(Project.java:1306)
	at org.apache.tools.ant.helper.DefaultExecutor.executeTargets(DefaultExecutor.java:41)
	at org.apache.tools.ant.Project.executeTargets(Project.java:1189)
	at org.apache.tools.ant.Main.runBuild(Main.java:758)
	at org.apache.tools.ant.Main.startAnt(Main.java:217)
	at org.apache.tools.ant.launch.Launcher.run(Launcher.java:257)
	at org.apache.tools.ant.launch.Launcher.main(Launcher.java:104)
     [java] Java Result: -1
      [sql] Executing resource: D:\BDA\DynamicExtentions\software\DynamicExtentions\db\db-install\MySql\dynamicextension.sql
      [sql] Failed to execute:  create table DE_COLL_ATTR_RECORD_VALUES (IDENTIFIER bigint not null auto_increment, RECORD_VALUE text, COLLECTION_ATTR_RECORD_ID bigint, primary key (IDENTIFIER))
      [sql] com.mysql.jdbc.exceptions.MySQLSyntaxErrorException: Table 'de_coll_attr_record_values' already exists
      [sql] Failed to execute:  create table DE_FILE_ATTR_RECORD_VALUES (IDENTIFIER bigint not null auto_increment, CONTENT_TYPE varchar(255), FILE_CONTENT blob, FILE_NAME varchar(255), RECORD_ID bigint, primary key (IDENTIFIER))
      [sql] com.mysql.jdbc.exceptions.MySQLSyntaxErrorException: Table 'de_file_attr_record_values' already exists
      [sql] Failed to execute:  create table DE_OBJECT_ATTR_RECORD_VALUES (IDENTIFIER bigint not null auto_increment, CLASS_NAME varchar(255), OBJECT_CONTENT blob, RECORD_ID bigint, primary key (IDENTIFIER))
      [sql] com.mysql.jdbc.exceptions.MySQLSyntaxErrorException: Table 'de_object_attr_record_values' already exists
      [sql] Failed to execute:  create table DYEXTN_ABSTRACT_ENTITY (id bigint not null, primary key (id))
      [sql] com.mysql.jdbc.exceptions.MySQLSyntaxErrorException: Table 'dyextn_abstract_entity' already exists
      [sql] Failed to execute:  create table DYEXTN_ABSTRACT_METADATA (IDENTIFIER bigint not null auto_increment, CREATED_DATE date, DESCRIPTION text, LAST_UPDATED date, NAME text, PUBLIC_ID varchar(255), primary key (IDENTIFIER))
      [sql] com.mysql.jdbc.exceptions.MySQLSyntaxErrorException: Table 'dyextn_abstract_metadata' already exists
      [sql] Failed to execute:  create table DYEXTN_ABSTR_CONTAIN_CTR (IDENTIFIER bigint not null, CONTAINER_ID bigint, primary key (IDENTIFIER))
      [sql] com.mysql.jdbc.exceptions.MySQLSyntaxErrorException: Table 'dyextn_abstr_contain_ctr' already exists
      [sql] Failed to execute:  create table DYEXTN_ASSOCIATION (IDENTIFIER bigint not null, DIRECTION varchar(255), TARGET_ENTITY_ID bigint, SOURCE_ROLE_ID bigint, TARGET_ROLE_ID bigint, IS_SYSTEM_GENERATED tinyint(1) default NULL, primary key (IDENTIFIER))
      [sql] com.mysql.jdbc.exceptions.MySQLSyntaxErrorException: Table 'dyextn_association' already exists
      [sql] Failed to execute:  create table DYEXTN_ASSO_DISPLAY_ATTR (IDENTIFIER bigint not null auto_increment, SEQUENCE_NUMBER integer, DISPLAY_ATTRIBUTE_ID bigint, SELECT_CONTROL_ID bigint, primary key (IDENTIFIER))
      [sql] com.mysql.jdbc.exceptions.MySQLSyntaxErrorException: Table 'dyextn_asso_display_attr' already exists
      [sql] Failed to execute:  create table DYEXTN_ATTRIBUTE (IDENTIFIER bigint not null, ENTIY_ID bigint, primary key (IDENTIFIER))
      [sql] com.mysql.jdbc.exceptions.MySQLSyntaxErrorException: Table 'dyextn_attribute' already exists
      [sql] Failed to execute:  create table DYEXTN_ATTRIBUTE_RECORD (IDENTIFIER bigint not null auto_increment, ENTITY_ID bigint, ATTRIBUTE_ID bigint, RECORD_ID bigint, primary key (IDENTIFIER))
      [sql] com.mysql.jdbc.exceptions.MySQLSyntaxErrorException: Table 'dyextn_attribute_record' already exists
      [sql] Failed to execute:  create table DYEXTN_ATTRIBUTE_TYPE_INFO (IDENTIFIER bigint not null auto_increment, PRIMITIVE_ATTRIBUTE_ID bigint, primary key (IDENTIFIER))
      [sql] com.mysql.jdbc.exceptions.MySQLSyntaxErrorException: Table 'dyextn_attribute_type_info' already exists
      [sql] Failed to execute:  create table DYEXTN_BARR_CONCEPT_VALUE (IDENTIFIER bigint not null, primary key (IDENTIFIER))
      [sql] com.mysql.jdbc.exceptions.MySQLSyntaxErrorException: Table 'dyextn_barr_concept_value' already exists
      [sql] Failed to execute:  create table DYEXTN_BASE_ABSTRACT_ATTRIBUTE (IDENTIFIER bigint not null, primary key (IDENTIFIER))
      [sql] com.mysql.jdbc.exceptions.MySQLSyntaxErrorException: Table 'dyextn_base_abstract_attribute' already exists
      [sql] Failed to execute:  create table DYEXTN_BOOLEAN_CONCEPT_VALUE (IDENTIFIER bigint not null, VALUE tinyint(1) default NULL, primary key (IDENTIFIER))
      [sql] com.mysql.jdbc.exceptions.MySQLSyntaxErrorException: Table 'dyextn_boolean_concept_value' already exists
      [sql] Failed to execute:  create table DYEXTN_BOOLEAN_TYPE_INFO (IDENTIFIER bigint not null, primary key (IDENTIFIER))
      [sql] com.mysql.jdbc.exceptions.MySQLSyntaxErrorException: Table 'dyextn_boolean_type_info' already exists
      [sql] Failed to execute:  create table DYEXTN_BYTE_ARRAY_TYPE_INFO (IDENTIFIER bigint not null, CONTENT_TYPE varchar(255), primary key (IDENTIFIER))
      [sql] com.mysql.jdbc.exceptions.MySQLSyntaxErrorException: Table 'dyextn_byte_array_type_info' already exists
      [sql] Failed to execute:  create table DYEXTN_CADSRDE (IDENTIFIER bigint not null, PUBLIC_ID varchar(255), primary key (IDENTIFIER))
      [sql] com.mysql.jdbc.exceptions.MySQLSyntaxErrorException: Table 'dyextn_cadsrde' already exists
      [sql] Failed to execute:  create table DYEXTN_CADSR_VALUE_DOMAIN_INFO (IDENTIFIER bigint not null auto_increment, DATATYPE varchar(255), NAME varchar(255), TYPE varchar(255), PRIMITIVE_ATTRIBUTE_ID bigint, primary key (IDENTIFIER))
      [sql] com.mysql.jdbc.exceptions.MySQLSyntaxErrorException: Table 'dyextn_cadsr_value_domain_info' already exists
      [sql] Failed to execute:  create table DYEXTN_CATEGORY (IDENTIFIER bigint not null, ROOT_CATEGORY_ELEMENT bigint, CATEGORY_ENTITY_ID bigint, primary key (IDENTIFIER))
      [sql] com.mysql.jdbc.exceptions.MySQLSyntaxErrorException: Table 'dyextn_category' already exists
      [sql] Failed to execute:  create table DYEXTN_CATEGORY_ASSOCIATION (IDENTIFIER bigint not null, CATEGORY_ENTIY_ID bigint, CATEGORY_ENTITY_ID bigint, primary key (IDENTIFIER))
      [sql] com.mysql.jdbc.exceptions.MySQLSyntaxErrorException: Table 'dyextn_category_association' already exists
      [sql] Failed to execute:  create table DYEXTN_CATEGORY_ATTRIBUTE (IDENTIFIER bigint not null, ATTRIBUTE_ID bigint, CATEGORY_ENTIY_ID bigint, IS_VISIBLE tinyint(1) default NULL, CATEGORY_ENTITY_ID bigint, primary key (IDENTIFIER))
      [sql] com.mysql.jdbc.exceptions.MySQLSyntaxErrorException: Table 'dyextn_category_attribute' already exists
      [sql] Failed to execute:  create table DYEXTN_CATEGORY_ENTITY (IDENTIFIER bigint not null, NUMBER_OF_ENTRIES integer, ENTITY_ID bigint, OWN_PARENT_CATEGORY_ENTITY_ID bigint, TREE_PARENT_CATEGORY_ENTITY_ID bigint, REL_ATTR_CAT_ENTITY_ID bigint, CATEGORY_ASSOCIATION_ID bigint, PARENT_CATEGORY_ENTITY_ID bigint, primary key (IDENTIFIER))
      [sql] com.mysql.jdbc.exceptions.MySQLSyntaxErrorException: Table 'dyextn_category_entity' already exists
      [sql] Failed to execute:  create table DYEXTN_CAT_ASSO_CTL (IDENTIFIER bigint not null, primary key (IDENTIFIER))
      [sql] com.mysql.jdbc.exceptions.MySQLSyntaxErrorException: Table 'dyextn_cat_asso_ctl' already exists
      [sql] Failed to execute:  create table DYEXTN_CHECK_BOX (IDENTIFIER bigint not null, primary key (IDENTIFIER))
      [sql] com.mysql.jdbc.exceptions.MySQLSyntaxErrorException: Table 'dyextn_check_box' already exists
      [sql] Failed to execute:  create table DYEXTN_COLUMN_PROPERTIES (IDENTIFIER bigint not null, CONSTRAINT_NAME varchar(255), PRIMITIVE_ATTRIBUTE_ID bigint, CATEGORY_ATTRIBUTE_ID bigint, primary key (IDENTIFIER))
      [sql] com.mysql.jdbc.exceptions.MySQLSyntaxErrorException: Table 'dyextn_column_properties' already exists
      [sql] Failed to execute:  create table DYEXTN_COMBOBOX (IDENTIFIER bigint not null, primary key (IDENTIFIER))
      [sql] com.mysql.jdbc.exceptions.MySQLSyntaxErrorException: Table 'dyextn_combobox' already exists
      [sql] Failed to execute:  create table DYEXTN_CONSTRAINT_PROPERTIES (IDENTIFIER bigint not null, SOURCE_ENTITY_KEY varchar(255), TARGET_ENTITY_KEY varchar(255), SRC_CONSTRAINT_NAME varchar(255), TARGET_CONSTRAINT_NAME varchar(255), ASSOCIATION_ID bigint, CATEGORY_ASSOCIATION_ID bigint, primary key (IDENTIFIER))
      [sql] com.mysql.jdbc.exceptions.MySQLSyntaxErrorException: Table 'dyextn_constraint_properties' already exists
      [sql] Failed to execute:  create table DYEXTN_CONTAINER (IDENTIFIER bigint not null auto_increment, BUTTON_CSS varchar(255), CAPTION varchar(255), ABSTRACT_ENTITY_ID bigint, MAIN_TABLE_CSS varchar(255), REQUIRED_FIELD_INDICATOR varchar(255), REQUIRED_FIELD_WARNING_MESSAGE varchar(255), TITLE_CSS varchar(255), BASE_CONTAINER_ID bigint, ADD_CAPTION tinyint(1) default NULL, ENTITY_GROUP_ID bigint, VIEW_ID bigint, primary key (IDENTIFIER))
      [sql] com.mysql.jdbc.exceptions.MySQLSyntaxErrorException: Table 'dyextn_container' already exists
      [sql] Failed to execute:  create table DYEXTN_CONTAINMENT_CONTROL (IDENTIFIER bigint not null, primary key (IDENTIFIER))
      [sql] com.mysql.jdbc.exceptions.MySQLSyntaxErrorException: Table 'dyextn_containment_control' already exists
      [sql] Failed to execute:  create table DYEXTN_CONTROL (IDENTIFIER bigint not null auto_increment, CAPTION varchar(255), CSS_CLASS varchar(255), HIDDEN tinyint(1) default NULL, NAME varchar(255), SEQUENCE_NUMBER integer, TOOLTIP varchar(255), CONTAINER_ID bigint, BASE_ABST_ATR_ID bigint, READ_ONLY tinyint(1) default NULL, primary key (IDENTIFIER))
      [sql] com.mysql.jdbc.exceptions.MySQLSyntaxErrorException: Table 'dyextn_control' already exists
      [sql] Failed to execute:  create table DYEXTN_DATABASE_PROPERTIES (IDENTIFIER bigint not null auto_increment, NAME varchar(255), primary key (IDENTIFIER))
      [sql] com.mysql.jdbc.exceptions.MySQLSyntaxErrorException: Table 'dyextn_database_properties' already exists
      [sql] Failed to execute:  create table DYEXTN_DATA_ELEMENT (IDENTIFIER bigint not null auto_increment, CATEGORY_ATTRIBUTE_ID bigint, ATTRIBUTE_TYPE_INFO_ID bigint, primary key (IDENTIFIER))
      [sql] com.mysql.jdbc.exceptions.MySQLSyntaxErrorException: Table 'dyextn_data_element' already exists
      [sql] Failed to execute:  create table DYEXTN_DATA_GRID (IDENTIFIER bigint not null, primary key (IDENTIFIER))
      [sql] com.mysql.jdbc.exceptions.MySQLSyntaxErrorException: Table 'dyextn_data_grid' already exists
      [sql] Failed to execute:  create table DYEXTN_DATEPICKER (IDENTIFIER bigint not null, DATE_VALUE_TYPE varchar(255), primary key (IDENTIFIER))
      [sql] com.mysql.jdbc.exceptions.MySQLSyntaxErrorException: Table 'dyextn_datepicker' already exists
      [sql] Failed to execute:  create table DYEXTN_DATE_CONCEPT_VALUE (IDENTIFIER bigint not null, VALUE datetime, primary key (IDENTIFIER))
      [sql] com.mysql.jdbc.exceptions.MySQLSyntaxErrorException: Table 'dyextn_date_concept_value' already exists
      [sql] Failed to execute:  create table DYEXTN_DATE_TYPE_INFO (IDENTIFIER bigint not null, FORMAT varchar(255), primary key (IDENTIFIER))
      [sql] com.mysql.jdbc.exceptions.MySQLSyntaxErrorException: Table 'dyextn_date_type_info' already exists
      [sql] Failed to execute:  create table DYEXTN_DOUBLE_CONCEPT_VALUE (IDENTIFIER bigint not null, VALUE double precision, primary key (IDENTIFIER))
      [sql] com.mysql.jdbc.exceptions.MySQLSyntaxErrorException: Table 'dyextn_double_concept_value' already exists
      [sql] Failed to execute:  create table DYEXTN_DOUBLE_TYPE_INFO (IDENTIFIER bigint not null, primary key (IDENTIFIER))
      [sql] com.mysql.jdbc.exceptions.MySQLSyntaxErrorException: Table 'dyextn_double_type_info' already exists
      [sql] Failed to execute:  create table DYEXTN_ENTITY (IDENTIFIER bigint not null, DATA_TABLE_STATE integer, ENTITY_GROUP_ID bigint, IS_ABSTRACT tinyint(1) default NULL, PARENT_ENTITY_ID bigint, INHERITANCE_STRATEGY integer, DISCRIMINATOR_COLUMN_NAME varchar(255), DISCRIMINATOR_VALUE varchar(255), primary key (IDENTIFIER))
      [sql] com.mysql.jdbc.exceptions.MySQLSyntaxErrorException: Table 'dyextn_entity' already exists
      [sql] Failed to execute:  create table DYEXTN_ENTITY_GROUP (IDENTIFIER bigint not null, LONG_NAME varchar(255), SHORT_NAME varchar(255), VERSION varchar(255), IS_SYSTEM_GENERATED tinyint(1) default NULL, primary key (IDENTIFIER))
      [sql] com.mysql.jdbc.exceptions.MySQLSyntaxErrorException: Table 'dyextn_entity_group' already exists
      [sql] Failed to execute:  create table DYEXTN_ENTITY_MAP (IDENTIFIER bigint not null auto_increment, CONTAINER_ID bigint, STATUS varchar(10), STATIC_ENTITY_ID bigint, CREATED_DATE date, CREATED_BY varchar(255), primary key (IDENTIFIER))
      [sql] com.mysql.jdbc.exceptions.MySQLSyntaxErrorException: Table 'dyextn_entity_map' already exists
      [sql] Failed to execute:  create table DYEXTN_ENTITY_MAP_CONDNS (IDENTIFIER bigint not null auto_increment, STATIC_RECORD_ID bigint, TYPE_ID bigint, FORM_CONTEXT_ID bigint, primary key (IDENTIFIER))
      [sql] com.mysql.jdbc.exceptions.MySQLSyntaxErrorException: Table 'dyextn_entity_map_condns' already exists
      [sql] Failed to execute:  create table DYEXTN_ENTITY_MAP_RECORD (IDENTIFIER bigint not null auto_increment, FORM_CONTEXT_ID bigint, STATIC_ENTITY_RECORD_ID bigint, STATUS varchar(10), DYNAMIC_ENTITY_RECORD_ID bigint, MODIFIED_DATE date, CREATED_DATE date, CREATED_BY varchar(255), primary key (IDENTIFIER))
      [sql] com.mysql.jdbc.exceptions.MySQLSyntaxErrorException: Table 'dyextn_entity_map_record' already exists
      [sql] Failed to execute:  create table DYEXTN_FILE_EXTENSIONS (IDENTIFIER bigint not null auto_increment, FILE_EXTENSION varchar(255), ATTRIBUTE_ID bigint, primary key (IDENTIFIER))
      [sql] com.mysql.jdbc.exceptions.MySQLSyntaxErrorException: Table 'dyextn_file_extensions' already exists
      [sql] Failed to execute:  create table DYEXTN_FILE_TYPE_INFO (IDENTIFIER bigint not null, MAX_FILE_SIZE float, primary key (IDENTIFIER))
      [sql] com.mysql.jdbc.exceptions.MySQLSyntaxErrorException: Table 'dyextn_file_type_info' already exists
      [sql] Failed to execute:  create table DYEXTN_FILE_UPLOAD (IDENTIFIER bigint not null, NO_OF_COLUMNS integer, primary key (IDENTIFIER))
      [sql] com.mysql.jdbc.exceptions.MySQLSyntaxErrorException: Table 'dyextn_file_upload' already exists
      [sql] Failed to execute:  create table DYEXTN_FLOAT_CONCEPT_VALUE (IDENTIFIER bigint not null, VALUE float, primary key (IDENTIFIER))
      [sql] com.mysql.jdbc.exceptions.MySQLSyntaxErrorException: Table 'dyextn_float_concept_value' already exists
      [sql] Failed to execute:  create table DYEXTN_FLOAT_TYPE_INFO (IDENTIFIER bigint not null, primary key (IDENTIFIER))
      [sql] com.mysql.jdbc.exceptions.MySQLSyntaxErrorException: Table 'dyextn_float_type_info' already exists
      [sql] Failed to execute:  create table DYEXTN_FORM_CONTEXT (IDENTIFIER bigint not null auto_increment, IS_INFINITE_ENTRY tinyint(1) default NULL, ENTITY_MAP_ID bigint, STUDY_FORM_LABEL varchar(255), NO_OF_ENTRIES integer, primary key (IDENTIFIER))
      [sql] com.mysql.jdbc.exceptions.MySQLSyntaxErrorException: Table 'dyextn_form_context' already exists
      [sql] Failed to execute:  create table DYEXTN_INTEGER_CONCEPT_VALUE (IDENTIFIER bigint not null, VALUE integer, primary key (IDENTIFIER))
      [sql] com.mysql.jdbc.exceptions.MySQLSyntaxErrorException: Table 'dyextn_integer_concept_value' already exists
      [sql] Failed to execute:  create table DYEXTN_INTEGER_TYPE_INFO (IDENTIFIER bigint not null, primary key (IDENTIFIER))
      [sql] com.mysql.jdbc.exceptions.MySQLSyntaxErrorException: Table 'dyextn_integer_type_info' already exists
      [sql] Failed to execute:  create table DYEXTN_LIST_BOX (IDENTIFIER bigint not null, MULTISELECT tinyint(1) default NULL, primary key (IDENTIFIER))
      [sql] com.mysql.jdbc.exceptions.MySQLSyntaxErrorException: Table 'dyextn_list_box' already exists
      [sql] Failed to execute:  create table DYEXTN_LONG_CONCEPT_VALUE (IDENTIFIER bigint not null, VALUE bigint, primary key (IDENTIFIER))
      [sql] com.mysql.jdbc.exceptions.MySQLSyntaxErrorException: Table 'dyextn_long_concept_value' already exists
      [sql] Failed to execute:  create table DYEXTN_LONG_TYPE_INFO (IDENTIFIER bigint not null, primary key (IDENTIFIER))
      [sql] com.mysql.jdbc.exceptions.MySQLSyntaxErrorException: Table 'dyextn_long_type_info' already exists
      [sql] Failed to execute:  create table DYEXTN_NUMERIC_TYPE_INFO (IDENTIFIER bigint not null, MEASUREMENT_UNITS varchar(255), DECIMAL_PLACES integer, NO_DIGITS integer, primary key (IDENTIFIER))
      [sql] com.mysql.jdbc.exceptions.MySQLSyntaxErrorException: Table 'dyextn_numeric_type_info' already exists
      [sql] Failed to execute:  create table DYEXTN_OBJECT_TYPE_INFO (IDENTIFIER bigint not null, primary key (IDENTIFIER))
      [sql] com.mysql.jdbc.exceptions.MySQLSyntaxErrorException: Table 'dyextn_object_type_info' already exists
      [sql] Failed to execute:  create table DYEXTN_PATH (IDENTIFIER bigint not null auto_increment, CATEGORY_ENTITY_ID bigint, primary key (IDENTIFIER))
      [sql] com.mysql.jdbc.exceptions.MySQLSyntaxErrorException: Table 'dyextn_path' already exists
      [sql] Failed to execute:  create table DYEXTN_PATH_ASSO_REL (IDENTIFIER bigint not null auto_increment, PATH_ID bigint, ASSOCIATION_ID bigint, PATH_SEQUENCE_NUMBER integer, SRC_INSTANCE_ID bigint, TGT_INSTANCE_ID bigint, primary key (IDENTIFIER))
      [sql] com.mysql.jdbc.exceptions.MySQLSyntaxErrorException: Table 'dyextn_path_asso_rel' already exists
      [sql] Failed to execute:  create table DYEXTN_PERMISSIBLE_VALUE (IDENTIFIER bigint not null auto_increment, DESCRIPTION varchar(255), CATEGORY_ATTRIBUTE_ID bigint, ATTRIBUTE_TYPE_INFO_ID bigint, primary key (IDENTIFIER))
      [sql] com.mysql.jdbc.exceptions.MySQLSyntaxErrorException: Table 'dyextn_permissible_value' already exists
      [sql] Failed to execute:  create table DYEXTN_PRIMITIVE_ATTRIBUTE (IDENTIFIER bigint not null, IS_COLLECTION tinyint(1) default NULL, IS_IDENTIFIED tinyint(1) default NULL, IS_PRIMARY_KEY tinyint(1) default NULL, IS_NULLABLE tinyint(1) default NULL, primary key (IDENTIFIER))
      [sql] com.mysql.jdbc.exceptions.MySQLSyntaxErrorException: Table 'dyextn_primitive_attribute' already exists
      [sql] Failed to execute:  create table DYEXTN_RADIOBUTTON (IDENTIFIER bigint not null, primary key (IDENTIFIER))
      [sql] com.mysql.jdbc.exceptions.MySQLSyntaxErrorException: Table 'dyextn_radiobutton' already exists
      [sql] Failed to execute:  create table DYEXTN_ROLE (IDENTIFIER bigint not null auto_increment, ASSOCIATION_TYPE varchar(255), MAX_CARDINALITY integer, MIN_CARDINALITY integer, NAME varchar(255), primary key (IDENTIFIER))
      [sql] com.mysql.jdbc.exceptions.MySQLSyntaxErrorException: Table 'dyextn_role' already exists
      [sql] Failed to execute:  create table DYEXTN_RULE (IDENTIFIER bigint not null auto_increment, NAME varchar(255), ATTRIBUTE_ID bigint, primary key (IDENTIFIER))
      [sql] com.mysql.jdbc.exceptions.MySQLSyntaxErrorException: Table 'dyextn_rule' already exists
      [sql] Failed to execute:  create table DYEXTN_RULE_PARAMETER (IDENTIFIER bigint not null auto_increment, NAME varchar(255), VALUE varchar(255), RULE_ID bigint, primary key (IDENTIFIER))
      [sql] com.mysql.jdbc.exceptions.MySQLSyntaxErrorException: Table 'dyextn_rule_parameter' already exists
      [sql] Failed to execute:  create table DYEXTN_SELECT_CONTROL (IDENTIFIER bigint not null, SEPARATOR_STRING varchar(255), primary key (IDENTIFIER))
      [sql] com.mysql.jdbc.exceptions.MySQLSyntaxErrorException: Table 'dyextn_select_control' already exists
      [sql] Failed to execute:  create table DYEXTN_SEMANTIC_PROPERTY (IDENTIFIER bigint not null auto_increment, CONCEPT_CODE varchar(255), TERM varchar(255), THESAURAS_NAME varchar(255), SEQUENCE_NUMBER integer, CONCEPT_DEFINITION varchar(255), ABSTRACT_METADATA_ID bigint, ABSTRACT_VALUE_ID bigint, primary key (IDENTIFIER))
      [sql] com.mysql.jdbc.exceptions.MySQLSyntaxErrorException: Table 'dyextn_semantic_property' already exists
      [sql] Failed to execute:  create table DYEXTN_SHORT_CONCEPT_VALUE (IDENTIFIER bigint not null, VALUE smallint, primary key (IDENTIFIER))
      [sql] com.mysql.jdbc.exceptions.MySQLSyntaxErrorException: Table 'dyextn_short_concept_value' already exists
      [sql] Failed to execute:  create table DYEXTN_SHORT_TYPE_INFO (IDENTIFIER bigint not null, primary key (IDENTIFIER))
      [sql] com.mysql.jdbc.exceptions.MySQLSyntaxErrorException: Table 'dyextn_short_type_info' already exists
      [sql] Failed to execute:  create table DYEXTN_SQL_AUDIT (IDENTIFIER bigint not null auto_increment, AUDIT_DATE date, QUERY_EXECUTED text, USER_ID bigint, primary key (IDENTIFIER))
      [sql] com.mysql.jdbc.exceptions.MySQLSyntaxErrorException: Table 'dyextn_sql_audit' already exists
      [sql] Failed to execute:  create table DYEXTN_STRING_CONCEPT_VALUE (IDENTIFIER bigint not null, VALUE varchar(255), primary key (IDENTIFIER))
      [sql] com.mysql.jdbc.exceptions.MySQLSyntaxErrorException: Table 'dyextn_string_concept_value' already exists
      [sql] Failed to execute:  create table DYEXTN_STRING_TYPE_INFO (IDENTIFIER bigint not null, MAX_SIZE integer, primary key (IDENTIFIER))
      [sql] com.mysql.jdbc.exceptions.MySQLSyntaxErrorException: Table 'dyextn_string_type_info' already exists
      [sql] Failed to execute:  create table DYEXTN_TABLE_PROPERTIES (IDENTIFIER bigint not null, CONSTRAINT_NAME varchar(255), ABSTRACT_ENTITY_ID bigint, primary key (IDENTIFIER))
      [sql] com.mysql.jdbc.exceptions.MySQLSyntaxErrorException: Table 'dyextn_table_properties' already exists
      [sql] Failed to execute:  create table DYEXTN_TAGGED_VALUE (IDENTIFIER bigint not null auto_increment, T_KEY varchar(255), T_VALUE varchar(255), ABSTRACT_METADATA_ID bigint, primary key (IDENTIFIER))
      [sql] com.mysql.jdbc.exceptions.MySQLSyntaxErrorException: Table 'dyextn_tagged_value' already exists
      [sql] Failed to execute:  create table DYEXTN_TEXTAREA (IDENTIFIER bigint not null, TEXTAREA_COLUMNS integer, TEXTAREA_ROWS integer, primary key (IDENTIFIER))
      [sql] com.mysql.jdbc.exceptions.MySQLSyntaxErrorException: Table 'dyextn_textarea' already exists
      [sql] Failed to execute:  create table DYEXTN_TEXTFIELD (IDENTIFIER bigint not null, NO_OF_COLUMNS integer, IS_PASSWORD tinyint(1) default NULL, IS_URL tinyint(1) default NULL, primary key (IDENTIFIER))
      [sql] com.mysql.jdbc.exceptions.MySQLSyntaxErrorException: Table 'dyextn_textfield' already exists
      [sql] Failed to execute:  create table DYEXTN_USERDEFINED_DE (IDENTIFIER bigint not null, primary key (IDENTIFIER))
      [sql] com.mysql.jdbc.exceptions.MySQLSyntaxErrorException: Table 'dyextn_userdefined_de' already exists
      [sql] Failed to execute:  create table DYEXTN_USERDEF_DE_VALUE_REL (USER_DEF_DE_ID bigint not null, PERMISSIBLE_VALUE_ID bigint not null, primary key (USER_DEF_DE_ID, PERMISSIBLE_VALUE_ID))
      [sql] com.mysql.jdbc.exceptions.MySQLSyntaxErrorException: Table 'dyextn_userdef_de_value_rel' already exists
      [sql] Failed to execute:  create table DYEXTN_VIEW (IDENTIFIER bigint not null auto_increment, NAME varchar(255), primary key (IDENTIFIER))
      [sql] com.mysql.jdbc.exceptions.MySQLSyntaxErrorException: Table 'dyextn_view' already exists
      [sql] Failed to execute:  create table dyextn_id_generator (id bigint not null, next_available_id bigint, primary key (id))
      [sql] com.mysql.jdbc.exceptions.MySQLSyntaxErrorException: Table 'dyextn_id_generator' already exists
      [sql] Failed to execute:  alter table DE_COLL_ATTR_RECORD_VALUES add index FK847DA57775255CA5 (COLLECTION_ATTR_RECORD_ID), add constraint FK847DA57775255CA5 foreign key (COLLECTION_ATTR_RECORD_ID) references DYEXTN_ATTRIBUTE_RECORD (IDENTIFIER)
      [sql] com.mysql.jdbc.exceptions.MySQLSyntaxErrorException: Duplicate key name 'FK847DA57775255CA5'
      [sql] Failed to execute:  alter table DE_FILE_ATTR_RECORD_VALUES add index FKE68334E74EB991B2 (RECORD_ID), add constraint FKE68334E74EB991B2 foreign key (RECORD_ID) references DYEXTN_ATTRIBUTE_RECORD (IDENTIFIER)
      [sql] com.mysql.jdbc.exceptions.MySQLSyntaxErrorException: Duplicate key name 'FKE68334E74EB991B2'
      [sql] Failed to execute:  alter table DE_OBJECT_ATTR_RECORD_VALUES add index FK504EADC44EB991B2 (RECORD_ID), add constraint FK504EADC44EB991B2 foreign key (RECORD_ID) references DYEXTN_ATTRIBUTE_RECORD (IDENTIFIER)
      [sql] com.mysql.jdbc.exceptions.MySQLSyntaxErrorException: Duplicate key name 'FK504EADC44EB991B2'
      [sql] Failed to execute:  alter table DYEXTN_ABSTRACT_ENTITY add index FKA4A164E3D3027A30 (id), add constraint FKA4A164E3D3027A30 foreign key (id) references DYEXTN_ABSTRACT_METADATA (IDENTIFIER)
      [sql] com.mysql.jdbc.exceptions.MySQLSyntaxErrorException: Duplicate key name 'FKA4A164E3D3027A30'
      [sql] Failed to execute:  alter table DYEXTN_ABSTR_CONTAIN_CTR add index FK9EB9020A40F198C2 (IDENTIFIER), add constraint FK9EB9020A40F198C2 foreign key (IDENTIFIER) references DYEXTN_CONTROL (IDENTIFIER)
      [sql] com.mysql.jdbc.exceptions.MySQLSyntaxErrorException: Duplicate key name 'FK9EB9020A40F198C2'
      [sql] Failed to execute:  alter table DYEXTN_ABSTR_CONTAIN_CTR add index FK9EB9020A69935DD6 (CONTAINER_ID), add constraint FK9EB9020A69935DD6 foreign key (CONTAINER_ID) references DYEXTN_CONTAINER (IDENTIFIER)
      [sql] com.mysql.jdbc.exceptions.MySQLSyntaxErrorException: Duplicate key name 'FK9EB9020A69935DD6'
      [sql] Failed to execute:  alter table DYEXTN_ASSOCIATION add index FK1046842439780F7A (SOURCE_ROLE_ID), add constraint FK1046842439780F7A foreign key (SOURCE_ROLE_ID) references DYEXTN_ROLE (IDENTIFIER)
      [sql] com.mysql.jdbc.exceptions.MySQLSyntaxErrorException: Duplicate key name 'FK1046842439780F7A'
      [sql] Failed to execute:  alter table DYEXTN_ASSOCIATION add index FK104684242BD842F0 (TARGET_ROLE_ID), add constraint FK104684242BD842F0 foreign key (TARGET_ROLE_ID) references DYEXTN_ROLE (IDENTIFIER)
      [sql] com.mysql.jdbc.exceptions.MySQLSyntaxErrorException: Duplicate key name 'FK104684242BD842F0'
      [sql] Failed to execute:  alter table DYEXTN_ASSOCIATION add index FK1046842440738A50 (TARGET_ENTITY_ID), add constraint FK1046842440738A50 foreign key (TARGET_ENTITY_ID) references DYEXTN_ENTITY (IDENTIFIER)
      [sql] com.mysql.jdbc.exceptions.MySQLSyntaxErrorException: Duplicate key name 'FK1046842440738A50'
      [sql] Failed to execute:  alter table DYEXTN_ASSOCIATION add index FK104684246D19A21F (IDENTIFIER), add constraint FK104684246D19A21F foreign key (IDENTIFIER) references DYEXTN_ATTRIBUTE (IDENTIFIER)
      [sql] com.mysql.jdbc.exceptions.MySQLSyntaxErrorException: Duplicate key name 'FK104684246D19A21F'
      [sql] Failed to execute:  alter table DYEXTN_ASSO_DISPLAY_ATTR add index FKD12FD3827FD29CDD (SELECT_CONTROL_ID), add constraint FKD12FD3827FD29CDD foreign key (SELECT_CONTROL_ID) references DYEXTN_SELECT_CONTROL (IDENTIFIER)
      [sql] com.mysql.jdbc.exceptions.MySQLSyntaxErrorException: Duplicate key name 'FKD12FD3827FD29CDD'
      [sql] Failed to execute:  alter table DYEXTN_ASSO_DISPLAY_ATTR add index FKD12FD38235D6E973 (DISPLAY_ATTRIBUTE_ID), add constraint FKD12FD38235D6E973 foreign key (DISPLAY_ATTRIBUTE_ID) references DYEXTN_PRIMITIVE_ATTRIBUTE (IDENTIFIER)
      [sql] com.mysql.jdbc.exceptions.MySQLSyntaxErrorException: Duplicate key name 'FKD12FD38235D6E973'
      [sql] Failed to execute:  alter table DYEXTN_ATTRIBUTE add index FK37F1E2FFF99EA906 (ENTIY_ID), add constraint FK37F1E2FFF99EA906 foreign key (ENTIY_ID) references DYEXTN_ENTITY (IDENTIFIER)
      [sql] com.mysql.jdbc.exceptions.MySQLSyntaxErrorException: Duplicate key name 'FK37F1E2FFF99EA906'
      [sql] Failed to execute:  alter table DYEXTN_ATTRIBUTE add index FK37F1E2FF5CC8694E (IDENTIFIER), add constraint FK37F1E2FF5CC8694E foreign key (IDENTIFIER) references DYEXTN_BASE_ABSTRACT_ATTRIBUTE (IDENTIFIER)
      [sql] com.mysql.jdbc.exceptions.MySQLSyntaxErrorException: Duplicate key name 'FK37F1E2FF5CC8694E'
      [sql] Failed to execute:  alter table DYEXTN_ATTRIBUTE_RECORD add index FK9B20ED914AC41F7E (ENTITY_ID), add constraint FK9B20ED914AC41F7E foreign key (ENTITY_ID) references DYEXTN_ENTITY (IDENTIFIER)
      [sql] com.mysql.jdbc.exceptions.MySQLSyntaxErrorException: Duplicate key name 'FK9B20ED914AC41F7E'
      [sql] Failed to execute:  alter table DYEXTN_ATTRIBUTE_RECORD add index FK9B20ED914DC2CD16 (ATTRIBUTE_ID), add constraint FK9B20ED914DC2CD16 foreign key (ATTRIBUTE_ID) references DYEXTN_PRIMITIVE_ATTRIBUTE (IDENTIFIER)
      [sql] com.mysql.jdbc.exceptions.MySQLSyntaxErrorException: Duplicate key name 'FK9B20ED914DC2CD16'
      [sql] Failed to execute:  alter table DYEXTN_ATTRIBUTE_TYPE_INFO add index FK62596D531333996E (PRIMITIVE_ATTRIBUTE_ID), add constraint FK62596D531333996E foreign key (PRIMITIVE_ATTRIBUTE_ID) references DYEXTN_PRIMITIVE_ATTRIBUTE (IDENTIFIER)
      [sql] com.mysql.jdbc.exceptions.MySQLSyntaxErrorException: Duplicate key name 'FK62596D531333996E'
      [sql] Failed to execute:  alter table DYEXTN_BARR_CONCEPT_VALUE add index FK89D27DF74641D513 (IDENTIFIER), add constraint FK89D27DF74641D513 foreign key (IDENTIFIER) references DYEXTN_PERMISSIBLE_VALUE (IDENTIFIER)
      [sql] com.mysql.jdbc.exceptions.MySQLSyntaxErrorException: Duplicate key name 'FK89D27DF74641D513'
      [sql] Failed to execute:  alter table DYEXTN_BASE_ABSTRACT_ATTRIBUTE add index FK14BA6610728B19BE (IDENTIFIER), add constraint FK14BA6610728B19BE foreign key (IDENTIFIER) references DYEXTN_ABSTRACT_METADATA (IDENTIFIER)
      [sql] com.mysql.jdbc.exceptions.MySQLSyntaxErrorException: Duplicate key name 'FK14BA6610728B19BE'
      [sql] Failed to execute:  alter table DYEXTN_BOOLEAN_CONCEPT_VALUE add index FK57B6C4A64641D513 (IDENTIFIER), add constraint FK57B6C4A64641D513 foreign key (IDENTIFIER) references DYEXTN_PERMISSIBLE_VALUE (IDENTIFIER)
      [sql] com.mysql.jdbc.exceptions.MySQLSyntaxErrorException: Duplicate key name 'FK57B6C4A64641D513'
      [sql] Failed to execute:  alter table DYEXTN_BOOLEAN_TYPE_INFO add index FK28F1809FE5294FA3 (IDENTIFIER), add constraint FK28F1809FE5294FA3 foreign key (IDENTIFIER) references DYEXTN_ATTRIBUTE_TYPE_INFO (IDENTIFIER)
      [sql] com.mysql.jdbc.exceptions.MySQLSyntaxErrorException: Duplicate key name 'FK28F1809FE5294FA3'
      [sql] Failed to execute:  alter table DYEXTN_BYTE_ARRAY_TYPE_INFO add index FK18BDA73E5294FA3 (IDENTIFIER), add constraint FK18BDA73E5294FA3 foreign key (IDENTIFIER) references DYEXTN_ATTRIBUTE_TYPE_INFO (IDENTIFIER)
      [sql] com.mysql.jdbc.exceptions.MySQLSyntaxErrorException: Duplicate key name 'FK18BDA73E5294FA3'
      [sql] Failed to execute:  alter table DYEXTN_CADSRDE add index FK588A250953CC4A77 (IDENTIFIER), add constraint FK588A250953CC4A77 foreign key (IDENTIFIER) references DYEXTN_DATA_ELEMENT (IDENTIFIER)
      [sql] com.mysql.jdbc.exceptions.MySQLSyntaxErrorException: Duplicate key name 'FK588A250953CC4A77'
      [sql] Failed to execute:  alter table DYEXTN_CADSR_VALUE_DOMAIN_INFO add index FK1C9AA3641333996E (PRIMITIVE_ATTRIBUTE_ID), add constraint FK1C9AA3641333996E foreign key (PRIMITIVE_ATTRIBUTE_ID) references DYEXTN_PRIMITIVE_ATTRIBUTE (IDENTIFIER)
      [sql] com.mysql.jdbc.exceptions.MySQLSyntaxErrorException: Duplicate key name 'FK1C9AA3641333996E'
      [sql] Failed to execute:  alter table DYEXTN_CATEGORY add index FKD33DE81B54A9F59D (ROOT_CATEGORY_ELEMENT), add constraint FKD33DE81B54A9F59D foreign key (ROOT_CATEGORY_ELEMENT) references DYEXTN_CATEGORY_ENTITY (IDENTIFIER)
      [sql] com.mysql.jdbc.exceptions.MySQLSyntaxErrorException: Duplicate key name 'FKD33DE81B54A9F59D'
      [sql] Failed to execute:  alter table DYEXTN_CATEGORY add index FKD33DE81B728B19BE (IDENTIFIER), add constraint FKD33DE81B728B19BE foreign key (IDENTIFIER) references DYEXTN_ABSTRACT_METADATA (IDENTIFIER)
      [sql] com.mysql.jdbc.exceptions.MySQLSyntaxErrorException: Duplicate key name 'FKD33DE81B728B19BE'
      [sql] Failed to execute:  alter table DYEXTN_CATEGORY add index FKD33DE81B854AC01B (CATEGORY_ENTITY_ID), add constraint FKD33DE81B854AC01B foreign key (CATEGORY_ENTITY_ID) references DYEXTN_CATEGORY_ENTITY (IDENTIFIER)
      [sql] com.mysql.jdbc.exceptions.MySQLSyntaxErrorException: Duplicate key name 'FKD33DE81B854AC01B'
      [sql] Failed to execute:  alter table DYEXTN_CATEGORY_ASSOCIATION add index FK1B7C663DCAC769C5 (CATEGORY_ENTIY_ID), add constraint FK1B7C663DCAC769C5 foreign key (CATEGORY_ENTIY_ID) references DYEXTN_CATEGORY_ENTITY (IDENTIFIER)
      [sql] com.mysql.jdbc.exceptions.MySQLSyntaxErrorException: Duplicate key name 'FK1B7C663DCAC769C5'
      [sql] Failed to execute:  alter table DYEXTN_CATEGORY_ASSOCIATION add index FK1B7C663D5CC8694E (IDENTIFIER), add constraint FK1B7C663D5CC8694E foreign key (IDENTIFIER) references DYEXTN_BASE_ABSTRACT_ATTRIBUTE (IDENTIFIER)
      [sql] com.mysql.jdbc.exceptions.MySQLSyntaxErrorException: Duplicate key name 'FK1B7C663D5CC8694E'
      [sql] Failed to execute:  alter table DYEXTN_CATEGORY_ASSOCIATION add index FK1B7C663D854AC01B (CATEGORY_ENTITY_ID), add constraint FK1B7C663D854AC01B foreign key (CATEGORY_ENTITY_ID) references DYEXTN_CATEGORY_ENTITY (IDENTIFIER)
      [sql] com.mysql.jdbc.exceptions.MySQLSyntaxErrorException: Duplicate key name 'FK1B7C663D854AC01B'
      [sql] Failed to execute:  alter table DYEXTN_CATEGORY_ATTRIBUTE add index FKEF3B7758CAC769C5 (CATEGORY_ENTIY_ID), add constraint FKEF3B7758CAC769C5 foreign key (CATEGORY_ENTIY_ID) references DYEXTN_CATEGORY_ENTITY (IDENTIFIER)
      [sql] com.mysql.jdbc.exceptions.MySQLSyntaxErrorException: Duplicate key name 'FKEF3B7758CAC769C5'
      [sql] Failed to execute:  alter table DYEXTN_CATEGORY_ATTRIBUTE add index FKEF3B77585CC8694E (IDENTIFIER), add constraint FKEF3B77585CC8694E foreign key (IDENTIFIER) references DYEXTN_BASE_ABSTRACT_ATTRIBUTE (IDENTIFIER)
      [sql] com.mysql.jdbc.exceptions.MySQLSyntaxErrorException: Duplicate key name 'FKEF3B77585CC8694E'
      [sql] Failed to execute:  alter table DYEXTN_CATEGORY_ATTRIBUTE add index FKEF3B7758854AC01B (CATEGORY_ENTITY_ID), add constraint FKEF3B7758854AC01B foreign key (CATEGORY_ENTITY_ID) references DYEXTN_CATEGORY_ENTITY (IDENTIFIER)
      [sql] com.mysql.jdbc.exceptions.MySQLSyntaxErrorException: Duplicate key name 'FKEF3B7758854AC01B'
      [sql] Failed to execute:  alter table DYEXTN_CATEGORY_ATTRIBUTE add index FKEF3B77584DC2CD16 (ATTRIBUTE_ID), add constraint FKEF3B77584DC2CD16 foreign key (ATTRIBUTE_ID) references DYEXTN_PRIMITIVE_ATTRIBUTE (IDENTIFIER)
      [sql] com.mysql.jdbc.exceptions.MySQLSyntaxErrorException: Duplicate key name 'FKEF3B77584DC2CD16'
      [sql] Failed to execute:  alter table DYEXTN_CATEGORY_ENTITY add index FK9F2DA887FB6EB979 (CATEGORY_ASSOCIATION_ID), add constraint FK9F2DA887FB6EB979 foreign key (CATEGORY_ASSOCIATION_ID) references DYEXTN_CATEGORY_ASSOCIATION (IDENTIFIER)
      [sql] com.mysql.jdbc.exceptions.MySQLSyntaxErrorException: Duplicate key name 'FK9F2DA887FB6EB979'
      [sql] Failed to execute:  alter table DYEXTN_CATEGORY_ENTITY add index FK9F2DA887D06EE657 (OWN_PARENT_CATEGORY_ENTITY_ID), add constraint FK9F2DA887D06EE657 foreign key (OWN_PARENT_CATEGORY_ENTITY_ID) references DYEXTN_CATEGORY_ENTITY (IDENTIFIER)
      [sql] com.mysql.jdbc.exceptions.MySQLSyntaxErrorException: Duplicate key name 'FK9F2DA887D06EE657'
      [sql] Failed to execute:  alter table DYEXTN_CATEGORY_ENTITY add index FK9F2DA887A52559D0 (PARENT_CATEGORY_ENTITY_ID), add constraint FK9F2DA887A52559D0 foreign key (PARENT_CATEGORY_ENTITY_ID) references DYEXTN_CATEGORY_ENTITY (IDENTIFIER)
      [sql] com.mysql.jdbc.exceptions.MySQLSyntaxErrorException: Duplicate key name 'FK9F2DA887A52559D0'
      [sql] Failed to execute:  alter table DYEXTN_CATEGORY_ENTITY add index FK9F2DA887743AC3F2 (IDENTIFIER), add constraint FK9F2DA887743AC3F2 foreign key (IDENTIFIER) references DYEXTN_ABSTRACT_ENTITY (id)
      [sql] com.mysql.jdbc.exceptions.MySQLSyntaxErrorException: Duplicate key name 'FK9F2DA887743AC3F2'
      [sql] Failed to execute:  alter table DYEXTN_CATEGORY_ENTITY add index FK9F2DA8874AC41F7E (ENTITY_ID), add constraint FK9F2DA8874AC41F7E foreign key (ENTITY_ID) references DYEXTN_ENTITY (IDENTIFIER)
      [sql] com.mysql.jdbc.exceptions.MySQLSyntaxErrorException: Duplicate key name 'FK9F2DA8874AC41F7E'
      [sql] Failed to execute:  alter table DYEXTN_CATEGORY_ENTITY add index FK9F2DA887F5A32608 (REL_ATTR_CAT_ENTITY_ID), add constraint FK9F2DA887F5A32608 foreign key (REL_ATTR_CAT_ENTITY_ID) references DYEXTN_CATEGORY (IDENTIFIER)
      [sql] com.mysql.jdbc.exceptions.MySQLSyntaxErrorException: Duplicate key name 'FK9F2DA887F5A32608'
      [sql] Failed to execute:  alter table DYEXTN_CATEGORY_ENTITY add index FK9F2DA887A8103C6F (TREE_PARENT_CATEGORY_ENTITY_ID), add constraint FK9F2DA887A8103C6F foreign key (TREE_PARENT_CATEGORY_ENTITY_ID) references DYEXTN_CATEGORY_ENTITY (IDENTIFIER)
      [sql] com.mysql.jdbc.exceptions.MySQLSyntaxErrorException: Duplicate key name 'FK9F2DA887A8103C6F'
      [sql] Failed to execute:  alter table DYEXTN_CAT_ASSO_CTL add index FK281FAB50C45A8CFA (IDENTIFIER), add constraint FK281FAB50C45A8CFA foreign key (IDENTIFIER) references DYEXTN_ABSTR_CONTAIN_CTR (IDENTIFIER)
      [sql] com.mysql.jdbc.exceptions.MySQLSyntaxErrorException: Duplicate key name 'FK281FAB50C45A8CFA'
      [sql] Failed to execute:  alter table DYEXTN_CHECK_BOX add index FK4EFF925740F198C2 (IDENTIFIER), add constraint FK4EFF925740F198C2 foreign key (IDENTIFIER) references DYEXTN_CONTROL (IDENTIFIER)
      [sql] com.mysql.jdbc.exceptions.MySQLSyntaxErrorException: Duplicate key name 'FK4EFF925740F198C2'
      [sql] Failed to execute:  alter table DYEXTN_COLUMN_PROPERTIES add index FK8FCE2B3F67F8B59 (CATEGORY_ATTRIBUTE_ID), add constraint FK8FCE2B3F67F8B59 foreign key (CATEGORY_ATTRIBUTE_ID) references DYEXTN_CATEGORY_ATTRIBUTE (IDENTIFIER)
      [sql] com.mysql.jdbc.exceptions.MySQLSyntaxErrorException: Duplicate key name 'FK8FCE2B3F67F8B59'
      [sql] Failed to execute:  alter table DYEXTN_COLUMN_PROPERTIES add index FK8FCE2B3F3AB6A1D3 (IDENTIFIER), add constraint FK8FCE2B3F3AB6A1D3 foreign key (IDENTIFIER) references DYEXTN_DATABASE_PROPERTIES (IDENTIFIER)
      [sql] com.mysql.jdbc.exceptions.MySQLSyntaxErrorException: Duplicate key name 'FK8FCE2B3F3AB6A1D3'
      [sql] Failed to execute:  alter table DYEXTN_COLUMN_PROPERTIES add index FK8FCE2B3F1333996E (PRIMITIVE_ATTRIBUTE_ID), add constraint FK8FCE2B3F1333996E foreign key (PRIMITIVE_ATTRIBUTE_ID) references DYEXTN_PRIMITIVE_ATTRIBUTE (IDENTIFIER)
      [sql] com.mysql.jdbc.exceptions.MySQLSyntaxErrorException: Duplicate key name 'FK8FCE2B3F1333996E'
      [sql] Failed to execute:  alter table DYEXTN_COMBOBOX add index FKABBC649ABF67AB26 (IDENTIFIER), add constraint FKABBC649ABF67AB26 foreign key (IDENTIFIER) references DYEXTN_SELECT_CONTROL (IDENTIFIER)
      [sql] com.mysql.jdbc.exceptions.MySQLSyntaxErrorException: Duplicate key name 'FKABBC649ABF67AB26'
      [sql] Failed to execute:  alter table DYEXTN_CONSTRAINT_PROPERTIES add index FK82886CD8FB6EB979 (CATEGORY_ASSOCIATION_ID), add constraint FK82886CD8FB6EB979 foreign key (CATEGORY_ASSOCIATION_ID) references DYEXTN_CATEGORY_ASSOCIATION (IDENTIFIER)
      [sql] com.mysql.jdbc.exceptions.MySQLSyntaxErrorException: Duplicate key name 'FK82886CD8FB6EB979'
      [sql] Failed to execute:  alter table DYEXTN_CONSTRAINT_PROPERTIES add index FK82886CD87EE87FF6 (ASSOCIATION_ID), add constraint FK82886CD87EE87FF6 foreign key (ASSOCIATION_ID) references DYEXTN_ASSOCIATION (IDENTIFIER)
      [sql] com.mysql.jdbc.exceptions.MySQLSyntaxErrorException: Duplicate key name 'FK82886CD87EE87FF6'
      [sql] Failed to execute:  alter table DYEXTN_CONSTRAINT_PROPERTIES add index FK82886CD83AB6A1D3 (IDENTIFIER), add constraint FK82886CD83AB6A1D3 foreign key (IDENTIFIER) references DYEXTN_DATABASE_PROPERTIES (IDENTIFIER)
      [sql] com.mysql.jdbc.exceptions.MySQLSyntaxErrorException: Duplicate key name 'FK82886CD83AB6A1D3'
      [sql] Failed to execute:  alter table DYEXTN_CONTAINER add index FK1EAB84E488C075EF (ENTITY_GROUP_ID), add constraint FK1EAB84E488C075EF foreign key (ENTITY_GROUP_ID) references DYEXTN_ENTITY_GROUP (IDENTIFIER)
      [sql] com.mysql.jdbc.exceptions.MySQLSyntaxErrorException: Duplicate key name 'FK1EAB84E488C075EF'
      [sql] Failed to execute:  alter table DYEXTN_CONTAINER add index FK1EAB84E4BF901C84 (BASE_CONTAINER_ID), add constraint FK1EAB84E4BF901C84 foreign key (BASE_CONTAINER_ID) references DYEXTN_CONTAINER (IDENTIFIER)
      [sql] com.mysql.jdbc.exceptions.MySQLSyntaxErrorException: Duplicate key name 'FK1EAB84E4BF901C84'
      [sql] Failed to execute:  alter table DYEXTN_CONTAINER add index FK1EAB84E41DCC9E63 (ABSTRACT_ENTITY_ID), add constraint FK1EAB84E41DCC9E63 foreign key (ABSTRACT_ENTITY_ID) references DYEXTN_ABSTRACT_ENTITY (id)
      [sql] com.mysql.jdbc.exceptions.MySQLSyntaxErrorException: Duplicate key name 'FK1EAB84E41DCC9E63'
      [sql] Failed to execute:  alter table DYEXTN_CONTAINER add index FK1EAB84E4178865E (VIEW_ID), add constraint FK1EAB84E4178865E foreign key (VIEW_ID) references DYEXTN_VIEW (IDENTIFIER)
      [sql] com.mysql.jdbc.exceptions.MySQLSyntaxErrorException: Duplicate key name 'FK1EAB84E4178865E'
      [sql] Failed to execute:  alter table DYEXTN_CONTAINMENT_CONTROL add index FK3F9D4AD3C45A8CFA (IDENTIFIER), add constraint FK3F9D4AD3C45A8CFA foreign key (IDENTIFIER) references DYEXTN_ABSTR_CONTAIN_CTR (IDENTIFIER)
      [sql] com.mysql.jdbc.exceptions.MySQLSyntaxErrorException: Duplicate key name 'FK3F9D4AD3C45A8CFA'
      [sql] Failed to execute:  alter table DYEXTN_CONTROL add index FK70FB5E807792A78F (BASE_ABST_ATR_ID), add constraint FK70FB5E807792A78F foreign key (BASE_ABST_ATR_ID) references DYEXTN_BASE_ABSTRACT_ATTRIBUTE (IDENTIFIER)
      [sql] com.mysql.jdbc.exceptions.MySQLSyntaxErrorException: Duplicate key name 'FK70FB5E807792A78F'
      [sql] Failed to execute:  alter table DYEXTN_CONTROL add index FK70FB5E8069935DD6 (CONTAINER_ID), add constraint FK70FB5E8069935DD6 foreign key (CONTAINER_ID) references DYEXTN_CONTAINER (IDENTIFIER)
      [sql] com.mysql.jdbc.exceptions.MySQLSyntaxErrorException: Duplicate key name 'FK70FB5E8069935DD6'
      [sql] Failed to execute:  alter table DYEXTN_DATA_ELEMENT add index FKB1153E4AA208204 (ATTRIBUTE_TYPE_INFO_ID), add constraint FKB1153E4AA208204 foreign key (ATTRIBUTE_TYPE_INFO_ID) references DYEXTN_ATTRIBUTE_TYPE_INFO (IDENTIFIER)
      [sql] com.mysql.jdbc.exceptions.MySQLSyntaxErrorException: Duplicate key name 'FKB1153E4AA208204'
      [sql] Failed to execute:  alter table DYEXTN_DATA_ELEMENT add index FKB1153E467F8B59 (CATEGORY_ATTRIBUTE_ID), add constraint FKB1153E467F8B59 foreign key (CATEGORY_ATTRIBUTE_ID) references DYEXTN_CATEGORY_ATTRIBUTE (IDENTIFIER)
      [sql] com.mysql.jdbc.exceptions.MySQLSyntaxErrorException: Duplicate key name 'FKB1153E467F8B59'
      [sql] Failed to execute:  alter table DYEXTN_DATA_GRID add index FK233EB73E40F198C2 (IDENTIFIER), add constraint FK233EB73E40F198C2 foreign key (IDENTIFIER) references DYEXTN_CONTROL (IDENTIFIER)
      [sql] com.mysql.jdbc.exceptions.MySQLSyntaxErrorException: Duplicate key name 'FK233EB73E40F198C2'
      [sql] Failed to execute:  alter table DYEXTN_DATEPICKER add index FKFEADD19940F198C2 (IDENTIFIER), add constraint FKFEADD19940F198C2 foreign key (IDENTIFIER) references DYEXTN_CONTROL (IDENTIFIER)
      [sql] com.mysql.jdbc.exceptions.MySQLSyntaxErrorException: Duplicate key name 'FKFEADD19940F198C2'
      [sql] Failed to execute:  alter table DYEXTN_DATE_CONCEPT_VALUE add index FK45F598A64641D513 (IDENTIFIER), add constraint FK45F598A64641D513 foreign key (IDENTIFIER) references DYEXTN_PERMISSIBLE_VALUE (IDENTIFIER)
      [sql] com.mysql.jdbc.exceptions.MySQLSyntaxErrorException: Duplicate key name 'FK45F598A64641D513'
      [sql] Failed to execute:  alter table DYEXTN_DATE_TYPE_INFO add index FKFBA549FE5294FA3 (IDENTIFIER), add constraint FKFBA549FE5294FA3 foreign key (IDENTIFIER) references DYEXTN_ATTRIBUTE_TYPE_INFO (IDENTIFIER)
      [sql] com.mysql.jdbc.exceptions.MySQLSyntaxErrorException: Duplicate key name 'FKFBA549FE5294FA3'
      [sql] Failed to execute:  alter table DYEXTN_DOUBLE_CONCEPT_VALUE add index FKB94E64494641D513 (IDENTIFIER), add constraint FKB94E64494641D513 foreign key (IDENTIFIER) references DYEXTN_PERMISSIBLE_VALUE (IDENTIFIER)
      [sql] com.mysql.jdbc.exceptions.MySQLSyntaxErrorException: Duplicate key name 'FKB94E64494641D513'
      [sql] Failed to execute:  alter table DYEXTN_DOUBLE_TYPE_INFO add index FKC83869C2BA4AE008 (IDENTIFIER), add constraint FKC83869C2BA4AE008 foreign key (IDENTIFIER) references DYEXTN_NUMERIC_TYPE_INFO (IDENTIFIER)
      [sql] com.mysql.jdbc.exceptions.MySQLSyntaxErrorException: Duplicate key name 'FKC83869C2BA4AE008'
      [sql] Failed to execute:  alter table DYEXTN_ENTITY add index FK8B24364088C075EF (ENTITY_GROUP_ID), add constraint FK8B24364088C075EF foreign key (ENTITY_GROUP_ID) references DYEXTN_ENTITY_GROUP (IDENTIFIER)
      [sql] com.mysql.jdbc.exceptions.MySQLSyntaxErrorException: Duplicate key name 'FK8B24364088C075EF'
      [sql] Failed to execute:  alter table DYEXTN_ENTITY add index FK8B2436402264D629 (PARENT_ENTITY_ID), add constraint FK8B2436402264D629 foreign key (PARENT_ENTITY_ID) references DYEXTN_ENTITY (IDENTIFIER)
      [sql] com.mysql.jdbc.exceptions.MySQLSyntaxErrorException: Duplicate key name 'FK8B2436402264D629'
      [sql] Failed to execute:  alter table DYEXTN_ENTITY add index FK8B243640743AC3F2 (IDENTIFIER), add constraint FK8B243640743AC3F2 foreign key (IDENTIFIER) references DYEXTN_ABSTRACT_ENTITY (id)
      [sql] com.mysql.jdbc.exceptions.MySQLSyntaxErrorException: Duplicate key name 'FK8B243640743AC3F2'
      [sql] Failed to execute:  alter table DYEXTN_ENTITY_GROUP add index FK105DE7A0728B19BE (IDENTIFIER), add constraint FK105DE7A0728B19BE foreign key (IDENTIFIER) references DYEXTN_ABSTRACT_METADATA (IDENTIFIER)
      [sql] com.mysql.jdbc.exceptions.MySQLSyntaxErrorException: Duplicate key name 'FK105DE7A0728B19BE'
      [sql] Failed to execute:  alter table DYEXTN_ENTITY_MAP_CONDNS add index FK2A9D6029CFA08B13 (FORM_CONTEXT_ID), add constraint FK2A9D6029CFA08B13 foreign key (FORM_CONTEXT_ID) references DYEXTN_FORM_CONTEXT (IDENTIFIER)
      [sql] com.mysql.jdbc.exceptions.MySQLSyntaxErrorException: Duplicate key name 'FK2A9D6029CFA08B13'
      [sql] Failed to execute:  alter table DYEXTN_ENTITY_MAP_RECORD add index FK43A45013CFA08B13 (FORM_CONTEXT_ID), add constraint FK43A45013CFA08B13 foreign key (FORM_CONTEXT_ID) references DYEXTN_FORM_CONTEXT (IDENTIFIER)
      [sql] com.mysql.jdbc.exceptions.MySQLSyntaxErrorException: Duplicate key name 'FK43A45013CFA08B13'
      [sql] Failed to execute:  alter table DYEXTN_FILE_EXTENSIONS add index FKD49834FA56AF0834 (ATTRIBUTE_ID), add constraint FKD49834FA56AF0834 foreign key (ATTRIBUTE_ID) references DYEXTN_FILE_TYPE_INFO (IDENTIFIER)
      [sql] com.mysql.jdbc.exceptions.MySQLSyntaxErrorException: Duplicate key name 'FKD49834FA56AF0834'
      [sql] Failed to execute:  alter table DYEXTN_FILE_TYPE_INFO add index FKA00F0EDE5294FA3 (IDENTIFIER), add constraint FKA00F0EDE5294FA3 foreign key (IDENTIFIER) references DYEXTN_ATTRIBUTE_TYPE_INFO (IDENTIFIER)
      [sql] com.mysql.jdbc.exceptions.MySQLSyntaxErrorException: Duplicate key name 'FKA00F0EDE5294FA3'
      [sql] Failed to execute:  alter table DYEXTN_FILE_UPLOAD add index FK2FAD41E740F198C2 (IDENTIFIER), add constraint FK2FAD41E740F198C2 foreign key (IDENTIFIER) references DYEXTN_CONTROL (IDENTIFIER)
      [sql] com.mysql.jdbc.exceptions.MySQLSyntaxErrorException: Duplicate key name 'FK2FAD41E740F198C2'
      [sql] Failed to execute:  alter table DYEXTN_FLOAT_CONCEPT_VALUE add index FK6785309A4641D513 (IDENTIFIER), add constraint FK6785309A4641D513 foreign key (IDENTIFIER) references DYEXTN_PERMISSIBLE_VALUE (IDENTIFIER)
      [sql] com.mysql.jdbc.exceptions.MySQLSyntaxErrorException: Duplicate key name 'FK6785309A4641D513'
      [sql] Failed to execute:  alter table DYEXTN_FLOAT_TYPE_INFO add index FK7E1C0693BA4AE008 (IDENTIFIER), add constraint FK7E1C0693BA4AE008 foreign key (IDENTIFIER) references DYEXTN_NUMERIC_TYPE_INFO (IDENTIFIER)
      [sql] com.mysql.jdbc.exceptions.MySQLSyntaxErrorException: Duplicate key name 'FK7E1C0693BA4AE008'
      [sql] Failed to execute:  alter table DYEXTN_FORM_CONTEXT add index FKE56CCDB12B784475 (ENTITY_MAP_ID), add constraint FKE56CCDB12B784475 foreign key (ENTITY_MAP_ID) references DYEXTN_ENTITY_MAP (IDENTIFIER)
      [sql] com.mysql.jdbc.exceptions.MySQLSyntaxErrorException: Duplicate key name 'FKE56CCDB12B784475'
      [sql] Failed to execute:  alter table DYEXTN_INTEGER_CONCEPT_VALUE add index FKFBA33B3C4641D513 (IDENTIFIER), add constraint FKFBA33B3C4641D513 foreign key (IDENTIFIER) references DYEXTN_PERMISSIBLE_VALUE (IDENTIFIER)
      [sql] com.mysql.jdbc.exceptions.MySQLSyntaxErrorException: Duplicate key name 'FKFBA33B3C4641D513'
      [sql] Failed to execute:  alter table DYEXTN_INTEGER_TYPE_INFO add index FK5F9CB235BA4AE008 (IDENTIFIER), add constraint FK5F9CB235BA4AE008 foreign key (IDENTIFIER) references DYEXTN_NUMERIC_TYPE_INFO (IDENTIFIER)
      [sql] com.mysql.jdbc.exceptions.MySQLSyntaxErrorException: Duplicate key name 'FK5F9CB235BA4AE008'
      [sql] Failed to execute:  alter table DYEXTN_LIST_BOX add index FK208395A7BF67AB26 (IDENTIFIER), add constraint FK208395A7BF67AB26 foreign key (IDENTIFIER) references DYEXTN_SELECT_CONTROL (IDENTIFIER)
      [sql] com.mysql.jdbc.exceptions.MySQLSyntaxErrorException: Duplicate key name 'FK208395A7BF67AB26'
      [sql] Failed to execute:  alter table DYEXTN_LONG_CONCEPT_VALUE add index FK3E1A6EF44641D513 (IDENTIFIER), add constraint FK3E1A6EF44641D513 foreign key (IDENTIFIER) references DYEXTN_PERMISSIBLE_VALUE (IDENTIFIER)
      [sql] com.mysql.jdbc.exceptions.MySQLSyntaxErrorException: Duplicate key name 'FK3E1A6EF44641D513'
      [sql] Failed to execute:  alter table DYEXTN_LONG_TYPE_INFO add index FK257281EDBA4AE008 (IDENTIFIER), add constraint FK257281EDBA4AE008 foreign key (IDENTIFIER) references DYEXTN_NUMERIC_TYPE_INFO (IDENTIFIER)
      [sql] com.mysql.jdbc.exceptions.MySQLSyntaxErrorException: Duplicate key name 'FK257281EDBA4AE008'
      [sql] Failed to execute:  alter table DYEXTN_NUMERIC_TYPE_INFO add index FK4DEC9544E5294FA3 (IDENTIFIER), add constraint FK4DEC9544E5294FA3 foreign key (IDENTIFIER) references DYEXTN_ATTRIBUTE_TYPE_INFO (IDENTIFIER)
      [sql] com.mysql.jdbc.exceptions.MySQLSyntaxErrorException: Duplicate key name 'FK4DEC9544E5294FA3'
      [sql] Failed to execute:  alter table DYEXTN_OBJECT_TYPE_INFO add index FK74819FB0E5294FA3 (IDENTIFIER), add constraint FK74819FB0E5294FA3 foreign key (IDENTIFIER) references DYEXTN_ATTRIBUTE_TYPE_INFO (IDENTIFIER)
      [sql] com.mysql.jdbc.exceptions.MySQLSyntaxErrorException: Duplicate key name 'FK74819FB0E5294FA3'
      [sql] Failed to execute:  alter table DYEXTN_PATH add index FKC26ADC2854AC01B (CATEGORY_ENTITY_ID), add constraint FKC26ADC2854AC01B foreign key (CATEGORY_ENTITY_ID) references DYEXTN_CATEGORY_ENTITY (IDENTIFIER)
      [sql] com.mysql.jdbc.exceptions.MySQLSyntaxErrorException: Duplicate key name 'FKC26ADC2854AC01B'
      [sql] Failed to execute:  alter table DYEXTN_PATH_ASSO_REL add index FK1E1260A580C8F93E (PATH_ID), add constraint FK1E1260A580C8F93E foreign key (PATH_ID) references DYEXTN_PATH (IDENTIFIER)
      [sql] com.mysql.jdbc.exceptions.MySQLSyntaxErrorException: Duplicate key name 'FK1E1260A580C8F93E'
      [sql] Failed to execute:  alter table DYEXTN_PATH_ASSO_REL add index FK1E1260A57EE87FF6 (ASSOCIATION_ID), add constraint FK1E1260A57EE87FF6 foreign key (ASSOCIATION_ID) references DYEXTN_ASSOCIATION (IDENTIFIER)
      [sql] com.mysql.jdbc.exceptions.MySQLSyntaxErrorException: Duplicate key name 'FK1E1260A57EE87FF6'
      [sql] Failed to execute:  alter table DYEXTN_PERMISSIBLE_VALUE add index FK136264E0AA208204 (ATTRIBUTE_TYPE_INFO_ID), add constraint FK136264E0AA208204 foreign key (ATTRIBUTE_TYPE_INFO_ID) references DYEXTN_ATTRIBUTE_TYPE_INFO (IDENTIFIER)
      [sql] com.mysql.jdbc.exceptions.MySQLSyntaxErrorException: Duplicate key name 'FK136264E0AA208204'
      [sql] Failed to execute:  alter table DYEXTN_PERMISSIBLE_VALUE add index FK136264E067F8B59 (CATEGORY_ATTRIBUTE_ID), add constraint FK136264E067F8B59 foreign key (CATEGORY_ATTRIBUTE_ID) references DYEXTN_CATEGORY_ATTRIBUTE (IDENTIFIER)
      [sql] com.mysql.jdbc.exceptions.MySQLSyntaxErrorException: Duplicate key name 'FK136264E067F8B59'
      [sql] Failed to execute:  alter table DYEXTN_PRIMITIVE_ATTRIBUTE add index FKA9F765C76D19A21F (IDENTIFIER), add constraint FKA9F765C76D19A21F foreign key (IDENTIFIER) references DYEXTN_ATTRIBUTE (IDENTIFIER)
      [sql] com.mysql.jdbc.exceptions.MySQLSyntaxErrorException: Duplicate key name 'FKA9F765C76D19A21F'
      [sql] Failed to execute:  alter table DYEXTN_RADIOBUTTON add index FK16F5BA9040F198C2 (IDENTIFIER), add constraint FK16F5BA9040F198C2 foreign key (IDENTIFIER) references DYEXTN_CONTROL (IDENTIFIER)
      [sql] com.mysql.jdbc.exceptions.MySQLSyntaxErrorException: Duplicate key name 'FK16F5BA9040F198C2'
      [sql] Failed to execute:  alter table DYEXTN_RULE add index FKC27E09990F96714 (ATTRIBUTE_ID), add constraint FKC27E09990F96714 foreign key (ATTRIBUTE_ID) references DYEXTN_ATTRIBUTE (IDENTIFIER)
      [sql] com.mysql.jdbc.exceptions.MySQLSyntaxErrorException: Duplicate key name 'FKC27E09990F96714'
      [sql] Failed to execute:  alter table DYEXTN_RULE_PARAMETER add index FK2256736395D4A5AE (RULE_ID), add constraint FK2256736395D4A5AE foreign key (RULE_ID) references DYEXTN_RULE (IDENTIFIER)
      [sql] com.mysql.jdbc.exceptions.MySQLSyntaxErrorException: Duplicate key name 'FK2256736395D4A5AE'
      [sql] Failed to execute:  alter table DYEXTN_SELECT_CONTROL add index FKDFEBB65740F198C2 (IDENTIFIER), add constraint FKDFEBB65740F198C2 foreign key (IDENTIFIER) references DYEXTN_CONTROL (IDENTIFIER)
      [sql] com.mysql.jdbc.exceptions.MySQLSyntaxErrorException: Duplicate key name 'FKDFEBB65740F198C2'
      [sql] Failed to execute:  alter table DYEXTN_SEMANTIC_PROPERTY add index FKD2A0B5B15EB60E90 (ABSTRACT_VALUE_ID), add constraint FKD2A0B5B15EB60E90 foreign key (ABSTRACT_VALUE_ID) references DYEXTN_PERMISSIBLE_VALUE (IDENTIFIER)
      [sql] com.mysql.jdbc.exceptions.MySQLSyntaxErrorException: Duplicate key name 'FKD2A0B5B15EB60E90'
      [sql] Failed to execute:  alter table DYEXTN_SEMANTIC_PROPERTY add index FKD2A0B5B19AEB0CA3 (ABSTRACT_METADATA_ID), add constraint FKD2A0B5B19AEB0CA3 foreign key (ABSTRACT_METADATA_ID) references DYEXTN_ABSTRACT_METADATA (IDENTIFIER)
      [sql] com.mysql.jdbc.exceptions.MySQLSyntaxErrorException: Duplicate key name 'FKD2A0B5B19AEB0CA3'
      [sql] Failed to execute:  alter table DYEXTN_SHORT_CONCEPT_VALUE add index FKC1945ABA4641D513 (IDENTIFIER), add constraint FKC1945ABA4641D513 foreign key (IDENTIFIER) references DYEXTN_PERMISSIBLE_VALUE (IDENTIFIER)
      [sql] com.mysql.jdbc.exceptions.MySQLSyntaxErrorException: Duplicate key name 'FKC1945ABA4641D513'
      [sql] Failed to execute:  alter table DYEXTN_SHORT_TYPE_INFO add index FK99540B3BA4AE008 (IDENTIFIER), add constraint FK99540B3BA4AE008 foreign key (IDENTIFIER) references DYEXTN_NUMERIC_TYPE_INFO (IDENTIFIER)
      [sql] com.mysql.jdbc.exceptions.MySQLSyntaxErrorException: Duplicate key name 'FK99540B3BA4AE008'
      [sql] Failed to execute:  alter table DYEXTN_STRING_CONCEPT_VALUE add index FKADE7D8894641D513 (IDENTIFIER), add constraint FKADE7D8894641D513 foreign key (IDENTIFIER) references DYEXTN_PERMISSIBLE_VALUE (IDENTIFIER)
      [sql] com.mysql.jdbc.exceptions.MySQLSyntaxErrorException: Duplicate key name 'FKADE7D8894641D513'
      [sql] Failed to execute:  alter table DYEXTN_STRING_TYPE_INFO add index FKDA35FE02E5294FA3 (IDENTIFIER), add constraint FKDA35FE02E5294FA3 foreign key (IDENTIFIER) references DYEXTN_ATTRIBUTE_TYPE_INFO (IDENTIFIER)
      [sql] com.mysql.jdbc.exceptions.MySQLSyntaxErrorException: Duplicate key name 'FKDA35FE02E5294FA3'
      [sql] Failed to execute:  alter table DYEXTN_TABLE_PROPERTIES add index FKE608E0813AB6A1D3 (IDENTIFIER), add constraint FKE608E0813AB6A1D3 foreign key (IDENTIFIER) references DYEXTN_DATABASE_PROPERTIES (IDENTIFIER)
      [sql] com.mysql.jdbc.exceptions.MySQLSyntaxErrorException: Duplicate key name 'FKE608E0813AB6A1D3'
      [sql] Failed to execute:  alter table DYEXTN_TABLE_PROPERTIES add index FKE608E0811DCC9E63 (ABSTRACT_ENTITY_ID), add constraint FKE608E0811DCC9E63 foreign key (ABSTRACT_ENTITY_ID) references DYEXTN_ABSTRACT_ENTITY (id)
      [sql] com.mysql.jdbc.exceptions.MySQLSyntaxErrorException: Duplicate key name 'FKE608E0811DCC9E63'
      [sql] Failed to execute:  alter table DYEXTN_TAGGED_VALUE add index FKF79D055B9AEB0CA3 (ABSTRACT_METADATA_ID), add constraint FKF79D055B9AEB0CA3 foreign key (ABSTRACT_METADATA_ID) references DYEXTN_ABSTRACT_METADATA (IDENTIFIER)
      [sql] com.mysql.jdbc.exceptions.MySQLSyntaxErrorException: Duplicate key name 'FKF79D055B9AEB0CA3'
      [sql] Failed to execute:  alter table DYEXTN_TEXTAREA add index FK946EE25740F198C2 (IDENTIFIER), add constraint FK946EE25740F198C2 foreign key (IDENTIFIER) references DYEXTN_CONTROL (IDENTIFIER)
      [sql] com.mysql.jdbc.exceptions.MySQLSyntaxErrorException: Duplicate key name 'FK946EE25740F198C2'
      [sql] Failed to execute:  alter table DYEXTN_TEXTFIELD add index FKF9AFC85040F198C2 (IDENTIFIER), add constraint FKF9AFC85040F198C2 foreign key (IDENTIFIER) references DYEXTN_CONTROL (IDENTIFIER)
      [sql] com.mysql.jdbc.exceptions.MySQLSyntaxErrorException: Duplicate key name 'FKF9AFC85040F198C2'
      [sql] Failed to execute:  alter table DYEXTN_USERDEFINED_DE add index FK630761FF53CC4A77 (IDENTIFIER), add constraint FK630761FF53CC4A77 foreign key (IDENTIFIER) references DYEXTN_DATA_ELEMENT (IDENTIFIER)
      [sql] com.mysql.jdbc.exceptions.MySQLSyntaxErrorException: Duplicate key name 'FK630761FF53CC4A77'
      [sql] Failed to execute:  alter table DYEXTN_USERDEF_DE_VALUE_REL add index FK3EE58DCF49BDD67 (PERMISSIBLE_VALUE_ID), add constraint FK3EE58DCF49BDD67 foreign key (PERMISSIBLE_VALUE_ID) references DYEXTN_PERMISSIBLE_VALUE (IDENTIFIER)
      [sql] com.mysql.jdbc.exceptions.MySQLSyntaxErrorException: Duplicate key name 'FK3EE58DCF49BDD67'
      [sql] Failed to execute:  alter table DYEXTN_USERDEF_DE_VALUE_REL add index FK3EE58DCF5521B106 (USER_DEF_DE_ID), add constraint FK3EE58DCF5521B106 foreign key (USER_DEF_DE_ID) references DYEXTN_USERDEFINED_DE (IDENTIFIER)
      [sql] com.mysql.jdbc.exceptions.MySQLSyntaxErrorException: Duplicate key name 'FK3EE58DCF5521B106'
      [sql] 2 of 189 SQL statements executed successfully

dist:

build:all:

dist:tools:retrieve:jboss:

dist:tools:retrieve:jbosscp:

dist:tools:retrieve:

dist:tools:retrieve:jboss-bindings:
      [get] Getting: http://gforge.nci.nih.gov/svnroot/automation/trunk/resources/jboss-bindings/ncicb-jboss4.0.x-bindings.xml
      [get] To: D:\BDA\DynamicExtentions\software\target\dist\exploded\ncicb-jboss4.0.x-bindings.xml

dist:installer:prep:
     [copy] Copying 1 file to D:\BDA\DynamicExtentions\software\target\dist\exploded\db\db-install
     [copy] Copied 3 empty directories to 2 empty directories under D:\BDA\DynamicExtentions\software\target\dist\exploded\db\db-install
     [copy] Copying 52 files to D:\BDA\DynamicExtentions\software\target\dist\exploded\bda-utils\resource
     [copy] Copied 12 empty directories to 4 empty directories under D:\BDA\DynamicExtentions\software\target\dist\exploded\bda-utils\resource
     [copy] Copying 1 file to D:\BDA\DynamicExtentions\software\target\dist\exploded\db\db-upgrade
     [copy] Copied 3 empty directories to 2 empty directories under D:\BDA\DynamicExtentions\software\target\dist\exploded\db\db-upgrade
     [echo] Copying build and property files
     [copy] Copying 4 files to D:\BDA\DynamicExtentions\software\target\dist\exploded
     [move] Moving 1 file to D:\BDA\DynamicExtentions\software\target\dist\exploded
     [echo] Copying bda-utils dir
     [copy] Copying 155 files to D:\BDA\DynamicExtentions\software\target\dist\exploded\bda-utils
