
validate:pre:build:
     [echo] Checking for existence of GLOBUS_LOCATION envrironment variable.
     [echo] wscore.relative.dir = ws-core-4.0.3
     [echo] GLOBUS_LOCATION not set, downloading and installing http://gforge.nci.nih.gov/svnroot/commonlibrary/trunk/techstack-2006/os-independent/ws-core-enum-4.0.3.zip

clean:
   [delete] Deleting directory D:\BDA\DynamicExtentions\software\target\dist

BUILD FAILED

D:\BDA\DynamicExtentions\software\build\build.xml:182: Unable to delete directory D:\BDA\DynamicExtentions\software\target\dist
	at org.apache.tools.ant.taskdefs.Delete.handle(Delete.java:624)
	at org.apache.tools.ant.taskdefs.Delete.removeDir(Delete.java:689)
	at org.apache.tools.ant.taskdefs.Delete.removeDir(Delete.java:679)
	at org.apache.tools.ant.taskdefs.Delete.execute(Delete.java:543)
	at org.apache.tools.ant.UnknownElement.execute(UnknownElement.java:288)
	at sun.reflect.GeneratedMethodAccessor9.invoke(Unknown Source)
	at sun.reflect.DelegatingMethodAccessorImpl.invoke(DelegatingMethodAccessorImpl.java:25)
	at java.lang.reflect.Method.invoke(Method.java:585)
	at org.apache.tools.ant.dispatch.DispatchUtils.execute(DispatchUtils.java:106)
	at org.apache.tools.ant.Task.perform(Task.java:348)
	at org.apache.tools.ant.Target.execute(Target.java:357)
	at org.apache.tools.ant.Target.performTasks(Target.java:385)
	at org.apache.tools.ant.Project.executeSortedTargets(Project.java:1337)
	at org.apache.tools.ant.Project.executeTarget(Project.java:1306)
	at org.apache.tools.ant.helper.DefaultExecutor.executeTargets(DefaultExecutor.java:41)
	at org.apache.tools.ant.Project.executeTargets(Project.java:1189)
	at org.apache.tools.ant.Main.runBuild(Main.java:758)
	at org.apache.tools.ant.Main.startAnt(Main.java:217)
	at org.apache.tools.ant.launch.Launcher.run(Launcher.java:257)
	at org.apache.tools.ant.launch.Launcher.main(Launcher.java:104)
