
validate:pre:build:
     [echo] Checking for existence of GLOBUS_LOCATION envrironment variable.
     [echo] wscore.relative.dir = ws-core-4.0.3
     [echo] GLOBUS_LOCATION not set, downloading and installing http://gforge.nci.nih.gov/svnroot/commonlibrary/trunk/techstack-2006/os-independent/ws-core-enum-4.0.3.zip

clean:
   [delete] Deleting directory D:\BDA\DynamicExtentions\software\target\dist
   [delete] Deleting directory D:\BDA\DynamicExtentions\software\target\temp

init:
     [echo]  ______   ______   _______ 
     [echo] (____  \ (______) (_______)
     [echo]  ____)  ) _     _  _______ 
     [echo] |  __  ( | |   | ||  ___  |
     [echo] | |__)  )| |__/ / | |   | |
     [echo] |______/ |_____/  |_|   |_|
    [mkdir] Created dir: D:\BDA\DynamicExtentions\software\target\dist
    [mkdir] Created dir: D:\BDA\DynamicExtentions\software\target\dist\exploded
    [mkdir] Created dir: D:\BDA\DynamicExtentions\software\target\dist\exploded\DynamicExtentions-api
    [mkdir] Created dir: D:\BDA\DynamicExtentions\software\target\dist\exploded\DynamicExtentions-webapp
    [mkdir] Created dir: D:\BDA\DynamicExtentions\software\target\dist\exploded\common
    [mkdir] Created dir: D:\BDA\DynamicExtentions\software\target\dist\exploded\tools
    [mkdir] Created dir: D:\BDA\DynamicExtentions\software\target\temp

build:DynamicExtentions-api:

build:DynamicExtentions-webapp:
Trying to override old definition of task shellscript
Trying to override old definition of task propertycopy
Trying to override old definition of task pathtofileset
Trying to override old definition of task remoteant
Trying to override old definition of task runtarget
Trying to override old definition of task assert
Trying to override old definition of task propertyregex
Trying to override old definition of task math
Trying to override old definition of task trycatch
Trying to override old definition of task antserver
Trying to override old definition of task antcallback
Trying to override old definition of task compilewithwalls
Trying to override old definition of task outofdate
Trying to override old definition of task osfamily
Trying to override old definition of task stopwatch
Trying to override old definition of task throw
Trying to override old definition of task antclipse
Trying to override old definition of task urlencode
Trying to override old definition of task timestampselector
Trying to override old definition of task foreach
Trying to override old definition of task if
Trying to override old definition of task propertyselector
Trying to override old definition of task sortlist
Trying to override old definition of task antfetch
Trying to override old definition of task post
Trying to override old definition of task forget
Trying to override old definition of task limit
Trying to override old definition of task switch
Trying to override old definition of task var
Trying to override old definition of task inifile
Trying to override old definition of task verifydesign

init:
   [delete] Deleting directory D:\BDA\DynamicExtentions\software\DynamicExtentions\binaries\classes
   [delete] Deleting directory D:\BDA\DynamicExtentions\software\DynamicExtentions\build
    [mkdir] Created dir: D:\BDA\DynamicExtentions\software\DynamicExtentions\binaries\classes
    [mkdir] Created dir: D:\BDA\DynamicExtentions\software\DynamicExtentions\build

compile:
    [javac] Compiling 448 source files to D:\BDA\DynamicExtentions\software\DynamicExtentions\binaries\classes
    [javac] Note: Some input files use or override a deprecated API.
    [javac] Note: Recompile with -Xlint:deprecation for details.
    [javac] Note: Some input files use unchecked or unsafe operations.
    [javac] Note: Recompile with -Xlint:unchecked for details.
     [copy] Copying 95 files to D:\BDA\DynamicExtentions\software\DynamicExtentions\binaries\classes

remove_generics:
    [mkdir] Created dir: D:\BDA\DynamicExtentions\software\DynamicExtentions\temp
     [echo] Pattern used to remove generics : <[^=(]*>|(for\s?\(.+:.+\))
     [copy] Copying 138 files to D:\BDA\DynamicExtentions\software\DynamicExtentions\temp

generate_hbm:
[hibernatedoclet] Generating mapping file for edu.common.dynamicextensions.domain.AttributeRecord.
[hibernatedoclet]    edu.common.dynamicextensions.domain.AttributeRecord
[hibernatedoclet] Generating mapping file for edu.common.dynamicextensions.domain.FileExtension.
[hibernatedoclet]    edu.common.dynamicextensions.domain.FileExtension
[hibernatedoclet] Generating mapping file for edu.common.dynamicextensions.domain.PermissibleValue.
[hibernatedoclet]    edu.common.dynamicextensions.domain.PermissibleValue
[hibernatedoclet]    edu.common.dynamicextensions.domain.DoubleValue
[hibernatedoclet]    edu.common.dynamicextensions.domain.ByteArrayValue
[hibernatedoclet]    edu.common.dynamicextensions.domain.BooleanValue
[hibernatedoclet]    edu.common.dynamicextensions.domain.DateValue
[hibernatedoclet]    edu.common.dynamicextensions.domain.FloatValue
[hibernatedoclet]    edu.common.dynamicextensions.domain.LongValue
[hibernatedoclet]    edu.common.dynamicextensions.domain.StringValue
[hibernatedoclet]    edu.common.dynamicextensions.domain.ShortValue
[hibernatedoclet]    edu.common.dynamicextensions.domain.IntegerValue
[hibernatedoclet] Generating mapping file for edu.common.dynamicextensions.domain.AttributeTypeInformation.
[hibernatedoclet]    edu.common.dynamicextensions.domain.AttributeTypeInformation
[hibernatedoclet]    edu.common.dynamicextensions.domain.ByteArrayAttributeTypeInformation
[hibernatedoclet]    edu.common.dynamicextensions.domain.FileAttributeTypeInformation
[hibernatedoclet]    edu.common.dynamicextensions.domain.StringAttributeTypeInformation
[hibernatedoclet]    edu.common.dynamicextensions.domain.ObjectAttributeTypeInformation
[hibernatedoclet]    edu.common.dynamicextensions.domain.DateAttributeTypeInformation
[hibernatedoclet]    edu.common.dynamicextensions.domain.BooleanAttributeTypeInformation
[hibernatedoclet]    edu.common.dynamicextensions.domain.NumericAttributeTypeInformation
[hibernatedoclet]    edu.common.dynamicextensions.domain.DoubleAttributeTypeInformation
[hibernatedoclet]    edu.common.dynamicextensions.domain.ShortAttributeTypeInformation
[hibernatedoclet]    edu.common.dynamicextensions.domain.IntegerAttributeTypeInformation
[hibernatedoclet]    edu.common.dynamicextensions.domain.LongAttributeTypeInformation
[hibernatedoclet]    edu.common.dynamicextensions.domain.FloatAttributeTypeInformation
[hibernatedoclet] Generating mapping file for edu.common.dynamicextensions.domain.userinterface.View.
[hibernatedoclet]    edu.common.dynamicextensions.domain.userinterface.View
[hibernatedoclet] Generating mapping file for edu.common.dynamicextensions.domain.ObjectAttributeRecordValue.
[hibernatedoclet]    edu.common.dynamicextensions.domain.ObjectAttributeRecordValue
[hibernatedoclet] Generating mapping file for edu.common.dynamicextensions.domain.Role.
[hibernatedoclet]    edu.common.dynamicextensions.domain.Role
[hibernatedoclet] Generating mapping file for edu.common.dynamicextensions.domain.Path.
[hibernatedoclet]    edu.common.dynamicextensions.domain.Path
[hibernatedoclet] Generating mapping file for edu.common.dynamicextensions.domain.integration.EntityMapCondition.
[hibernatedoclet]    edu.common.dynamicextensions.domain.integration.EntityMapCondition
[hibernatedoclet] Generating mapping file for edu.common.dynamicextensions.domain.databaseproperties.DatabaseProperties.
[hibernatedoclet]    edu.common.dynamicextensions.domain.databaseproperties.DatabaseProperties
[hibernatedoclet]    edu.common.dynamicextensions.domain.databaseproperties.TableProperties
[hibernatedoclet]    edu.common.dynamicextensions.domain.databaseproperties.ColumnProperties
[hibernatedoclet]    edu.common.dynamicextensions.domain.databaseproperties.ConstraintProperties
[hibernatedoclet] Generating mapping file for edu.common.dynamicextensions.domain.integration.FormContext.
[hibernatedoclet]    edu.common.dynamicextensions.domain.integration.FormContext
[hibernatedoclet] Generating mapping file for edu.common.dynamicextensions.domain.databaseproperties.ConstraintKeyProperties.
[hibernatedoclet]    edu.common.dynamicextensions.domain.databaseproperties.ConstraintKeyProperties
[hibernatedoclet] Generating mapping file for edu.common.dynamicextensions.domain.AbstractMetadata.
[hibernatedoclet]    edu.common.dynamicextensions.domain.AbstractMetadata
[hibernatedoclet]    edu.common.dynamicextensions.domain.EntityGroup
[hibernatedoclet]    edu.common.dynamicextensions.domain.Category
[hibernatedoclet]    edu.common.dynamicextensions.domain.BaseAbstractAttribute
[hibernatedoclet]    edu.common.dynamicextensions.domain.AbstractAttribute
[hibernatedoclet]    edu.common.dynamicextensions.domain.Attribute
[hibernatedoclet]    edu.common.dynamicextensions.domain.Association
[hibernatedoclet]    edu.common.dynamicextensions.domain.CategoryAttribute
[hibernatedoclet]    edu.common.dynamicextensions.domain.CategoryAssociation
[hibernatedoclet]    edu.common.dynamicextensions.domain.AbstractEntity
[hibernatedoclet]    edu.common.dynamicextensions.domain.Entity
[hibernatedoclet]    edu.common.dynamicextensions.domain.CategoryEntity
[hibernatedoclet] Generating mapping file for edu.common.dynamicextensions.domain.validationrules.RuleParameter.
[hibernatedoclet]    edu.common.dynamicextensions.domain.validationrules.RuleParameter
[hibernatedoclet] Generating mapping file for edu.common.dynamicextensions.domain.userinterface.Container.
[hibernatedoclet]    edu.common.dynamicextensions.domain.userinterface.Container
[hibernatedoclet] Generating mapping file for edu.common.dynamicextensions.domain.DataElement.
[hibernatedoclet]    edu.common.dynamicextensions.domain.DataElement
[hibernatedoclet]    edu.common.dynamicextensions.domain.UserDefinedDE
[hibernatedoclet]    edu.common.dynamicextensions.domain.CaDSRDE
[hibernatedoclet] Generating mapping file for edu.common.dynamicextensions.domain.PathAssociationRelation.
[hibernatedoclet]    edu.common.dynamicextensions.domain.PathAssociationRelation
[hibernatedoclet] Generating mapping file for edu.common.dynamicextensions.domain.DESQLAudit.
[hibernatedoclet]    edu.common.dynamicextensions.domain.DESQLAudit
[hibernatedoclet] Generating mapping file for edu.common.dynamicextensions.domain.IdGenerator.
[hibernatedoclet]    edu.common.dynamicextensions.domain.IdGenerator
[hibernatedoclet] Generating mapping file for edu.common.dynamicextensions.domain.FileAttributeRecordValue.
[hibernatedoclet]    edu.common.dynamicextensions.domain.FileAttributeRecordValue
[hibernatedoclet] Generating mapping file for edu.common.dynamicextensions.domain.validationrules.Rule.
[hibernatedoclet]    edu.common.dynamicextensions.domain.validationrules.Rule
[hibernatedoclet] Generating mapping file for edu.common.dynamicextensions.domain.SemanticProperty.
[hibernatedoclet]    edu.common.dynamicextensions.domain.SemanticProperty
[hibernatedoclet] Generating mapping file for edu.common.dynamicextensions.domain.integration.EntityMapRecord.
[hibernatedoclet]    edu.common.dynamicextensions.domain.integration.EntityMapRecord
[hibernatedoclet] Generating mapping file for edu.common.dynamicextensions.domain.CaDSRValueDomainInfo.
[hibernatedoclet]    edu.common.dynamicextensions.domain.CaDSRValueDomainInfo
[hibernatedoclet] Generating mapping file for edu.common.dynamicextensions.domain.AssociationDisplayAttribute.
[hibernatedoclet]    edu.common.dynamicextensions.domain.AssociationDisplayAttribute
[hibernatedoclet] Generating mapping file for edu.common.dynamicextensions.domain.FormControlNotes.
[hibernatedoclet]    edu.common.dynamicextensions.domain.FormControlNotes
[hibernatedoclet] Generating mapping file for edu.common.dynamicextensions.domain.userinterface.Control.
[hibernatedoclet]    edu.common.dynamicextensions.domain.userinterface.Control
[hibernatedoclet]    edu.common.dynamicextensions.domain.userinterface.DataGrid
[hibernatedoclet]    edu.common.dynamicextensions.domain.userinterface.AbstractContainmentControl
[hibernatedoclet]    edu.common.dynamicextensions.domain.userinterface.ContainmentAssociationControl
[hibernatedoclet]    edu.common.dynamicextensions.domain.userinterface.CategoryAssociationControl
[hibernatedoclet]    edu.common.dynamicextensions.domain.userinterface.RadioButton
[hibernatedoclet]    edu.common.dynamicextensions.domain.userinterface.TextField
[hibernatedoclet]    edu.common.dynamicextensions.domain.userinterface.FileUploadControl
[hibernatedoclet]    edu.common.dynamicextensions.domain.userinterface.DatePicker
[hibernatedoclet]    edu.common.dynamicextensions.domain.userinterface.SelectControl
[hibernatedoclet]    edu.common.dynamicextensions.domain.userinterface.ListBox
[hibernatedoclet]    edu.common.dynamicextensions.domain.userinterface.ComboBox
[hibernatedoclet]    edu.common.dynamicextensions.domain.userinterface.Label
[hibernatedoclet]    edu.common.dynamicextensions.domain.userinterface.TextArea
[hibernatedoclet]    edu.common.dynamicextensions.domain.userinterface.CheckBox
[hibernatedoclet] Generating mapping file for edu.common.dynamicextensions.domain.CollectionAttributeRecordValue.
[hibernatedoclet]    edu.common.dynamicextensions.domain.CollectionAttributeRecordValue
[hibernatedoclet] Generating mapping file for edu.common.dynamicextensions.domain.integration.EntityMap.
[hibernatedoclet]    edu.common.dynamicextensions.domain.integration.EntityMap
[hibernatedoclet] Generating mapping file for edu.common.dynamicextensions.domain.TaggedValue.
[hibernatedoclet]    edu.common.dynamicextensions.domain.TaggedValue
[hibernatedoclet] Generating mapping file for edu.common.dynamicextensions.domain.Formula.
[hibernatedoclet]    edu.common.dynamicextensions.domain.Formula
     [move] Moving 1 file to D:\BDA\DynamicExtentions\software\DynamicExtentions\src\java\edu\common\dynamicextensions\domain\userinterface
     [copy] Copying 31 files to D:\BDA\DynamicExtentions\software\DynamicExtentions\src\java\java\edu\common\dynamicextensions\hbm
   [delete] Deleting directory D:\BDA\DynamicExtentions\software\DynamicExtentions\temp

build_app_war:
      [war] Building war: D:\BDA\DynamicExtentions\software\DynamicExtentions\dynamicExtensions.war
     [copy] Copying 1 file to D:\BDA\DynamicExtentions\software\target\dist\exploded\DynamicExtentions-webapp

generate_schema:
     [echo] true
     [java] Could not find edu.common.dynamicextensions.util.GenerateSchema. Make sure you have it in your classpath
	at org.apache.tools.ant.taskdefs.ExecuteJava.execute(ExecuteJava.java:138)
	at org.apache.tools.ant.taskdefs.Java.run(Java.java:764)
	at org.apache.tools.ant.taskdefs.Java.executeJava(Java.java:218)
	at org.apache.tools.ant.taskdefs.Java.executeJava(Java.java:132)
	at org.apache.tools.ant.taskdefs.Java.execute(Java.java:105)
	at org.apache.tools.ant.UnknownElement.execute(UnknownElement.java:288)
	at sun.reflect.NativeMethodAccessorImpl.invoke0(Native Method)
	at sun.reflect.NativeMethodAccessorImpl.invoke(NativeMethodAccessorImpl.java:39)
	at sun.reflect.DelegatingMethodAccessorImpl.invoke(DelegatingMethodAccessorImpl.java:25)
	at java.lang.reflect.Method.invoke(Method.java:585)
	at org.apache.tools.ant.dispatch.DispatchUtils.execute(DispatchUtils.java:106)
	at org.apache.tools.ant.Task.perform(Task.java:348)
	at org.apache.tools.ant.Target.execute(Target.java:357)
	at org.apache.tools.ant.Target.performTasks(Target.java:385)
	at org.apache.tools.ant.Project.executeSortedTargets(Project.java:1337)
	at org.apache.tools.ant.helper.SingleCheckExecutor.executeTargets(SingleCheckExecutor.java:38)
	at org.apache.tools.ant.Project.executeTargets(Project.java:1189)
	at org.apache.tools.ant.taskdefs.Ant.execute(Ant.java:416)
	at org.apache.tools.ant.UnknownElement.execute(UnknownElement.java:288)
	at sun.reflect.GeneratedMethodAccessor7.invoke(Unknown Source)
	at sun.reflect.DelegatingMethodAccessorImpl.invoke(DelegatingMethodAccessorImpl.java:25)
	at java.lang.reflect.Method.invoke(Method.java:585)
	at org.apache.tools.ant.dispatch.DispatchUtils.execute(DispatchUtils.java:106)
	at org.apache.tools.ant.Task.perform(Task.java:348)
	at org.apache.tools.ant.Target.execute(Target.java:357)
	at org.apache.tools.ant.Target.performTasks(Target.java:385)
	at org.apache.tools.ant.Project.executeSortedTargets(Project.java:1337)
	at org.apache.tools.ant.Project.executeTarget(Project.java:1306)
	at org.apache.tools.ant.helper.DefaultExecutor.executeTargets(DefaultExecutor.java:41)
	at org.apache.tools.ant.Project.executeTargets(Project.java:1189)
	at org.apache.tools.ant.Main.runBuild(Main.java:758)
	at org.apache.tools.ant.Main.startAnt(Main.java:217)
	at org.apache.tools.ant.launch.Launcher.run(Launcher.java:257)
	at org.apache.tools.ant.launch.Launcher.main(Launcher.java:104)
     [java] Java Result: -1

BUILD FAILED

D:\BDA\DynamicExtentions\software\build\build.xml:275: The following error occurred while executing this line:
D:\BDA\DynamicExtentions\software\DynamicExtentions\build.xml:368: java.sql.SQLException: Access denied for user 'root'@'localhost' (using password: YES)
	at org.apache.tools.ant.ProjectHelper.addLocationToBuildException(ProjectHelper.java:508)
	at org.apache.tools.ant.taskdefs.Ant.execute(Ant.java:418)
	at org.apache.tools.ant.UnknownElement.execute(UnknownElement.java:288)
	at sun.reflect.GeneratedMethodAccessor7.invoke(Unknown Source)
	at sun.reflect.DelegatingMethodAccessorImpl.invoke(DelegatingMethodAccessorImpl.java:25)
	at java.lang.reflect.Method.invoke(Method.java:585)
	at org.apache.tools.ant.dispatch.DispatchUtils.execute(DispatchUtils.java:106)
	at org.apache.tools.ant.Task.perform(Task.java:348)
	at org.apache.tools.ant.Target.execute(Target.java:357)
	at org.apache.tools.ant.Target.performTasks(Target.java:385)
	at org.apache.tools.ant.Project.executeSortedTargets(Project.java:1337)
	at org.apache.tools.ant.Project.executeTarget(Project.java:1306)
	at org.apache.tools.ant.helper.DefaultExecutor.executeTargets(DefaultExecutor.java:41)
	at org.apache.tools.ant.Project.executeTargets(Project.java:1189)
	at org.apache.tools.ant.Main.runBuild(Main.java:758)
	at org.apache.tools.ant.Main.startAnt(Main.java:217)
	at org.apache.tools.ant.launch.Launcher.run(Launcher.java:257)
	at org.apache.tools.ant.launch.Launcher.main(Launcher.java:104)
Caused by: D:\BDA\DynamicExtentions\software\DynamicExtentions\build.xml:368: java.sql.SQLException: Access denied for user 'root'@'localhost' (using password: YES)
	at org.apache.tools.ant.taskdefs.JDBCTask.getConnection(JDBCTask.java:329)
	at org.apache.tools.ant.taskdefs.SQLExec.execute(SQLExec.java:429)
	at org.apache.tools.ant.UnknownElement.execute(UnknownElement.java:288)
	at sun.reflect.NativeMethodAccessorImpl.invoke0(Native Method)
	at sun.reflect.NativeMethodAccessorImpl.invoke(NativeMethodAccessorImpl.java:39)
	at sun.reflect.DelegatingMethodAccessorImpl.invoke(DelegatingMethodAccessorImpl.java:25)
	at java.lang.reflect.Method.invoke(Method.java:585)
	at org.apache.tools.ant.dispatch.DispatchUtils.execute(DispatchUtils.java:106)
	at org.apache.tools.ant.Task.perform(Task.java:348)
	at org.apache.tools.ant.taskdefs.Sequential.execute(Sequential.java:62)
	at net.sf.antcontrib.logic.IfTask.execute(IfTask.java:197)
	at sun.reflect.NativeMethodAccessorImpl.invoke0(Native Method)
	at sun.reflect.NativeMethodAccessorImpl.invoke(NativeMethodAccessorImpl.java:39)
	at sun.reflect.DelegatingMethodAccessorImpl.invoke(DelegatingMethodAccessorImpl.java:25)
	at java.lang.reflect.Method.invoke(Method.java:585)
	at org.apache.tools.ant.dispatch.DispatchUtils.execute(DispatchUtils.java:106)
	at org.apache.tools.ant.TaskAdapter.execute(TaskAdapter.java:154)
	at org.apache.tools.ant.UnknownElement.execute(UnknownElement.java:288)
	at sun.reflect.NativeMethodAccessorImpl.invoke0(Native Method)
	at sun.reflect.NativeMethodAccessorImpl.invoke(NativeMethodAccessorImpl.java:39)
	at sun.reflect.DelegatingMethodAccessorImpl.invoke(DelegatingMethodAccessorImpl.java:25)
	at java.lang.reflect.Method.invoke(Method.java:585)
	at org.apache.tools.ant.dispatch.DispatchUtils.execute(DispatchUtils.java:106)
	at org.apache.tools.ant.Task.perform(Task.java:348)
	at org.apache.tools.ant.Target.execute(Target.java:357)
	at org.apache.tools.ant.Target.performTasks(Target.java:385)
	at org.apache.tools.ant.Project.executeSortedTargets(Project.java:1337)
	at org.apache.tools.ant.helper.SingleCheckExecutor.executeTargets(SingleCheckExecutor.java:38)
	at org.apache.tools.ant.Project.executeTargets(Project.java:1189)
	at org.apache.tools.ant.taskdefs.Ant.execute(Ant.java:416)
	... 16 more
Caused by: java.sql.SQLException: Access denied for user 'root'@'localhost' (using password: YES)
	at com.mysql.jdbc.SQLError.createSQLException(SQLError.java:946)
	at com.mysql.jdbc.MysqlIO.checkErrorPacket(MysqlIO.java:2985)
	at com.mysql.jdbc.MysqlIO.checkErrorPacket(MysqlIO.java:885)
	at com.mysql.jdbc.MysqlIO.secureAuth411(MysqlIO.java:3421)
	at com.mysql.jdbc.MysqlIO.doHandshake(MysqlIO.java:1247)
	at com.mysql.jdbc.Connection.createNewIO(Connection.java:2775)
	at com.mysql.jdbc.Connection.<init>(Connection.java:1555)
	at com.mysql.jdbc.NonRegisteringDriver.connect(NonRegisteringDriver.java:285)
	at org.apache.tools.ant.taskdefs.JDBCTask.getConnection(JDBCTask.java:319)
	... 45 more
--- Nested Exception ---
D:\BDA\DynamicExtentions\software\DynamicExtentions\build.xml:368: java.sql.SQLException: Access denied for user 'root'@'localhost' (using password: YES)
	at org.apache.tools.ant.taskdefs.JDBCTask.getConnection(JDBCTask.java:329)
	at org.apache.tools.ant.taskdefs.SQLExec.execute(SQLExec.java:429)
	at org.apache.tools.ant.UnknownElement.execute(UnknownElement.java:288)
	at sun.reflect.NativeMethodAccessorImpl.invoke0(Native Method)
	at sun.reflect.NativeMethodAccessorImpl.invoke(NativeMethodAccessorImpl.java:39)
	at sun.reflect.DelegatingMethodAccessorImpl.invoke(DelegatingMethodAccessorImpl.java:25)
	at java.lang.reflect.Method.invoke(Method.java:585)
	at org.apache.tools.ant.dispatch.DispatchUtils.execute(DispatchUtils.java:106)
	at org.apache.tools.ant.Task.perform(Task.java:348)
	at org.apache.tools.ant.taskdefs.Sequential.execute(Sequential.java:62)
	at net.sf.antcontrib.logic.IfTask.execute(IfTask.java:197)
	at sun.reflect.NativeMethodAccessorImpl.invoke0(Native Method)
	at sun.reflect.NativeMethodAccessorImpl.invoke(NativeMethodAccessorImpl.java:39)
	at sun.reflect.DelegatingMethodAccessorImpl.invoke(DelegatingMethodAccessorImpl.java:25)
	at java.lang.reflect.Method.invoke(Method.java:585)
	at org.apache.tools.ant.dispatch.DispatchUtils.execute(DispatchUtils.java:106)
	at org.apache.tools.ant.TaskAdapter.execute(TaskAdapter.java:154)
	at org.apache.tools.ant.UnknownElement.execute(UnknownElement.java:288)
	at sun.reflect.NativeMethodAccessorImpl.invoke0(Native Method)
	at sun.reflect.NativeMethodAccessorImpl.invoke(NativeMethodAccessorImpl.java:39)
	at sun.reflect.DelegatingMethodAccessorImpl.invoke(DelegatingMethodAccessorImpl.java:25)
	at java.lang.reflect.Method.invoke(Method.java:585)
	at org.apache.tools.ant.dispatch.DispatchUtils.execute(DispatchUtils.java:106)
	at org.apache.tools.ant.Task.perform(Task.java:348)
	at org.apache.tools.ant.Target.execute(Target.java:357)
	at org.apache.tools.ant.Target.performTasks(Target.java:385)
	at org.apache.tools.ant.Project.executeSortedTargets(Project.java:1337)
	at org.apache.tools.ant.helper.SingleCheckExecutor.executeTargets(SingleCheckExecutor.java:38)
	at org.apache.tools.ant.Project.executeTargets(Project.java:1189)
	at org.apache.tools.ant.taskdefs.Ant.execute(Ant.java:416)
	at org.apache.tools.ant.UnknownElement.execute(UnknownElement.java:288)
	at sun.reflect.GeneratedMethodAccessor7.invoke(Unknown Source)
	at sun.reflect.DelegatingMethodAccessorImpl.invoke(DelegatingMethodAccessorImpl.java:25)
	at java.lang.reflect.Method.invoke(Method.java:585)
	at org.apache.tools.ant.dispatch.DispatchUtils.execute(DispatchUtils.java:106)
	at org.apache.tools.ant.Task.perform(Task.java:348)
	at org.apache.tools.ant.Target.execute(Target.java:357)
	at org.apache.tools.ant.Target.performTasks(Target.java:385)
	at org.apache.tools.ant.Project.executeSortedTargets(Project.java:1337)
	at org.apache.tools.ant.Project.executeTarget(Project.java:1306)
	at org.apache.tools.ant.helper.DefaultExecutor.executeTargets(DefaultExecutor.java:41)
	at org.apache.tools.ant.Project.executeTargets(Project.java:1189)
	at org.apache.tools.ant.Main.runBuild(Main.java:758)
	at org.apache.tools.ant.Main.startAnt(Main.java:217)
	at org.apache.tools.ant.launch.Launcher.run(Launcher.java:257)
	at org.apache.tools.ant.launch.Launcher.main(Launcher.java:104)
Caused by: java.sql.SQLException: Access denied for user 'root'@'localhost' (using password: YES)
	at com.mysql.jdbc.SQLError.createSQLException(SQLError.java:946)
	at com.mysql.jdbc.MysqlIO.checkErrorPacket(MysqlIO.java:2985)
	at com.mysql.jdbc.MysqlIO.checkErrorPacket(MysqlIO.java:885)
	at com.mysql.jdbc.MysqlIO.secureAuth411(MysqlIO.java:3421)
	at com.mysql.jdbc.MysqlIO.doHandshake(MysqlIO.java:1247)
	at com.mysql.jdbc.Connection.createNewIO(Connection.java:2775)
	at com.mysql.jdbc.Connection.<init>(Connection.java:1555)
	at com.mysql.jdbc.NonRegisteringDriver.connect(NonRegisteringDriver.java:285)
	at org.apache.tools.ant.taskdefs.JDBCTask.getConnection(JDBCTask.java:319)
	... 45 more
--- Nested Exception ---
java.sql.SQLException: Access denied for user 'root'@'localhost' (using password: YES)
	at com.mysql.jdbc.SQLError.createSQLException(SQLError.java:946)
	at com.mysql.jdbc.MysqlIO.checkErrorPacket(MysqlIO.java:2985)
	at com.mysql.jdbc.MysqlIO.checkErrorPacket(MysqlIO.java:885)
	at com.mysql.jdbc.MysqlIO.secureAuth411(MysqlIO.java:3421)
	at com.mysql.jdbc.MysqlIO.doHandshake(MysqlIO.java:1247)
	at com.mysql.jdbc.Connection.createNewIO(Connection.java:2775)
	at com.mysql.jdbc.Connection.<init>(Connection.java:1555)
	at com.mysql.jdbc.NonRegisteringDriver.connect(NonRegisteringDriver.java:285)
	at org.apache.tools.ant.taskdefs.JDBCTask.getConnection(JDBCTask.java:319)
	at org.apache.tools.ant.taskdefs.SQLExec.execute(SQLExec.java:429)
	at org.apache.tools.ant.UnknownElement.execute(UnknownElement.java:288)
	at sun.reflect.NativeMethodAccessorImpl.invoke0(Native Method)
	at sun.reflect.NativeMethodAccessorImpl.invoke(NativeMethodAccessorImpl.java:39)
	at sun.reflect.DelegatingMethodAccessorImpl.invoke(DelegatingMethodAccessorImpl.java:25)
	at java.lang.reflect.Method.invoke(Method.java:585)
	at org.apache.tools.ant.dispatch.DispatchUtils.execute(DispatchUtils.java:106)
	at org.apache.tools.ant.Task.perform(Task.java:348)
	at org.apache.tools.ant.taskdefs.Sequential.execute(Sequential.java:62)
	at net.sf.antcontrib.logic.IfTask.execute(IfTask.java:197)
	at sun.reflect.NativeMethodAccessorImpl.invoke0(Native Method)
	at sun.reflect.NativeMethodAccessorImpl.invoke(NativeMethodAccessorImpl.java:39)
	at sun.reflect.DelegatingMethodAccessorImpl.invoke(DelegatingMethodAccessorImpl.java:25)
	at java.lang.reflect.Method.invoke(Method.java:585)
	at org.apache.tools.ant.dispatch.DispatchUtils.execute(DispatchUtils.java:106)
	at org.apache.tools.ant.TaskAdapter.execute(TaskAdapter.java:154)
	at org.apache.tools.ant.UnknownElement.execute(UnknownElement.java:288)
	at sun.reflect.NativeMethodAccessorImpl.invoke0(Native Method)
	at sun.reflect.NativeMethodAccessorImpl.invoke(NativeMethodAccessorImpl.java:39)
	at sun.reflect.DelegatingMethodAccessorImpl.invoke(DelegatingMethodAccessorImpl.java:25)
	at java.lang.reflect.Method.invoke(Method.java:585)
	at org.apache.tools.ant.dispatch.DispatchUtils.execute(DispatchUtils.java:106)
	at org.apache.tools.ant.Task.perform(Task.java:348)
	at org.apache.tools.ant.Target.execute(Target.java:357)
	at org.apache.tools.ant.Target.performTasks(Target.java:385)
	at org.apache.tools.ant.Project.executeSortedTargets(Project.java:1337)
	at org.apache.tools.ant.helper.SingleCheckExecutor.executeTargets(SingleCheckExecutor.java:38)
	at org.apache.tools.ant.Project.executeTargets(Project.java:1189)
	at org.apache.tools.ant.taskdefs.Ant.execute(Ant.java:416)
	at org.apache.tools.ant.UnknownElement.execute(UnknownElement.java:288)
	at sun.reflect.GeneratedMethodAccessor7.invoke(Unknown Source)
	at sun.reflect.DelegatingMethodAccessorImpl.invoke(DelegatingMethodAccessorImpl.java:25)
	at java.lang.reflect.Method.invoke(Method.java:585)
	at org.apache.tools.ant.dispatch.DispatchUtils.execute(DispatchUtils.java:106)
	at org.apache.tools.ant.Task.perform(Task.java:348)
	at org.apache.tools.ant.Target.execute(Target.java:357)
	at org.apache.tools.ant.Target.performTasks(Target.java:385)
	at org.apache.tools.ant.Project.executeSortedTargets(Project.java:1337)
	at org.apache.tools.ant.Project.executeTarget(Project.java:1306)
	at org.apache.tools.ant.helper.DefaultExecutor.executeTargets(DefaultExecutor.java:41)
	at org.apache.tools.ant.Project.executeTargets(Project.java:1189)
	at org.apache.tools.ant.Main.runBuild(Main.java:758)
	at org.apache.tools.ant.Main.startAnt(Main.java:217)
	at org.apache.tools.ant.launch.Launcher.run(Launcher.java:257)
	at org.apache.tools.ant.launch.Launcher.main(Launcher.java:104)
