
validate:pre:build:
     [echo] Checking for existence of GLOBUS_LOCATION envrironment variable.
     [echo] wscore.relative.dir = ws-core-4.0.3
     [echo] GLOBUS_LOCATION not set, downloading and installing http://gforge.nci.nih.gov/svnroot/commonlibrary/trunk/techstack-2006/os-independent/ws-core-enum-4.0.3.zip

clean:
   [delete] Deleting directory D:\BDA\DynamicExtentions\software\target\dist
   [delete] Deleting directory D:\BDA\DynamicExtentions\software\target\temp

init:
     [echo]  ______   ______   _______ 
     [echo] (____  \ (______) (_______)
     [echo]  ____)  ) _     _  _______ 
     [echo] |  __  ( | |   | ||  ___  |
     [echo] | |__)  )| |__/ / | |   | |
     [echo] |______/ |_____/  |_|   |_|
    [mkdir] Created dir: D:\BDA\DynamicExtentions\software\target\dist
    [mkdir] Created dir: D:\BDA\DynamicExtentions\software\target\dist\exploded
    [mkdir] Created dir: D:\BDA\DynamicExtentions\software\target\dist\exploded\DynamicExtentions-api
    [mkdir] Created dir: D:\BDA\DynamicExtentions\software\target\dist\exploded\DynamicExtentions-webapp
    [mkdir] Created dir: D:\BDA\DynamicExtentions\software\target\dist\exploded\common
    [mkdir] Created dir: D:\BDA\DynamicExtentions\software\target\dist\exploded\tools
    [mkdir] Created dir: D:\BDA\DynamicExtentions\software\target\temp

build:DynamicExtentions-api:

build:DynamicExtentions-webapp:
Trying to override old definition of task shellscript
Trying to override old definition of task propertycopy
Trying to override old definition of task pathtofileset
Trying to override old definition of task remoteant
Trying to override old definition of task runtarget
Trying to override old definition of task assert
Trying to override old definition of task propertyregex
Trying to override old definition of task math
Trying to override old definition of task trycatch
Trying to override old definition of task antserver
Trying to override old definition of task antcallback
Trying to override old definition of task compilewithwalls
Trying to override old definition of task outofdate
Trying to override old definition of task osfamily
Trying to override old definition of task stopwatch
Trying to override old definition of task throw
Trying to override old definition of task antclipse
Trying to override old definition of task urlencode
Trying to override old definition of task timestampselector
Trying to override old definition of task foreach
Trying to override old definition of task if
Trying to override old definition of task propertyselector
Trying to override old definition of task sortlist
Trying to override old definition of task antfetch
Trying to override old definition of task post
Trying to override old definition of task forget
Trying to override old definition of task limit
Trying to override old definition of task switch
Trying to override old definition of task var
Trying to override old definition of task inifile
Trying to override old definition of task verifydesign

init:
   [delete] Deleting directory D:\BDA\DynamicExtentions\software\DynamicExtentions\binaries\classes
   [delete] Deleting directory D:\BDA\DynamicExtentions\software\DynamicExtentions\build
    [mkdir] Created dir: D:\BDA\DynamicExtentions\software\DynamicExtentions\binaries\classes
    [mkdir] Created dir: D:\BDA\DynamicExtentions\software\DynamicExtentions\build

compile:
    [javac] Compiling 448 source files to D:\BDA\DynamicExtentions\software\DynamicExtentions\binaries\classes
    [javac] Note: Some input files use or override a deprecated API.
    [javac] Note: Recompile with -Xlint:deprecation for details.
    [javac] Note: Some input files use unchecked or unsafe operations.
    [javac] Note: Recompile with -Xlint:unchecked for details.
     [copy] Copying 65 files to D:\BDA\DynamicExtentions\software\DynamicExtentions\binaries\classes

remove_generics:
    [mkdir] Created dir: D:\BDA\DynamicExtentions\software\DynamicExtentions\temp
     [echo] Pattern used to remove generics : <[^=(]*>|(for\s?\(.+:.+\))
     [copy] Copying 138 files to D:\BDA\DynamicExtentions\software\DynamicExtentions\temp

generate_hbm:
[hibernatedoclet] Generating mapping file for edu.common.dynamicextensions.domain.AttributeRecord.
[hibernatedoclet]    edu.common.dynamicextensions.domain.AttributeRecord
[hibernatedoclet] Generating mapping file for edu.common.dynamicextensions.domain.FileExtension.
[hibernatedoclet]    edu.common.dynamicextensions.domain.FileExtension
[hibernatedoclet] Generating mapping file for edu.common.dynamicextensions.domain.PermissibleValue.
[hibernatedoclet]    edu.common.dynamicextensions.domain.PermissibleValue
[hibernatedoclet]    edu.common.dynamicextensions.domain.DoubleValue
[hibernatedoclet]    edu.common.dynamicextensions.domain.ByteArrayValue
[hibernatedoclet]    edu.common.dynamicextensions.domain.BooleanValue
[hibernatedoclet]    edu.common.dynamicextensions.domain.DateValue
[hibernatedoclet]    edu.common.dynamicextensions.domain.FloatValue
[hibernatedoclet]    edu.common.dynamicextensions.domain.LongValue
[hibernatedoclet]    edu.common.dynamicextensions.domain.StringValue
[hibernatedoclet]    edu.common.dynamicextensions.domain.ShortValue
[hibernatedoclet]    edu.common.dynamicextensions.domain.IntegerValue
[hibernatedoclet] Generating mapping file for edu.common.dynamicextensions.domain.AttributeTypeInformation.
[hibernatedoclet]    edu.common.dynamicextensions.domain.AttributeTypeInformation
[hibernatedoclet]    edu.common.dynamicextensions.domain.ByteArrayAttributeTypeInformation
[hibernatedoclet]    edu.common.dynamicextensions.domain.FileAttributeTypeInformation
[hibernatedoclet]    edu.common.dynamicextensions.domain.StringAttributeTypeInformation
[hibernatedoclet]    edu.common.dynamicextensions.domain.ObjectAttributeTypeInformation
[hibernatedoclet]    edu.common.dynamicextensions.domain.DateAttributeTypeInformation
[hibernatedoclet]    edu.common.dynamicextensions.domain.BooleanAttributeTypeInformation
[hibernatedoclet]    edu.common.dynamicextensions.domain.NumericAttributeTypeInformation
[hibernatedoclet]    edu.common.dynamicextensions.domain.DoubleAttributeTypeInformation
[hibernatedoclet]    edu.common.dynamicextensions.domain.ShortAttributeTypeInformation
[hibernatedoclet]    edu.common.dynamicextensions.domain.IntegerAttributeTypeInformation
[hibernatedoclet]    edu.common.dynamicextensions.domain.LongAttributeTypeInformation
[hibernatedoclet]    edu.common.dynamicextensions.domain.FloatAttributeTypeInformation
[hibernatedoclet] Generating mapping file for edu.common.dynamicextensions.domain.userinterface.View.
[hibernatedoclet]    edu.common.dynamicextensions.domain.userinterface.View
[hibernatedoclet] Generating mapping file for edu.common.dynamicextensions.domain.ObjectAttributeRecordValue.
[hibernatedoclet]    edu.common.dynamicextensions.domain.ObjectAttributeRecordValue
[hibernatedoclet] Generating mapping file for edu.common.dynamicextensions.domain.Role.
[hibernatedoclet]    edu.common.dynamicextensions.domain.Role
[hibernatedoclet] Generating mapping file for edu.common.dynamicextensions.domain.Path.
[hibernatedoclet]    edu.common.dynamicextensions.domain.Path
[hibernatedoclet] Generating mapping file for edu.common.dynamicextensions.domain.integration.EntityMapCondition.
[hibernatedoclet]    edu.common.dynamicextensions.domain.integration.EntityMapCondition
[hibernatedoclet] Generating mapping file for edu.common.dynamicextensions.domain.databaseproperties.DatabaseProperties.
[hibernatedoclet]    edu.common.dynamicextensions.domain.databaseproperties.DatabaseProperties
[hibernatedoclet]    edu.common.dynamicextensions.domain.databaseproperties.TableProperties
[hibernatedoclet]    edu.common.dynamicextensions.domain.databaseproperties.ColumnProperties
[hibernatedoclet]    edu.common.dynamicextensions.domain.databaseproperties.ConstraintProperties
[hibernatedoclet] Generating mapping file for edu.common.dynamicextensions.domain.integration.FormContext.
[hibernatedoclet]    edu.common.dynamicextensions.domain.integration.FormContext
[hibernatedoclet] Generating mapping file for edu.common.dynamicextensions.domain.databaseproperties.ConstraintKeyProperties.
[hibernatedoclet]    edu.common.dynamicextensions.domain.databaseproperties.ConstraintKeyProperties
[hibernatedoclet] Generating mapping file for edu.common.dynamicextensions.domain.AbstractMetadata.
[hibernatedoclet]    edu.common.dynamicextensions.domain.AbstractMetadata
[hibernatedoclet]    edu.common.dynamicextensions.domain.EntityGroup
[hibernatedoclet]    edu.common.dynamicextensions.domain.Category
[hibernatedoclet]    edu.common.dynamicextensions.domain.BaseAbstractAttribute
[hibernatedoclet]    edu.common.dynamicextensions.domain.AbstractAttribute
[hibernatedoclet]    edu.common.dynamicextensions.domain.Attribute
[hibernatedoclet]    edu.common.dynamicextensions.domain.Association
[hibernatedoclet]    edu.common.dynamicextensions.domain.CategoryAttribute
[hibernatedoclet]    edu.common.dynamicextensions.domain.CategoryAssociation
[hibernatedoclet]    edu.common.dynamicextensions.domain.AbstractEntity
[hibernatedoclet]    edu.common.dynamicextensions.domain.Entity
[hibernatedoclet]    edu.common.dynamicextensions.domain.CategoryEntity
[hibernatedoclet] Generating mapping file for edu.common.dynamicextensions.domain.validationrules.RuleParameter.
[hibernatedoclet]    edu.common.dynamicextensions.domain.validationrules.RuleParameter
[hibernatedoclet] Generating mapping file for edu.common.dynamicextensions.domain.userinterface.Container.
[hibernatedoclet]    edu.common.dynamicextensions.domain.userinterface.Container
[hibernatedoclet] Generating mapping file for edu.common.dynamicextensions.domain.DataElement.
[hibernatedoclet]    edu.common.dynamicextensions.domain.DataElement
[hibernatedoclet]    edu.common.dynamicextensions.domain.UserDefinedDE
[hibernatedoclet]    edu.common.dynamicextensions.domain.CaDSRDE
[hibernatedoclet] Generating mapping file for edu.common.dynamicextensions.domain.PathAssociationRelation.
[hibernatedoclet]    edu.common.dynamicextensions.domain.PathAssociationRelation
[hibernatedoclet] Generating mapping file for edu.common.dynamicextensions.domain.DESQLAudit.
[hibernatedoclet]    edu.common.dynamicextensions.domain.DESQLAudit
[hibernatedoclet] Generating mapping file for edu.common.dynamicextensions.domain.IdGenerator.
[hibernatedoclet]    edu.common.dynamicextensions.domain.IdGenerator
[hibernatedoclet] Generating mapping file for edu.common.dynamicextensions.domain.FileAttributeRecordValue.
[hibernatedoclet]    edu.common.dynamicextensions.domain.FileAttributeRecordValue
[hibernatedoclet] Generating mapping file for edu.common.dynamicextensions.domain.validationrules.Rule.
[hibernatedoclet]    edu.common.dynamicextensions.domain.validationrules.Rule
[hibernatedoclet] Generating mapping file for edu.common.dynamicextensions.domain.SemanticProperty.
[hibernatedoclet]    edu.common.dynamicextensions.domain.SemanticProperty
[hibernatedoclet] Generating mapping file for edu.common.dynamicextensions.domain.integration.EntityMapRecord.
[hibernatedoclet]    edu.common.dynamicextensions.domain.integration.EntityMapRecord
[hibernatedoclet] Generating mapping file for edu.common.dynamicextensions.domain.CaDSRValueDomainInfo.
[hibernatedoclet]    edu.common.dynamicextensions.domain.CaDSRValueDomainInfo
[hibernatedoclet] Generating mapping file for edu.common.dynamicextensions.domain.AssociationDisplayAttribute.
[hibernatedoclet]    edu.common.dynamicextensions.domain.AssociationDisplayAttribute
[hibernatedoclet] Generating mapping file for edu.common.dynamicextensions.domain.FormControlNotes.
[hibernatedoclet]    edu.common.dynamicextensions.domain.FormControlNotes
[hibernatedoclet] Generating mapping file for edu.common.dynamicextensions.domain.userinterface.Control.
[hibernatedoclet]    edu.common.dynamicextensions.domain.userinterface.Control
[hibernatedoclet]    edu.common.dynamicextensions.domain.userinterface.DataGrid
[hibernatedoclet]    edu.common.dynamicextensions.domain.userinterface.AbstractContainmentControl
[hibernatedoclet]    edu.common.dynamicextensions.domain.userinterface.ContainmentAssociationControl
[hibernatedoclet]    edu.common.dynamicextensions.domain.userinterface.CategoryAssociationControl
[hibernatedoclet]    edu.common.dynamicextensions.domain.userinterface.RadioButton
[hibernatedoclet]    edu.common.dynamicextensions.domain.userinterface.TextField
[hibernatedoclet]    edu.common.dynamicextensions.domain.userinterface.FileUploadControl
[hibernatedoclet]    edu.common.dynamicextensions.domain.userinterface.DatePicker
[hibernatedoclet]    edu.common.dynamicextensions.domain.userinterface.SelectControl
[hibernatedoclet]    edu.common.dynamicextensions.domain.userinterface.ListBox
[hibernatedoclet]    edu.common.dynamicextensions.domain.userinterface.ComboBox
[hibernatedoclet]    edu.common.dynamicextensions.domain.userinterface.Label
[hibernatedoclet]    edu.common.dynamicextensions.domain.userinterface.TextArea
[hibernatedoclet]    edu.common.dynamicextensions.domain.userinterface.CheckBox
[hibernatedoclet] Generating mapping file for edu.common.dynamicextensions.domain.CollectionAttributeRecordValue.
[hibernatedoclet]    edu.common.dynamicextensions.domain.CollectionAttributeRecordValue
[hibernatedoclet] Generating mapping file for edu.common.dynamicextensions.domain.integration.EntityMap.
[hibernatedoclet]    edu.common.dynamicextensions.domain.integration.EntityMap
[hibernatedoclet] Generating mapping file for edu.common.dynamicextensions.domain.TaggedValue.
[hibernatedoclet]    edu.common.dynamicextensions.domain.TaggedValue
[hibernatedoclet] Generating mapping file for edu.common.dynamicextensions.domain.Formula.
[hibernatedoclet]    edu.common.dynamicextensions.domain.Formula
     [move] Moving 1 file to D:\BDA\DynamicExtentions\software\DynamicExtentions\src\java\edu\common\dynamicextensions\domain\userinterface
     [copy] Copying 31 files to D:\BDA\DynamicExtentions\software\DynamicExtentions\src\java\edu\common\dynamicextensions\hbm
   [delete] Deleting directory D:\BDA\DynamicExtentions\software\DynamicExtentions\temp

build_jar:
 [buildJar] Building jar: D:\BDA\DynamicExtentions\software\DynamicExtentions\build\cawebeav.jar

init_build_war:
    [mkdir] Created dir: D:\BDA\DynamicExtentions\software\dynamicExtentions\tmp
    [mkdir] Created dir: D:\BDA\DynamicExtentions\software\dynamicExtentions\tmp\WEB-INF\classes
    [mkdir] Created dir: D:\BDA\DynamicExtentions\software\dynamicExtentions\tmp\de
    [mkdir] Created dir: D:\BDA\DynamicExtentions\software\dynamicExtentions\tmp\WEB-INF\lib
    [mkdir] Created dir: D:\BDA\DynamicExtentions\software\dynamicExtentions\tmp\de\css
    [mkdir] Created dir: D:\BDA\DynamicExtentions\software\dynamicExtentions\tmp\de\jss
    [mkdir] Created dir: D:\BDA\DynamicExtentions\software\dynamicExtentions\tmp\de\dhtml_comp
     [copy] Copying 572 files to D:\BDA\DynamicExtentions\software\dynamicExtentions\tmp\WEB-INF\classes
     [copy] Copying 104 files to D:\BDA\DynamicExtentions\software\dynamicExtentions\tmp\WEB-INF\lib
     [copy] Copying 12 files to D:\BDA\DynamicExtentions\software\dynamicExtentions\tmp\WEB-INF
     [copy] Copying 47 files to D:\BDA\DynamicExtentions\software\dynamicExtentions\tmp
     [copy] Copying 354 files to D:\BDA\DynamicExtentions\software\dynamicExtentions\tmp\de
     [copy] Copying 7 files to D:\BDA\DynamicExtentions\software\dynamicExtentions\tmp\de\css
     [copy] Copying 17 files to D:\BDA\DynamicExtentions\software\dynamicExtentions\tmp\de\jss
     [copy] Copying 147 files to D:\BDA\DynamicExtentions\software\dynamicExtentions\tmp\de\dhtml_comp
     [copy] Copying 1 file to D:\BDA\DynamicExtentions\software\dynamicExtentions\tmp\WEB-INF
     [copy] Copying 1 file to D:\BDA\DynamicExtentions\software\dynamicExtentions\tmp
     [copy] Copying 1 file to D:\BDA\DynamicExtentions\software\dynamicExtentions\tmp

build_app_war:
      [war] Building war: D:\BDA\DynamicExtentions\software\DynamicExtentions\dynamicExtensions.war
     [copy] Copying 1 file to D:\BDA\DynamicExtentions\software\target\dist\exploded\DynamicExtentions-webapp
     [copy] Copying 1 file to D:\BDA\DynamicExtentions\software\DynamicExtentions\build
   [delete] Deleting: D:\BDA\DynamicExtentions\software\DynamicExtentions\dynamicExtensions.war
   [delete] Deleting directory D:\BDA\DynamicExtentions\software\dynamicExtentions\tmp

generate_schema:
     [echo] false
     [java] INFO  [org.hibernate.cfg.Environment] 	Hibernate 3.1.3
     [java] INFO  [org.hibernate.cfg.Environment] 	loaded properties from resource hibernate.properties: {hibernate.statement_cache.size=25, hibernate.cglib.use_reflection_optimizer=true, hibernate.connection.pool_size=1, hibernate.use_outer_join=true, hibernate.show_sql=true}
     [java] INFO  [org.hibernate.cfg.Environment] 	using CGLIB reflection optimizer
     [java] INFO  [org.hibernate.cfg.Environment] 	using JDK 1.4 java.sql.Timestamp handling
     [java] INFO  [org.hibernate.dialect.Dialect] 	Using dialect: org.hibernate.dialect.Oracle9Dialect
     [java] INFO  [org.hibernate.tool.hbm2ddl.SchemaExport] 	Running hbm2ddl schema export
     [java] INFO  [org.hibernate.tool.hbm2ddl.SchemaExport] 	writing generated schema to file: query.sql
     [java] INFO  [org.hibernate.tool.hbm2ddl.SchemaExport] 	schema export complete

dist:

build:all:

BUILD SUCCESSFUL
