
validate:pre:build:
     [echo] Checking for existence of GLOBUS_LOCATION envrironment variable.
     [echo] wscore.relative.dir = ws-core-4.0.3
     [echo] GLOBUS_LOCATION not set, downloading and installing http://gforge.nci.nih.gov/svnroot/commonlibrary/trunk/techstack-2006/os-independent/ws-core-enum-4.0.3.zip

clean:
   [delete] Deleting directory D:\BDA\DynamicExtentions\software\target\dist
   [delete] Deleting directory D:\BDA\DynamicExtentions\software\target\temp

init:
     [echo]  ______   ______   _______ 
     [echo] (____  \ (______) (_______)
     [echo]  ____)  ) _     _  _______ 
     [echo] |  __  ( | |   | ||  ___  |
     [echo] | |__)  )| |__/ / | |   | |
     [echo] |______/ |_____/  |_|   |_|
    [mkdir] Created dir: D:\BDA\DynamicExtentions\software\target\dist
    [mkdir] Created dir: D:\BDA\DynamicExtentions\software\target\dist\exploded
    [mkdir] Created dir: D:\BDA\DynamicExtentions\software\target\dist\exploded\DynamicExtentions-api
    [mkdir] Created dir: D:\BDA\DynamicExtentions\software\target\dist\exploded\DynamicExtentions-webapp
    [mkdir] Created dir: D:\BDA\DynamicExtentions\software\target\dist\exploded\common
    [mkdir] Created dir: D:\BDA\DynamicExtentions\software\target\dist\exploded\tools
    [mkdir] Created dir: D:\BDA\DynamicExtentions\software\target\temp

build:DynamicExtentions-api:

build:DynamicExtentions-webapp:
Trying to override old definition of task shellscript
Trying to override old definition of task propertycopy
Trying to override old definition of task pathtofileset
Trying to override old definition of task remoteant
Trying to override old definition of task runtarget
Trying to override old definition of task assert
Trying to override old definition of task propertyregex
Trying to override old definition of task math
Trying to override old definition of task trycatch
Trying to override old definition of task antserver
Trying to override old definition of task antcallback
Trying to override old definition of task compilewithwalls
Trying to override old definition of task outofdate
Trying to override old definition of task osfamily
Trying to override old definition of task stopwatch
Trying to override old definition of task throw
Trying to override old definition of task antclipse
Trying to override old definition of task urlencode
Trying to override old definition of task timestampselector
Trying to override old definition of task foreach
Trying to override old definition of task if
Trying to override old definition of task propertyselector
Trying to override old definition of task sortlist
Trying to override old definition of task antfetch
Trying to override old definition of task post
Trying to override old definition of task forget
Trying to override old definition of task limit
Trying to override old definition of task switch
Trying to override old definition of task var
Trying to override old definition of task inifile
Trying to override old definition of task verifydesign

init:
   [delete] Deleting directory D:\BDA\DynamicExtentions\software\DynamicExtentions\src\conf
   [delete] Deleting directory D:\BDA\DynamicExtentions\software\DynamicExtentions\build
    [mkdir] Created dir: D:\BDA\DynamicExtentions\software\DynamicExtentions\src\conf
    [mkdir] Created dir: D:\BDA\DynamicExtentions\software\DynamicExtentions\build

compile:
    [javac] Compiling 440 source files to D:\BDA\DynamicExtentions\software\DynamicExtentions\src\conf
    [javac] Note: Some input files use or override a deprecated API.
    [javac] Note: Recompile with -Xlint:deprecation for details.
    [javac] Note: Some input files use unchecked or unsafe operations.
    [javac] Note: Recompile with -Xlint:unchecked for details.
     [copy] Copying 36 files to D:\BDA\DynamicExtentions\software\DynamicExtentions\src\conf

build_app_war:
   [delete] Deleting: D:\BDA\DynamicExtentions\software\DynamicExtentions\dynamicExtensions.war
      [war] Building war: D:\BDA\DynamicExtentions\software\DynamicExtentions\dynamicExtensions.war

dist:
     [copy] Copying 1 file to D:\BDA\DynamicExtentions\software\target\dist\exploded\DynamicExtentions-webapp

build:all:

dist:tools:retrieve:jboss:

dist:tools:retrieve:jbosscp:

dist:tools:retrieve:

dist:tools:retrieve:jboss-bindings:
      [get] Getting: http://gforge.nci.nih.gov/svnroot/automation/trunk/resources/jboss-bindings/ncicb-jboss4.0.x-bindings.xml
      [get] To: D:\BDA\DynamicExtentions\software\target\dist\exploded\ncicb-jboss4.0.x-bindings.xml

dist:installer:prep:
     [copy] Copying 1 file to D:\BDA\DynamicExtentions\software\target\dist\exploded\db\db-install
     [copy] Copied 3 empty directories to 2 empty directories under D:\BDA\DynamicExtentions\software\target\dist\exploded\db\db-install
     [copy] Copying 52 files to D:\BDA\DynamicExtentions\software\target\dist\exploded\bda-utils\resource
     [copy] Copied 6 empty directories to 1 empty directory under D:\BDA\DynamicExtentions\software\target\dist\exploded\bda-utils\resource
     [copy] Copying 1 file to D:\BDA\DynamicExtentions\software\target\dist\exploded\db\db-upgrade
     [copy] Copied 3 empty directories to 2 empty directories under D:\BDA\DynamicExtentions\software\target\dist\exploded\db\db-upgrade
     [echo] Copying build and property files
     [copy] Copying 4 files to D:\BDA\DynamicExtentions\software\target\dist\exploded
     [move] Moving 1 file to D:\BDA\DynamicExtentions\software\target\dist\exploded
     [echo] Copying bda-utils dir
     [copy] Copying 155 files to D:\BDA\DynamicExtentions\software\target\dist\exploded\bda-utils
     [echo] Copying common dir
     [copy] Copying 12 files to D:\BDA\DynamicExtentions\software\target\dist\exploded\common
     [echo] Copying tools dir
     [copy] Copying 4 files to D:\BDA\DynamicExtentions\software\target\dist\exploded\tools

deploy:local:install:
     [exec] Buildfile: build.xml
     [exec]      [echo] Using properties file of install.properties.
     [exec] Trying to override old definition of task propertycopy
     [exec] Trying to override old definition of task shellscript
     [exec] Trying to override old definition of task pathtofileset
     [exec] Trying to override old definition of task runtarget
     [exec] Trying to override old definition of task remoteant
     [exec] Trying to override old definition of task propertyregex
     [exec] Trying to override old definition of task assert
     [exec] Trying to override old definition of task math
     [exec] Trying to override old definition of task trycatch
     [exec] Trying to override old definition of task antserver
     [exec] Trying to override old definition of task antcallback
     [exec] Trying to override old definition of task compilewithwalls
     [exec] Trying to override old definition of task outofdate
     [exec] Trying to override old definition of task osfamily
     [exec] Trying to override old definition of task stopwatch
     [exec] Trying to override old definition of task throw
     [exec] Trying to override old definition of task antclipse
     [exec] Trying to override old definition of task urlencode
     [exec] Trying to override old definition of task timestampselector
     [exec] Trying to override old definition of task foreach
     [exec] Trying to override old definition of task if
     [exec] Trying to override old definition of task propertyselector
     [exec] Trying to override old definition of task sortlist
     [exec] Trying to override old definition of task antfetch
     [exec] Trying to override old definition of task post
     [exec] Trying to override old definition of task forget
     [exec] Trying to override old definition of task limit
     [exec] Trying to override old definition of task switch
     [exec] Trying to override old definition of task relentless
     [exec] Trying to override old definition of task var
     [exec] Trying to override old definition of task inifile
     [exec] Trying to override old definition of task verifydesign
     [exec] Trying to override old definition of task antlib:org.apache.ant.antunit:antunit
     [exec] Trying to override old definition of task antlib:org.apache.ant.antunit:assertTrue
     [exec] Trying to override old definition of task antlib:org.apache.ant.antunit:expectfailure
     [exec] Trying to override old definition of datatype antlib:org.apache.ant.antunit:plainlistener
     [exec] Trying to override old definition of datatype antlib:org.apache.ant.antunit:xmllistener
     [exec] Trying to override old definition of datatype antlib:org.apache.ant.antunit:logcapturer
     [exec] Trying to override old definition of datatype antlib:org.apache.ant.antunit:logcontains
     [exec] Trying to override old definition of datatype antlib:org.apache.ant.antunit:logcontent
     [exec] Trying to override old definition of task for
     [exec]     [mkdir] Created dir: D:\BDA\DynamicExtentions\software\target\dist\exploded\working\temp
     [exec]    [delete] Deleting directory D:\BDA\DynamicExtentions\software\target\dist\exploded\working
     [exec]     [mkdir] Created dir: D:\BDA\DynamicExtentions\software\target\dist\exploded\working
     [exec] 
     [exec] init:install:
     [exec]      [echo] application.base.path=c:/apps/DynamicExtentions-webapp
     [exec]      [echo] Using custom JBoss port configurations
     [exec] 
     [exec] init:common:
     [exec] [echoproperties] #Ant properties
     [exec] [echoproperties] #Thu Jul 30 12:38:28 GMT+05:30 2009
     [exec] [echoproperties] database.context.path=DynamicExtentions-webapp
     [exec] [echoproperties] database.dialect=org.hibernate.dialect.MySQLDialect
     [exec] [echoproperties] database.driver=com.mysql.jdbc.Driver
     [exec] [echoproperties] database.driver.file=D\:\\BDA\\DynamicExtentions\\software\\target\\dist\\exploded\\bda-utils/mysql-connector-java-5.0.5.jar
     [exec] [echoproperties] database.jndi.datasource.name=jdbc/bdaDS
     [exec] [echoproperties] database.name=de
     [exec] [echoproperties] database.password=deuser
     [exec] [echoproperties] database.port=3306
     [exec] [echoproperties] database.re-create=true
     [exec] [echoproperties] database.release.version=1.1
     [exec] [echoproperties] database.schema=de
     [exec] [echoproperties] database.server=localhost
     [exec] [echoproperties] database.system.password=root123
     [exec] [echoproperties] database.system.url=jdbc\:mysql\://localhost\:3306/
     [exec] [echoproperties] database.system.user=root
     [exec] [echoproperties] database.type=mysql
     [exec] [echoproperties] database.url=jdbc\:mysql\://localhost\:3306/de
     [exec] [echoproperties] database.user=deuser
     [exec]      [echo] Properties file type = install
     [exec]     [mkdir] Created dir: D:\BDA\DynamicExtentions\software\target\dist\exploded\logs
     [exec] 
     [exec] install:validation:pre-install:
     [exec] [echoproperties] #Ant properties
     [exec] [echoproperties] #Thu Jul 30 12:38:28 GMT+05:30 2009
     [exec] [echoproperties] DSTAMP=20090730
     [exec] [echoproperties] DynamicExtentions-api.dist.relative.dir=DynamicExtentions-api
     [exec] [echoproperties] DynamicExtentions-webapp.dir.dist=D\:\\BDA\\DynamicExtentions\\software\\target\\dist\\exploded\\DynamicExtentions-webapp
     [exec] [echoproperties] DynamicExtentions-webapp.dist.relative.dir=DynamicExtentions-webapp
     [exec] [echoproperties] DynamicExtentions-webapp.ds.file=DynamicExtentions-ds.xml
     [exec] [echoproperties] DynamicExtentions-webapp.install.name=DynamicExtentions_install
     [exec] [echoproperties] DynamicExtentions-webapp.install.zip.file=DynamicExtentions_install_0.1.0.zip
     [exec] [echoproperties] DynamicExtentions-webapp.name=dynamicExtensions
     [exec] [echoproperties] DynamicExtentions-webapp.upgrade.name=DynamicExtentions_ugprade
     [exec] [echoproperties] DynamicExtentions-webapp.upgrade.zip.file=DynamicExtentions_ugprade_0.1.0.zip
     [exec] [echoproperties] DynamicExtentions-webapp.version=0.1.0
     [exec] [echoproperties] DynamicExtentions-webapp.war.file=dynamicExtensions.war
     [exec] [echoproperties] TODAY=July 30 2009
     [exec] [echoproperties] TSTAMP=1238
     [exec] [echoproperties] ant.core.lib=C\:\\apache-ant-1.7.1\\lib\\ant.jar
     [exec] [echoproperties] ant.file=D\:\\BDA\\DynamicExtentions\\software\\target\\dist\\exploded\\build.xml
     [exec] [echoproperties] ant.file.DynamicExtentions-installer=D\:\\BDA\\DynamicExtentions\\software\\target\\dist\\exploded\\build.xml
     [exec] [echoproperties] ant.file.bda-utils=D\:\\BDA\\DynamicExtentions\\software\\target\\dist\\exploded\\bda-utils\\bda-build-utils-0.12.0-beta.xml
     [exec] [echoproperties] ant.home=C\:\\apache-ant-1.7.1
     [exec] [echoproperties] ant.java.version=1.5
     [exec] [echoproperties] ant.library.dir=C\:\\apache-ant-1.7.1\\lib
     [exec] [echoproperties] ant.minimum.version=1.7.0
     [exec] [echoproperties] ant.project.name=DynamicExtentions-installer
     [exec] [echoproperties] ant.version=Apache Ant version 1.7.1 compiled on June 27 2008
     [exec] [echoproperties] antunit.jar=antunit-1.0.jar
     [exec] [echoproperties] application.base.path=c\:/apps/DynamicExtentions-webapp
     [exec] [echoproperties] application.base.path.linux=C\:\\Documents and Settings\\pulkit_kumar/apps/DynamicExtentions-webapp
     [exec] [echoproperties] application.base.path.windows=c\:/apps/DynamicExtentions-webapp
     [exec] [echoproperties] application.context.name=bda
     [exec] [echoproperties] application.url=http\://localhost\:46210/dynamicExtensions
     [exec] [echoproperties] authentication.type=db
     [exec] [echoproperties] awt.toolkit=sun.awt.windows.WToolkit
     [exec] [echoproperties] basedir=D\:\\BDA\\DynamicExtentions\\software\\target\\dist\\exploded
     [exec] [echoproperties] bda-utils.dir=D\:\\BDA\\DynamicExtentions\\software\\target\\dist\\exploded\\bda-utils
     [exec] [echoproperties] bda-utils.resource.dir=D\:\\BDA\\DynamicExtentions\\software\\target\\dist\\exploded\\bda-utils\\resource
     [exec] [echoproperties] bda.version=0.12.0-beta
     [exec] [echoproperties] build.bda.src.url=http\://gforge.nci.nih.gov/svnroot/automation/trunk/software/bda-download/bda-ivy-build.xml
     [exec] [echoproperties] cacore-sdk.binaries.file=caCORE_SDK_411-src.zip
     [exec] [echoproperties] cacore-sdk.binaries.relative.dir=codegen
     [exec] [echoproperties] cacore-sdk.required=true
     [exec] [echoproperties] cacore-sdk.src.url=http\://gforge.nci.nih.gov/svnroot/commonlibrary/trunk/cacore-sdk/4.1.1/caCORE_SDK_411-src.zip
     [exec] [echoproperties] checkstyle.revision.number=0
     [exec] [echoproperties] common.dir.dest=D\:\\BDA\\DynamicExtentions\\software\\target\\dist\\exploded\\working\\common
     [exec] [echoproperties] common.dir.src=D\:\\BDA\\DynamicExtentions\\software\\target\\dist\\exploded\\common
     [exec] [echoproperties] common.dist.relative.dir=common
     [exec] [echoproperties] database.context.path=DynamicExtentions-webapp
     [exec] [echoproperties] database.dialect=org.hibernate.dialect.MySQLDialect
     [exec] [echoproperties] database.driver=com.mysql.jdbc.Driver
     [exec] [echoproperties] database.driver.file=D\:\\BDA\\DynamicExtentions\\software\\target\\dist\\exploded\\bda-utils/mysql-connector-java-5.0.5.jar
     [exec] [echoproperties] database.jndi.datasource.name=jdbc/bdaDS
     [exec] [echoproperties] database.name=de
     [exec] [echoproperties] database.password=deuser
     [exec] [echoproperties] database.port=3306
     [exec] [echoproperties] database.re-create=true
     [exec] [echoproperties] database.release.version=1.1
     [exec] [echoproperties] database.schema=de
     [exec] [echoproperties] database.server=localhost
     [exec] [echoproperties] database.system.password=root123
     [exec] [echoproperties] database.system.url=jdbc\:mysql\://localhost\:3306/
     [exec] [echoproperties] database.system.user=root
     [exec] [echoproperties] database.type=mysql
     [exec] [echoproperties] database.url=jdbc\:mysql\://localhost\:3306/de
     [exec] [echoproperties] database.user=deuser
     [exec] [echoproperties] db-install.dir.dest=D\:\\BDA\\DynamicExtentions\\software\\target\\dist\\exploded\\working\\db\\db-install
     [exec] [echoproperties] db-install.dist.relative.dir=db/db-install
     [exec] [echoproperties] db-upgrade.dir.dest=D\:\\BDA\\DynamicExtentions\\software\\target\\dist\\exploded\\working\\db\\db-upgrade
     [exec] [echoproperties] db-upgrade.dist.relative.dir=db/db-upgrade
     [exec] [echoproperties] db.dir.dest=D\:\\BDA\\DynamicExtentions\\software\\target\\dist\\exploded\\working\\db
     [exec] [echoproperties] db.dir.src=D\:\\BDA\\DynamicExtentions\\software\\target\\dist\\exploded\\db
     [exec] [echoproperties] db.dist.relative.dir=db
     [exec] [echoproperties] db.install.create.mysql.file.list=dynamicextension.sql
     [exec] [echoproperties] db.install.create.oracle.file.list=
     [exec] [echoproperties] db.install.create.postgresql.file.list=
     [exec] [echoproperties] env.ALLUSERSPROFILE=C\:\\Documents and Settings\\All Users
     [exec] [echoproperties] env.ANT_CMD_LINE_ARGS=-Dproperties.file install.properties -Dforce.reinstall true install
     [exec] [echoproperties] env.ANT_HOME=C\:\\apache-ant-1.7.1
     [exec] [echoproperties] env.APPDATA=C\:\\Documents and Settings\\pulkit_kumar\\Application Data
     [exec] [echoproperties] env.CLASSPATH=.;C\:\\Program Files\\Java\\jre6\\lib\\ext\\QTJava.zip
     [exec] [echoproperties] env.CLIENTNAME=Console
     [exec] [echoproperties] env.COMPUTERNAME=PS5301
     [exec] [echoproperties] env.CVSROOT=C\:\\CVS_HOME
     [exec] [echoproperties] env.ComSpec=C\:\\WINDOWS\\system32\\cmd.exe
     [exec] [echoproperties] env.CommonProgramFiles=C\:\\Program Files\\Common Files
     [exec] [echoproperties] env.FP_NO_HOST_CHECK=NO
     [exec] [echoproperties] env.HOMEDRIVE=C\:
     [exec] [echoproperties] env.HOMEPATH=\\Documents and Settings\\pulkit_kumar
     [exec] [echoproperties] env.JAVA_HOME=C\:\\Program Files\\Java\\jdk1.5.0_10
     [exec] [echoproperties] env.LOGONSERVER=\\\\PTDC
     [exec] [echoproperties] env.NUMBER_OF_PROCESSORS=2
     [exec] [echoproperties] env.ORACLE_HOME=E\:/oracle/product/10.2.0/db_1/BIN
     [exec] [echoproperties] env.OS=Windows_NT
     [exec] [echoproperties] env.PATHEXT=.COM;.EXE;.BAT;.CMD;.VBS;.VBE;.JS;.JSE;.WSF;.WSH
     [exec] [echoproperties] env.PERL5LIB=E\:\\oracle\\product\\10.2.0\\db_1\\BIN\\perl\\5.8.3\\lib\\MSWin32-x86;E\:\\oracle\\product\\10.2.0\\db_1\\BIN\\perl\\5.8.3\\lib;E\:\\oracle\\product\\10.2.0\\db_1\\BIN\\perl\\5.8.3\\lib\\MSWin32-x86;E\:\\oracle\\product\\10.2.0\\db_1\\BIN\\perl\\site\\5.8.3;E\:\\oracle\\product\\10.2.0\\db_1\\BIN\\perl\\site\\5.8.3\\lib;E\:\\oracle\\product\\10.2.0\\db_1\\BIN\\sysman\\admin\\scripts;
     [exec] [echoproperties] env.PROCESSOR_ARCHITECTURE=x86
     [exec] [echoproperties] env.PROCESSOR_IDENTIFIER=x86 Family 15 Model 6 Stepping 5, GenuineIntel
     [exec] [echoproperties] env.PROCESSOR_LEVEL=15
     [exec] [echoproperties] env.PROCESSOR_REVISION=0605
     [exec] [echoproperties] env.PROMPT=$P$G
     [exec] [echoproperties] env.Path=C\:\\Program Files\\Windows Resource Kits\\Tools\\;E\:\\oracle\\product\\10.2.0\\db_1\\BIN\\bin;C\:\\Program Files\\CollabNet Subversion Client;C\:\\Perl\\site\\bin;C\:\\Perl\\bin;C\:\\WINDOWS\\system32;C\:\\WINDOWS;C\:\\WINDOWS\\System32\\Wbem;;C\:\\Program Files\\TortoiseSVN\\bin;C\:\\Python25;C\:\\Program Files\\VisualSVN Server\\bin;C\:\\apache-ant-1.7.1\\bin;C\:\\Program Files\\Java\\jdk1.5.0_05\\bin;;C\:\\Dos-Unix;C\:\\Program Files\\Mercurial;C\:\\Program Files\\TortoiseHg;C\:\\Program Files\\QuickTime\\QTSystem\\;C\:\\utils;C\:\\Program Files\\Windows Imaging\\;C\:\\Program Files\\MySQL\\MySQL Server 5.0\\bin;C\:\\Program Files\\DeID\\;C\:\\apache-ant-1.7.1\\lib;C\:\\Program Files\\Java\\jdk1.5.0_10\\bin;C\:\\Program Files\\Bitvise Tunnelier;C\:\\Program Files\\CVSNT\\
     [exec] [echoproperties] env.ProgramFiles=C\:\\Program Files
     [exec] [echoproperties] env.QTJAVA=C\:\\Program Files\\Java\\jre6\\lib\\ext\\QTJava.zip
     [exec] [echoproperties] env.SESSIONNAME=Console
     [exec] [echoproperties] env.SystemDrive=C\:
     [exec] [echoproperties] env.SystemRoot=C\:\\WINDOWS
     [exec] [echoproperties] env.TEMP=C\:\\DOCUME~1\\PULKIT~1\\LOCALS~1\\Temp
     [exec] [echoproperties] env.THG_ICON_PATH=C\:\\Program Files\\TortoiseHg\\icons
     [exec] [echoproperties] env.TMP=C\:\\DOCUME~1\\PULKIT~1\\LOCALS~1\\Temp
     [exec] [echoproperties] env.UATDATA=C\:\\WINDOWS\\system32\\CCM\\UATData\\D9F8C395-CAB8-491d-B8AC-179A1FE1BE77
     [exec] [echoproperties] env.USERDNSDOMAIN=PERSISTENT.CO.IN
     [exec] [echoproperties] env.USERDOMAIN=PERSISTENT
     [exec] [echoproperties] env.USERNAME=pulkit_kumar
     [exec] [echoproperties] env.USERPROFILE=C\:\\Documents and Settings\\pulkit_kumar
     [exec] [echoproperties] env.VISUALSVN_SERVER=C\:\\Program Files\\VisualSVN Server\\
     [exec] [echoproperties] env.XCHAT_WARNING_IGNORE=true
     [exec] [echoproperties] env._JAVACMD=C\:\\Program Files\\Java\\jdk1.5.0_10\\bin\\java.exe
     [exec] [echoproperties] env._USE_CLASSPATH=yes
     [exec] [echoproperties] env.http.proxyHost=ptproxy.persistent.co.in
     [exec] [echoproperties] env.http.proxyPassword=tripti@123
     [exec] [echoproperties] env.http.proxyPort=8080
     [exec] [echoproperties] env.http.proxyUser=pulkit_kumar
     [exec] [echoproperties] env.jboss.home.dir=C\:/Program Files/jboss-4.2.2.GA
     [exec] [echoproperties] env.name=internal
     [exec] [echoproperties] env.windir=C\:\\WINDOWS
     [exec] [echoproperties] exclude.access-logs=true
     [exec] [echoproperties] exclude.jboss.backup=true
     [exec] [echoproperties] file.encoding=Cp1252
     [exec] [echoproperties] file.encoding.pkg=sun.io
     [exec] [echoproperties] file.separator=\\
     [exec] [echoproperties] findbugs.binaries.file=findbugs-1.3.4.zip
     [exec] [echoproperties] findbugs.binaries.relative.dir=findbugs-1.3.4
     [exec] [echoproperties] findbugs.src.url=http\://gforge.nci.nih.gov/svnroot/commonlibrary/trunk/other/os-independent/findbugs-1.3.4.zip
     [exec] [echoproperties] force.reinstall=true
     [exec] [echoproperties] fs-data.base.dir=
     [exec] [echoproperties] install-logs.dir=D\:\\BDA\\DynamicExtentions\\software\\target\\dist\\exploded\\logs
     [exec] [echoproperties] install.running=true
     [exec] [echoproperties] install.time=2009-07-30-12-38
     [exec] [echoproperties] is.mysql=true
     [exec] [echoproperties] ivy.bda.settings.src.url=http\://gforge.nci.nih.gov/svnroot/automation/trunk/software/bda-download/ivy-bda-settings.xml
     [exec] [echoproperties] ivy.bda.src.url=http\://gforge.nci.nih.gov/svnroot/automation/trunk/software/bda-download/ivy-bda.xml 
     [exec] [echoproperties] java.awt.graphicsenv=sun.awt.Win32GraphicsEnvironment
     [exec] [echoproperties] java.awt.printerjob=sun.awt.windows.WPrinterJob
     [exec] [echoproperties] java.class.path=C\:\\apache-ant-1.7.1\\lib\\ant-launcher.jar;D\:\\BDA\\DynamicExtentions\\software\\target\\dist\\exploded\\.\\;C\:\\Program Files\\Java\\jre6\\lib\\ext\\QTJava.zip;C\:\\apache-ant-1.7.1\\lib\\ant-antlr.jar;C\:\\apache-ant-1.7.1\\lib\\ant-apache-bcel.jar;C\:\\apache-ant-1.7.1\\lib\\ant-apache-bsf.jar;C\:\\apache-ant-1.7.1\\lib\\ant-apache-log4j.jar;C\:\\apache-ant-1.7.1\\lib\\ant-apache-oro.jar;C\:\\apache-ant-1.7.1\\lib\\ant-apache-regexp.jar;C\:\\apache-ant-1.7.1\\lib\\ant-apache-resolver.jar;C\:\\apache-ant-1.7.1\\lib\\ant-commons-logging.jar;C\:\\apache-ant-1.7.1\\lib\\ant-commons-net.jar;C\:\\apache-ant-1.7.1\\lib\\ant-jai.jar;C\:\\apache-ant-1.7.1\\lib\\ant-javamail.jar;C\:\\apache-ant-1.7.1\\lib\\ant-jdepend.jar;C\:\\apache-ant-1.7.1\\lib\\ant-jmf.jar;C\:\\apache-ant-1.7.1\\lib\\ant-jsch.jar;C\:\\apache-ant-1.7.1\\lib\\ant-junit.jar;C\:\\apache-ant-1.7.1\\lib\\ant-launcher.jar;C\:\\apache-ant-1.7.1\\lib\\ant-netrexx.jar;C\:\\apache-ant-1.7.1\\lib\\ant-nodeps.jar;C\:\\apache-ant-1.7.1\\lib\\ant-starteam.jar;C\:\\apache-ant-1.7.1\\lib\\ant-stylebook.jar;C\:\\apache-ant-1.7.1\\lib\\ant-swing.jar;C\:\\apache-ant-1.7.1\\lib\\ant-testutil.jar;C\:\\apache-ant-1.7.1\\lib\\ant-trax.jar;C\:\\apache-ant-1.7.1\\lib\\ant-weblogic.jar;C\:\\apache-ant-1.7.1\\lib\\ant.jar;C\:\\apache-ant-1.7.1\\lib\\junit-3.8.1.jar;C\:\\apache-ant-1.7.1\\lib\\xercesImpl.jar;C\:\\apache-ant-1.7.1\\lib\\xml-apis.jar;C\:\\Program Files\\Java\\jdk1.5.0_10\\lib\\tools.jar
     [exec] [echoproperties] java.class.version=49.0
     [exec] [echoproperties] java.endorsed.dirs=C\:\\Program Files\\Java\\jdk1.5.0_10\\jre\\lib\\endorsed
     [exec] [echoproperties] java.ext.dirs=C\:\\Program Files\\Java\\jdk1.5.0_10\\jre\\lib\\ext
     [exec] [echoproperties] java.home=C\:\\Program Files\\Java\\jdk1.5.0_10\\jre
     [exec] [echoproperties] java.io.tmpdir=C\:\\DOCUME~1\\PULKIT~1\\LOCALS~1\\Temp\\
     [exec] [echoproperties] java.library.path=C\:\\Program Files\\Java\\jdk1.5.0_10\\bin;.;C\:\\WINDOWS\\system32;C\:\\WINDOWS;C\:\\Program Files\\Windows Resource Kits\\Tools\\;E\:\\oracle\\product\\10.2.0\\db_1\\BIN\\bin;C\:\\Program Files\\CollabNet Subversion Client;C\:\\Perl\\site\\bin;C\:\\Perl\\bin;C\:\\WINDOWS\\system32;C\:\\WINDOWS;C\:\\WINDOWS\\System32\\Wbem;;C\:\\Program Files\\TortoiseSVN\\bin;C\:\\Python25;C\:\\Program Files\\VisualSVN Server\\bin;C\:\\apache-ant-1.7.1\\bin;C\:\\Program Files\\Java\\jdk1.5.0_05\\bin;;C\:\\Dos-Unix;C\:\\Program Files\\Mercurial;C\:\\Program Files\\TortoiseHg;C\:\\Program Files\\QuickTime\\QTSystem\\;C\:\\utils;C\:\\Program Files\\Windows Imaging\\;C\:\\Program Files\\MySQL\\MySQL Server 5.0\\bin;C\:\\Program Files\\DeID\\;C\:\\apache-ant-1.7.1\\lib;C\:\\Program Files\\Java\\jdk1.5.0_10\\bin;C\:\\Program Files\\Bitvise Tunnelier;C\:\\Program Files\\CVSNT\\
     [exec] [echoproperties] java.major.version=1.5
     [exec] [echoproperties] java.minor.version=1.5.0_10
     [exec] [echoproperties] java.runtime.name=Java(TM) 2 Runtime Environment, Standard Edition
     [exec] [echoproperties] java.runtime.version=1.5.0_10-b03
     [exec] [echoproperties] java.specification.name=Java Platform API Specification
     [exec] [echoproperties] java.specification.vendor=Sun Microsystems Inc.
     [exec] [echoproperties] java.specification.version=1.5
     [exec] [echoproperties] java.vendor=Sun Microsystems Inc.
     [exec] [echoproperties] java.vendor.url=http\://java.sun.com/
     [exec] [echoproperties] java.vendor.url.bug=http\://java.sun.com/cgi-bin/bugreport.cgi
     [exec] [echoproperties] java.version=1.5.0_10
     [exec] [echoproperties] java.vm.info=mixed mode, sharing
     [exec] [echoproperties] java.vm.name=Java HotSpot(TM) Client VM
     [exec] [echoproperties] java.vm.specification.name=Java Virtual Machine Specification
     [exec] [echoproperties] java.vm.specification.vendor=Sun Microsystems Inc.
     [exec] [echoproperties] java.vm.specification.version=1.0
     [exec] [echoproperties] java.vm.vendor=Sun Microsystems Inc.
     [exec] [echoproperties] java.vm.version=1.5.0_10-b03
     [exec] [echoproperties] jboss-bindings.file=ncicb-jboss4.0.x-bindings.xml
     [exec] [echoproperties] jboss-bindings.src.url=http\://gforge.nci.nih.gov/svnroot/automation/trunk/resources/jboss-bindings/ncicb-jboss4.0.x-bindings.xml
     [exec] [echoproperties] jboss-conf.dir.dest=D\:\\BDA\\DynamicExtentions\\software\\target\\dist\\exploded\\working\\common\\resources\\jboss-conf
     [exec] [echoproperties] jboss-conf.dir.src=D\:\\BDA\\DynamicExtentions\\software\\target\\dist\\exploded\\common\\resources\\jboss-conf
     [exec] [echoproperties] jboss-conf.dist.relative.dir=common/resources/jboss-conf
     [exec] [echoproperties] jboss.binaries.file=jboss-4.2.2.GA.zip
     [exec] [echoproperties] jboss.binaries.relative.dir=jboss-4.2.2.GA
     [exec] [echoproperties] jboss.cobraorb.port=46350
     [exec] [echoproperties] jboss.ejbinvoker.port=46150
     [exec] [echoproperties] jboss.exists=true
     [exec] [echoproperties] jboss.external.http.host=
     [exec] [echoproperties] jboss.external.http.port=
     [exec] [echoproperties] jboss.external.ssl.host=
     [exec] [echoproperties] jboss.external.ssl.port=
     [exec] [echoproperties] jboss.hajndi.port=46160
     [exec] [echoproperties] jboss.hajrmi.port=46260
     [exec] [echoproperties] jboss.home=c\:/apps/DynamicExtentions-webapp/jboss-4.2.2.GA
     [exec] [echoproperties] jboss.java.opts=-server -Xms256m -Xmx512m -XX\:ThreadStackSize\=128 -XX\:SurvivorRatio\=10 -XX\:PermSize\=128m -XX\:MaxPermSize\=128m -Dsun.rmi.dgc.client.gcInterval\=3600000 -Dsun.rmi.dgc.server.gcInterval\=3600000 -Djava.awt.headless\=true
     [exec] [echoproperties] jboss.jms.port=46170
     [exec] [echoproperties] jboss.jmx-rmi.port=46290
     [exec] [echoproperties] jboss.messaging.port=46330
     [exec] [echoproperties] jboss.pooledha.port=46270
     [exec] [echoproperties] jboss.relative.path=jboss-4.2.2.GA
     [exec] [echoproperties] jboss.remoting.port=46320
     [exec] [echoproperties] jboss.server.bind.port=0
     [exec] [echoproperties] jboss.server.binding.template.location=D\:\\BDA\\DynamicExtentions\\software\\target\\dist\\exploded\\bda-utils/resource/jboss-4.2.2.GA/bindings.xml
     [exec] [echoproperties] jboss.server.hostname=localhost
     [exec] [echoproperties] jboss.server.jndi.port=46200
     [exec] [echoproperties] jboss.server.name=default
     [exec] [echoproperties] jboss.server.port=46210
     [exec] [echoproperties] jboss.server.ports.name=bda-ports
     [exec] [echoproperties] jboss.server.rmi.port=46230
     [exec] [echoproperties] jboss.service.rmiobject.port=46240
     [exec] [echoproperties] jboss.snmp-trapd.port=46300
     [exec] [echoproperties] jboss.snmp.port=46310
     [exec] [echoproperties] jboss.src.url=http\://gforge.nci.nih.gov/svnroot/commonlibrary/trunk/techstack-2008/os-independent/jboss-4.2.2.GA.zip
     [exec] [echoproperties] jboss.ssl.enable=false
     [exec] [echoproperties] jboss.ssl.fullyqualified.hostname=localhost.nci.nih.gov
     [exec] [echoproperties] jboss.ssl.keystore.alias=ncicb-test-ssl-key
     [exec] [echoproperties] jboss.ssl.keystore.dir=D\:\\BDA\\DynamicExtentions\\software\\target\\dist\\exploded\\common\\resources\\security
     [exec] [echoproperties] jboss.ssl.keystore.file=ncicb-test-ssl.keystore
     [exec] [echoproperties] jboss.ssl.keystore.location=common/resources/security/ncicb-test-ssl.keystore
     [exec] [echoproperties] jboss.ssl.keystore.pass=ncicb1\!
     [exec] [echoproperties] jboss.version.max=4.2.2
     [exec] [echoproperties] jboss.version.min=4.0.4
     [exec] [echoproperties] jboss.web.password=blueprint123\!
     [exec] [echoproperties] jboss.web.service.port=46250
     [exec] [echoproperties] jboss.web.user=admin
     [exec] [echoproperties] jbosscp.binaries.file=jboss-4.0.5.GA_CP15.zip
     [exec] [echoproperties] jbosscp.src.url=http\://gforge.nci.nih.gov/svnroot/commonlibrary/trunk/techstack-2007/os-independent/jboss-4.0.5.GA_CP15.zip
     [exec] [echoproperties] ldap.basedn=ou\=nci,o\=nih
     [exec] [echoproperties] ldap.url=ldaps\://ncids4a.nci.nih.gov\:636
     [exec] [echoproperties] line.separator=\r\n
     [exec] [echoproperties] log.dir=D\:\\BDA\\DynamicExtentions\\software\\target\\dist\\exploded\\logs
     [exec] [echoproperties] log4j.level=WARN
     [exec] [echoproperties] log4j.maxDays=7
     [exec] [echoproperties] log4j.maxFileSize=100MB
     [exec] [echoproperties] mail.smtp.server=mailfwd.nih.gov
     [exec] [echoproperties] mysql.minimum.version=5.0.27
     [exec] [echoproperties] os.arch=x86
     [exec] [echoproperties] os.name=Windows XP
     [exec] [echoproperties] os.temp.dir=c\:/temp
     [exec] [echoproperties] os.version=5.1
     [exec] [echoproperties] path.separator=;
     [exec] [echoproperties] pmd.revision.number=0
     [exec] [echoproperties] project.name=DynamicExtentions
     [exec] [echoproperties] prop.list.item.trimmed=jboss.web.service.port
     [exec] [echoproperties] properties.file=install.properties
     [exec] [echoproperties] properties.file.exists=true
     [exec] [echoproperties] properties.file.type=install
     [exec] [echoproperties] properties.template.file=install.properties.template
     [exec] [echoproperties] require.build.wscore=true
     [exec] [echoproperties] run.date=0907301238
     [exec] [echoproperties] security.dist.relative.dir=common/resources/security
     [exec] [echoproperties] software.dir=D\:\\BDA\\DynamicExtentions\\software\\target\\dist\\exploded
     [exec] [echoproperties] sun.arch.data.model=32
     [exec] [echoproperties] sun.boot.class.path=C\:\\Program Files\\Java\\jdk1.5.0_10\\jre\\lib\\rt.jar;C\:\\Program Files\\Java\\jdk1.5.0_10\\jre\\lib\\i18n.jar;C\:\\Program Files\\Java\\jdk1.5.0_10\\jre\\lib\\sunrsasign.jar;C\:\\Program Files\\Java\\jdk1.5.0_10\\jre\\lib\\jsse.jar;C\:\\Program Files\\Java\\jdk1.5.0_10\\jre\\lib\\jce.jar;C\:\\Program Files\\Java\\jdk1.5.0_10\\jre\\lib\\charsets.jar;C\:\\Program Files\\Java\\jdk1.5.0_10\\jre\\classes
     [exec] [echoproperties] sun.boot.library.path=C\:\\Program Files\\Java\\jdk1.5.0_10\\jre\\bin
     [exec] [echoproperties] sun.cpu.endian=little
     [exec] [echoproperties] sun.cpu.isalist=
     [exec] [echoproperties] sun.desktop=windows
     [exec] [echoproperties] sun.io.unicode.encoding=UnicodeLittle
     [exec] [echoproperties] sun.jnu.encoding=Cp1252
     [exec] [echoproperties] sun.management.compiler=HotSpot Client Compiler
     [exec] [echoproperties] sun.os.patch.level=Service Pack 2
     [exec] [echoproperties] temp.dir=D\:\\BDA\\DynamicExtentions\\software\\target\\dist\\exploded\\working\\temp
     [exec] [echoproperties] template.dbintegrate.file=D\:\\BDA\\DynamicExtentions\\software\\target\\dist\\exploded\\bda-utils\\resource\\template-db-integrate.xml
     [exec] [echoproperties] tomcat.version.max=5.5.999
     [exec] [echoproperties] tomcat.version.min=5.0.0
     [exec] [echoproperties] tools.dir=D\:\\BDA\\DynamicExtentions\\software\\target\\dist\\exploded\\tools
     [exec] [echoproperties] tools.dist.relative.dir=tools
     [exec] [echoproperties] user.country=US
     [exec] [echoproperties] user.dir=D\:\\BDA\\DynamicExtentions\\software\\target\\dist\\exploded
     [exec] [echoproperties] user.home=C\:\\Documents and Settings\\pulkit_kumar
     [exec] [echoproperties] user.language=en
     [exec] [echoproperties] user.name=pulkit_kumar
     [exec] [echoproperties] user.timezone=
     [exec] [echoproperties] user.variant=
     [exec] [echoproperties] validation.post.http.list=46210
     [exec] [echoproperties] validation.post.socket.list=46230,46200,46240,46170,46250
     [exec] [echoproperties] validation.pre.port.list=46230,46200,46240,46170,46210,46250
     [exec] [echoproperties] working.dir=D\:\\BDA\\DynamicExtentions\\software\\target\\dist\\exploded\\working
     [exec]      [echo] Validating Ant version...
     [exec]      [echo] Ant Version: PASSED
     [exec]      [echo] Validating Java version...
     [exec]      [echo] Java version check: PASSED
     [exec]      [echo] Java version check: PASSED
     [exec]      [echo] Not running as root.
     [exec]      [echo] Validating database connection...
     [exec]      [echo] Database Connection: PASSED
     [exec]      [echo] Validating properties file  install.properties...
     [exec]      [echo] Evaluating line in properties file = database.system.user=root
     [exec]      [echo] Attempting to connnect to localhost.nci.nih.gov....
     [exec]      [echo] Attempting to connnect to localhost....
     [exec]      [echo] Checking install.properties against template file install.properties.template
     [exec]      [echo] Template file install.properties.template not avaliable
     [exec]      [echo] application.base.path is an absolute path.
     [exec]      [echo] jboss.home=c:/apps/DynamicExtentions-webapp/jboss-4.2.2.GA is direct child of application.base.path=c:/apps/DynamicExtentions-webapp.
     [exec]      [echo] basedir=D:\BDA\DynamicExtentions\software\target\dist\exploded is not child of application.base.path=c:/apps/DynamicExtentions-webapp.
     [exec]      [echo] jboss.home c:/apps/DynamicExtentions-webapp/jboss-4.2.2.GA does not exist or the force.reinstall property is set.
     [exec]      [echo] Does de exist = true 
     [exec]      [echo] Database de does not exist or the force.reinstall property is set.
     [exec]      [echo] appserver.ssl.enable not set or true so skipping ssl validation
     [exec]      [echo] appserver.ssl.enable not set or true so skipping ssl validation
     [exec]      [echo] checking jboss version - 4.2.2.
     [exec]    [groovy] Check version is 4002002
     [exec]    [groovy] Min version is 4000004
     [exec]    [groovy] Max version is 4002002
     [exec]      [echo] checking tomcat version - ${tomcat.version.check}.
     [exec] 
     [exec] install:jboss:stop:
     [exec]      [echo] JBoss is not running on 46200
     [exec]      [echo] We believe we have shutdown JBoss.
     [exec] 
     [exec] install:validation:pre-install:ports:
     [exec]      [echo] Validationg Ports Are not in use...
     [exec]      [echo] Checking if 46230 is running.
     [exec]      [echo] Ports check: PASSED
     [exec]      [echo] Checking if 46200 is running.
     [exec]      [echo] Ports check: PASSED
     [exec]      [echo] Checking if 46240 is running.
     [exec]      [echo] Ports check: PASSED
     [exec]      [echo] Checking if 46170 is running.
     [exec]      [echo] Ports check: PASSED
     [exec]      [echo] Checking if 46210 is running.
     [exec]      [echo] Ports check: PASSED
     [exec]      [echo] Checking if 46250 is running.
     [exec]      [echo] Ports check: PASSED
     [exec] 
     [exec] install:clean:jboss:
     [exec]    [delete] Deleting directory c:\apps\DynamicExtentions-webapp\jboss-4.2.2.GA
     [exec] 
     [exec] install:clean:
     [exec] 
     [exec] install:init:
     [exec]      [copy] Copying 12 files to D:\BDA\DynamicExtentions\software\target\dist\exploded\working\common
     [exec]    [groovy] install:init debug
     [exec] 
     [exec] install:database:prep:
     [exec]      [echo] Checking if database properties exist: database.url,database.user,database.password,database.name
     [exec] [echoproperties] #Ant properties
     [exec] [echoproperties] #Thu Jul 30 12:39:09 GMT+05:30 2009
     [exec] [echoproperties] database.context.path=DynamicExtentions-webapp
     [exec] [echoproperties] database.dialect=org.hibernate.dialect.MySQLDialect
     [exec] [echoproperties] database.driver=com.mysql.jdbc.Driver
     [exec] [echoproperties] database.driver.file=D\:\\BDA\\DynamicExtentions\\software\\target\\dist\\exploded\\bda-utils/mysql-connector-java-5.0.5.jar
     [exec] [echoproperties] database.exists=true
     [exec] [echoproperties] database.jndi.datasource.name=jdbc/bdaDS
     [exec] [echoproperties] database.name=de
     [exec] [echoproperties] database.password=deuser
     [exec] [echoproperties] database.port=3306
     [exec] [echoproperties] database.re-create=true
     [exec] [echoproperties] database.release.version=1.1
     [exec] [echoproperties] database.schema=de
     [exec] [echoproperties] database.server=localhost
     [exec] [echoproperties] database.system.password=root123
     [exec] [echoproperties] database.system.url=jdbc\:mysql\://localhost\:3306/
     [exec] [echoproperties] database.system.user=root
     [exec] [echoproperties] database.type=mysql
     [exec] [echoproperties] database.url=jdbc\:mysql\://localhost\:3306/de
     [exec] [echoproperties] database.user=deuser
     [exec]      [copy] Copying 2 files to D:\BDA\DynamicExtentions\software\target\dist\exploded\working\db
     [exec]      [copy] Copied 8 empty directories to 4 empty directories under D:\BDA\DynamicExtentions\software\target\dist\exploded\working\db
     [exec]      [copy] Copying 1 file to c:\temp\DynamicExtentions
     [exec]    [groovy] install:database:prep debug
     [exec] 
     [exec] install:database:
     [exec]    [groovy] begin liquibase debug
     [exec]      [echo] Entering database-create
     [exec]      [echo] Creating mysql database named de.
     [exec]      [echo] Database de does not exist or the force.reinstall property is set.
     [exec]       [sql] Executing commands
     [exec]       [sql] 2 of 2 SQL statements executed successfully
     [exec]       [sql] Executing commands
     [exec]       [sql] 4 of 4 SQL statements executed successfully
     [exec]      [echo] Database.drop-schema flag not set, database schema not dropped.
     [exec]       [sql] Executing resource: D:\BDA\DynamicExtentions\software\target\dist\exploded\working\db\db-install\mysql\dynamicextension.sql
     [exec]       [sql] 189 of 189 SQL statements executed successfully
     [exec]      [echo] Updateing liquibase metadata file name to c:/temp/DynamicExtentions/db-upgrade.xml  where filename includes db-upgrade.xml
     [exec]       [sql] Executing commands
     [exec]       [sql] Failed to execute:  update databasechangelog set filename='c:/temp/DynamicExtentions/db-upgrade.xml' where filename like '%db-upgrade.xml'
     [exec]       [sql] 0 of 1 SQL statements executed successfully
     [exec]       [sql] com.mysql.jdbc.exceptions.MySQLSyntaxErrorException: Table 'de.databasechangelog' doesn't exist
     [exec] [updateDatabase] Create Database Lock Table
     [exec] [updateDatabase] Lock Database
     [exec] [updateDatabase] Successfully acquired change log lock
     [exec] [updateDatabase] Create Database Change Log Table
     [exec] [updateDatabase] Creating database history table with name: `de`.`DATABASECHANGELOG`
     [exec] [updateDatabase] Reading from `de`.`DATABASECHANGELOG`
     [exec] [updateDatabase] Changeset c:/temp/DynamicExtentions/db-upgrade.xml :: 1 :: bda :: (MD5Sum: d41d8cd98f0b24e980998ecf8427e)
     [exec] [updateDatabase] Need to have at least one changeset to allow tagging to work.
     [exec] [updateDatabase] Release Database Lock
     [exec] [updateDatabase] Successfully released change log lock
     [exec] 
     [exec] install:jboss:binaries:
     [exec]     [unzip] Expanding: D:\BDA\DynamicExtentions\software\target\dist\exploded\tools\jboss-4.2.2.GA.zip into c:\apps\DynamicExtentions-webapp
     [exec] 
     [exec] install:jboss:DynamicExtentions-webapp:re-configure:
     [exec] 
     [exec] install:jboss:DynamicExtentions-webapp:filesystem-data:
     [exec] 
     [exec] install:jboss:DynamicExtentions-webapp:
     [exec]      [move] Warning: Could not find file c:\apps\DynamicExtentions-webapp\jboss-4.2.2.GA\server\default\log\server.log to copy.
     [exec]      [copy] Copying 1 file to c:\apps\DynamicExtentions-webapp\jboss-4.2.2.GA\server\default\deploy
     [exec]      [copy] Copying 1 file to c:\apps\DynamicExtentions-webapp\jboss-4.2.2.GA\server\default\lib
     [exec] 
     [exec] install:jboss:DynamicExtentions-webapp:configure:
     [exec]      [copy] Copying 1 file to c:\apps\DynamicExtentions-webapp\jboss-4.2.2.GA\server\default\deploy
     [exec]      [echo] Creating D:\BDA\DynamicExtentions\software\target\dist\exploded\working/property.block.txt
     [exec]      [echo] property block is property1=db
     [exec]      [echo]     property2=internal
     [exec]      [echo]     property3=c:/apps/DynamicExtentions-webapp/jboss-4.2.2.GA
     [exec]      [echo]     property4=${tomcat.home}
     [exec]      [echo]     
     [exec]      [echo] read.property.block is ${read.property.block}
     [exec]      [echo] No properties found in c:/apps/DynamicExtentions-webapp/jboss-4.2.2.GA/server/default/deploy/properties-service.xml, inserting
     [exec] 
     [exec] install:jboss:configure:log4j:
     [exec] 
     [exec] install:jboss:configure:
     [exec]      [echo] Configuring JBoss ports (bindings)
     [exec]      [echo] Bindings file location c:/apps/DynamicExtentions-webapp/jboss-4.2.2.GA/server/default/conf/bindings.xml
     [exec]      [copy] Copying 1 file to c:\apps\DynamicExtentions-webapp\jboss-4.2.2.GA\server\default\conf
     [exec]      [echo] FYI - c:/apps/DynamicExtentions-webapp/jboss-4.2.2.GA/server/default/conf/bindings.xml has no tokens.
     [exec]      [echo] Configuring JBoss authentication settins (login-config.xml)
     [exec]      [echo] Inserting D:\BDA\DynamicExtentions\software\target\dist\exploded\working\common\resources\jboss-conf/login-config.db-block.xml into c:/apps/DynamicExtentions-webapp/jboss-4.2.2.GA/server/default/conf/login-config.xml
     [exec]      [echo] Adding user and password to JBoss console apps
     [exec]      [echo] Updating c:/apps/DynamicExtentions-webapp/jboss-4.2.2.GA/server/default/deploy/jmx-console.war/WEB-INF/web.xml
     [exec]      [echo] Updating c:/apps/DynamicExtentions-webapp/jboss-4.2.2.GA/server/default/deploy/jmx-console.war/WEB-INF/jboss-web.xml
     [exec]      [echo] Updating c:/apps/DynamicExtentions-webapp/jboss-4.2.2.GA/server/default/conf/props/jmx-console-users.properties
     [exec]      [echo] admin found in c:/apps/DynamicExtentions-webapp/jboss-4.2.2.GA/server/default/conf/props/jmx-console-users.properties updating record.
     [exec]      [echo] Updating c:/apps/DynamicExtentions-webapp/jboss-4.2.2.GA/server/default/conf/props/jmx-console-roles.properties
     [exec]      [echo] admin found in c:/apps/DynamicExtentions-webapp/jboss-4.2.2.GA/server/default/conf/props/jmx-console-roles.properties updating record.
     [exec]      [echo] Updating c:/apps/DynamicExtentions-webapp/jboss-4.2.2.GA/server/default/deploy/management/console-mgr.sar/web-console.war/WEB-INF/web.xml
     [exec]      [echo] Updating c:/apps/DynamicExtentions-webapp/jboss-4.2.2.GA/server/default/deploy/management/console-mgr.sar/web-console.war/WEB-INF/jboss-web.xml
     [exec]      [copy] Copying 2 files to c:\apps\DynamicExtentions-webapp\jboss-4.2.2.GA\server\default\conf\props
     [exec]      [echo] Updating c:/apps/DynamicExtentions-webapp/jboss-4.2.2.GA/server/default/conf/props/web-console-users.properties
     [exec]      [echo] admin found in c:/apps/DynamicExtentions-webapp/jboss-4.2.2.GA/server/default/conf/props/web-console-users.properties updating record.
     [exec]      [echo] Updating c:/apps/DynamicExtentions-webapp/jboss-4.2.2.GA/server/default/conf/props/web-console-roles.properties
     [exec]      [echo] admin found in c:/apps/DynamicExtentions-webapp/jboss-4.2.2.GA/server/default/conf/props/web-console-roles.properties updating record.
     [exec]      [echo] Updating JBoss shutdown.jar to allow shutdown without command line args
     [exec]     [unzip] Expanding: c:\apps\DynamicExtentions-webapp\jboss-4.2.2.GA\bin\shutdown.jar into D:\BDA\DynamicExtentions\software\target\dist\exploded\working\temp\shutdown
     [exec]       [jar] Building jar: D:\BDA\DynamicExtentions\software\target\dist\exploded\working\temp\shutdown\shutdown.jar
     [exec]      [copy] Copying 1 file to c:\apps\DynamicExtentions-webapp\jboss-4.2.2.GA\bin
     [exec]      [echo] Enableing SSL for JBoss
     [exec]      [echo] appserver.ssl.enable not set or true so skipping install of JBoss SSL configuration
     [exec]      [echo] Configuring JBoss proxy settings for ssl
     [exec]      [echo] Grid External Host Name not set so doing nothing
     [exec]      [echo] Configuring JBoss proxy settings for http
     [exec]      [echo] Grid External Host Name not set so doing nothing
     [exec]      [echo] Configuring secure grid in JBoss
     [exec]      [echo] Skipping configuration of GRID on JBos
     [exec]      [echo] Skipping configuring access logs for jboss because exclude.access-logs is set.
     [exec]      [echo] jboss.java.opts.is.set = -server
     [exec]      [echo] Setting JBoss java options
     [exec]      [echo] os.family=windows
     [exec]      [echo] jboss.java.opts.is.set = -server
     [exec]      [echo] Java options not updated because c:/apps/DynamicExtentions-webapp/jboss-4.2.2.GA/server/default/bin does not exist or jboss.java.opts has not value (-server -Xms256m -Xmx512m -XX:ThreadStackSize=128 -XX:SurvivorRatio=10 -XX:PermSize=128m -XX:MaxPermSize=128m -Dsun.rmi.dgc.client.gcInterval=3600000 -Dsun.rmi.dgc.server.gcInterval=3600000 -Djava.awt.headless=true).
     [exec] 
     [exec] install:post:jboss:
     [exec] 
     [exec] install:post:
     [exec] 
     [exec] install:jboss:start:
     [exec]      [echo] Starting JBoss instance at c:/apps/DynamicExtentions-webapp/jboss-4.2.2.GA with run.sh
     [exec] 
     [exec] install:jboss:
     [exec] 
     [exec] install:validation:post-install:
     [exec] [echoproperties] #Ant properties
     [exec] [echoproperties] #Thu Jul 30 12:42:07 GMT+05:30 2009
     [exec] [echoproperties] DSTAMP=20090730
     [exec] [echoproperties] DynamicExtentions-api.dist.relative.dir=DynamicExtentions-api
     [exec] [echoproperties] DynamicExtentions-webapp.dir.dist=D\:\\BDA\\DynamicExtentions\\software\\target\\dist\\exploded\\DynamicExtentions-webapp
     [exec] [echoproperties] DynamicExtentions-webapp.dist.relative.dir=DynamicExtentions-webapp
     [exec] [echoproperties] DynamicExtentions-webapp.ds.file=DynamicExtentions-ds.xml
     [exec] [echoproperties] DynamicExtentions-webapp.install.name=DynamicExtentions_install
     [exec] [echoproperties] DynamicExtentions-webapp.install.zip.file=DynamicExtentions_install_0.1.0.zip
     [exec] [echoproperties] DynamicExtentions-webapp.name=dynamicExtensions
     [exec] [echoproperties] DynamicExtentions-webapp.upgrade.name=DynamicExtentions_ugprade
     [exec] [echoproperties] DynamicExtentions-webapp.upgrade.zip.file=DynamicExtentions_ugprade_0.1.0.zip
     [exec] [echoproperties] DynamicExtentions-webapp.version=0.1.0
     [exec] [echoproperties] DynamicExtentions-webapp.war.file=dynamicExtensions.war
     [exec] [echoproperties] TODAY=July 30 2009
     [exec] [echoproperties] TSTAMP=1238
     [exec] [echoproperties] all.match.property=database.system.user\=root\r\n
     [exec] [echoproperties] ant.core.lib=C\:\\apache-ant-1.7.1\\lib\\ant.jar
     [exec] [echoproperties] ant.file=D\:\\BDA\\DynamicExtentions\\software\\target\\dist\\exploded\\build.xml
     [exec] [echoproperties] ant.file.DynamicExtentions-installer=D\:\\BDA\\DynamicExtentions\\software\\target\\dist\\exploded\\build.xml
     [exec] [echoproperties] ant.file.bda-utils=D\:\\BDA\\DynamicExtentions\\software\\target\\dist\\exploded\\bda-utils\\bda-build-utils-0.12.0-beta.xml
     [exec] [echoproperties] ant.home=C\:\\apache-ant-1.7.1
     [exec] [echoproperties] ant.java.version=1.5
     [exec] [echoproperties] ant.library.dir=C\:\\apache-ant-1.7.1\\lib
     [exec] [echoproperties] ant.minimum.version=1.7.0
     [exec] [echoproperties] ant.project.name=DynamicExtentions-installer
     [exec] [echoproperties] ant.version=Apache Ant version 1.7.1 compiled on June 27 2008
     [exec] [echoproperties] ant.version.success=true
     [exec] [echoproperties] antunit.jar=antunit-1.0.jar
     [exec] [echoproperties] application.base.path=c\:/apps/DynamicExtentions-webapp
     [exec] [echoproperties] application.base.path.linux=C\:\\Documents and Settings\\pulkit_kumar/apps/DynamicExtentions-webapp
     [exec] [echoproperties] application.base.path.windows=c\:/apps/DynamicExtentions-webapp
     [exec] [echoproperties] application.context.name=bda
     [exec] [echoproperties] application.dir=c\:/apps/DynamicExtentions-webapp/jboss-4.2.2.GA
     [exec] [echoproperties] application.dir.exists=true
     [exec] [echoproperties] application.url=http\://localhost\:46210/dynamicExtensions
     [exec] [echoproperties] authentication.type=db
     [exec] [echoproperties] awt.toolkit=sun.awt.windows.WToolkit
     [exec] [echoproperties] backup.count=5
     [exec] [echoproperties] basedir=D\:\\BDA\\DynamicExtentions\\software\\target\\dist\\exploded
     [exec] [echoproperties] bda-utils.dir=D\:\\BDA\\DynamicExtentions\\software\\target\\dist\\exploded\\bda-utils
     [exec] [echoproperties] bda-utils.resource.dir=D\:\\BDA\\DynamicExtentions\\software\\target\\dist\\exploded\\bda-utils\\resource
     [exec] [echoproperties] bda.version=0.12.0-beta
     [exec] [echoproperties] bindings.file.has.server=\   <server name\="bda-ports">\r\n
     [exec] [echoproperties] build.bda.src.url=http\://gforge.nci.nih.gov/svnroot/automation/trunk/software/bda-download/bda-ivy-build.xml
     [exec] [echoproperties] cacore-sdk.binaries.file=caCORE_SDK_411-src.zip
     [exec] [echoproperties] cacore-sdk.binaries.relative.dir=codegen
     [exec] [echoproperties] cacore-sdk.required=true
     [exec] [echoproperties] cacore-sdk.src.url=http\://gforge.nci.nih.gov/svnroot/commonlibrary/trunk/cacore-sdk/4.1.1/caCORE_SDK_411-src.zip
     [exec] [echoproperties] changelog.file=db-upgrade.xml
     [exec] [echoproperties] checkstyle.revision.number=0
     [exec] [echoproperties] child.dir=c\:/apps/DynamicExtentions-webapp/jboss-4.2.2.GA
     [exec] [echoproperties] child.good=true
     [exec] [echoproperties] common.dir.dest=D\:\\BDA\\DynamicExtentions\\software\\target\\dist\\exploded\\working\\common
     [exec] [echoproperties] common.dir.src=D\:\\BDA\\DynamicExtentions\\software\\target\\dist\\exploded\\common
     [exec] [echoproperties] common.dist.relative.dir=common
     [exec] [echoproperties] create.sql.dir=D\:\\BDA\\DynamicExtentions\\software\\target\\dist\\exploded\\bda-utils\\resource/target
     [exec] [echoproperties] database.context.path=DynamicExtentions-webapp
     [exec] [echoproperties] database.dialect=org.hibernate.dialect.MySQLDialect
     [exec] [echoproperties] database.driver=com.mysql.jdbc.Driver
     [exec] [echoproperties] database.driver.file=D\:\\BDA\\DynamicExtentions\\software\\target\\dist\\exploded\\bda-utils/mysql-connector-java-5.0.5.jar
     [exec] [echoproperties] database.exists=true
     [exec] [echoproperties] database.jndi.datasource.name=jdbc/bdaDS
     [exec] [echoproperties] database.name=de
     [exec] [echoproperties] database.password=deuser
     [exec] [echoproperties] database.port=3306
     [exec] [echoproperties] database.re-create=true
     [exec] [echoproperties] database.release.version=1.1
     [exec] [echoproperties] database.schema=de
     [exec] [echoproperties] database.server=localhost
     [exec] [echoproperties] database.system.password=root123
     [exec] [echoproperties] database.system.url=jdbc\:mysql\://localhost\:3306/
     [exec] [echoproperties] database.system.user=root
     [exec] [echoproperties] database.type=mysql
     [exec] [echoproperties] database.url=jdbc\:mysql\://localhost\:3306/de
     [exec] [echoproperties] database.user=deuser
     [exec] [echoproperties] db-install.dir.dest=D\:\\BDA\\DynamicExtentions\\software\\target\\dist\\exploded\\working\\db\\db-install
     [exec] [echoproperties] db-install.dist.relative.dir=db/db-install
     [exec] [echoproperties] db-upgrade.dir.dest=D\:\\BDA\\DynamicExtentions\\software\\target\\dist\\exploded\\working\\db\\db-upgrade
     [exec] [echoproperties] db-upgrade.dist.relative.dir=db/db-upgrade
     [exec] [echoproperties] db.connection.success=true
     [exec] [echoproperties] db.dir.dest=D\:\\BDA\\DynamicExtentions\\software\\target\\dist\\exploded\\working\\db
     [exec] [echoproperties] db.dir.src=D\:\\BDA\\DynamicExtentions\\software\\target\\dist\\exploded\\db
     [exec] [echoproperties] db.dist.relative.dir=db
     [exec] [echoproperties] db.install.create.mysql.file.list=dynamicextension.sql
     [exec] [echoproperties] db.install.create.oracle.file.list=
     [exec] [echoproperties] db.install.create.postgresql.file.list=
     [exec] [echoproperties] db.prop.list=database.url,database.user,database.password,database.name
     [exec] [echoproperties] directory.value=c\:/apps/DynamicExtentions-webapp
     [exec] [echoproperties] env.ALLUSERSPROFILE=C\:\\Documents and Settings\\All Users
     [exec] [echoproperties] env.ANT_CMD_LINE_ARGS=-Dproperties.file install.properties -Dforce.reinstall true install
     [exec] [echoproperties] env.ANT_HOME=C\:\\apache-ant-1.7.1
     [exec] [echoproperties] env.APPDATA=C\:\\Documents and Settings\\pulkit_kumar\\Application Data
     [exec] [echoproperties] env.CLASSPATH=.;C\:\\Program Files\\Java\\jre6\\lib\\ext\\QTJava.zip
     [exec] [echoproperties] env.CLIENTNAME=Console
     [exec] [echoproperties] env.COMPUTERNAME=PS5301
     [exec] [echoproperties] env.CVSROOT=C\:\\CVS_HOME
     [exec] [echoproperties] env.ComSpec=C\:\\WINDOWS\\system32\\cmd.exe
     [exec] [echoproperties] env.CommonProgramFiles=C\:\\Program Files\\Common Files
     [exec] [echoproperties] env.FP_NO_HOST_CHECK=NO
     [exec] [echoproperties] env.HOMEDRIVE=C\:
     [exec] [echoproperties] env.HOMEPATH=\\Documents and Settings\\pulkit_kumar
     [exec] [echoproperties] env.JAVA_HOME=C\:\\Program Files\\Java\\jdk1.5.0_10
     [exec] [echoproperties] env.LOGONSERVER=\\\\PTDC
     [exec] [echoproperties] env.NUMBER_OF_PROCESSORS=2
     [exec] [echoproperties] env.ORACLE_HOME=E\:/oracle/product/10.2.0/db_1/BIN
     [exec] [echoproperties] env.OS=Windows_NT
     [exec] [echoproperties] env.PATHEXT=.COM;.EXE;.BAT;.CMD;.VBS;.VBE;.JS;.JSE;.WSF;.WSH
     [exec] [echoproperties] env.PERL5LIB=E\:\\oracle\\product\\10.2.0\\db_1\\BIN\\perl\\5.8.3\\lib\\MSWin32-x86;E\:\\oracle\\product\\10.2.0\\db_1\\BIN\\perl\\5.8.3\\lib;E\:\\oracle\\product\\10.2.0\\db_1\\BIN\\perl\\5.8.3\\lib\\MSWin32-x86;E\:\\oracle\\product\\10.2.0\\db_1\\BIN\\perl\\site\\5.8.3;E\:\\oracle\\product\\10.2.0\\db_1\\BIN\\perl\\site\\5.8.3\\lib;E\:\\oracle\\product\\10.2.0\\db_1\\BIN\\sysman\\admin\\scripts;
     [exec] [echoproperties] env.PROCESSOR_ARCHITECTURE=x86
     [exec] [echoproperties] env.PROCESSOR_IDENTIFIER=x86 Family 15 Model 6 Stepping 5, GenuineIntel
     [exec] [echoproperties] env.PROCESSOR_LEVEL=15
     [exec] [echoproperties] env.PROCESSOR_REVISION=0605
     [exec] [echoproperties] env.PROMPT=$P$G
     [exec] [echoproperties] env.Path=C\:\\Program Files\\Windows Resource Kits\\Tools\\;E\:\\oracle\\product\\10.2.0\\db_1\\BIN\\bin;C\:\\Program Files\\CollabNet Subversion Client;C\:\\Perl\\site\\bin;C\:\\Perl\\bin;C\:\\WINDOWS\\system32;C\:\\WINDOWS;C\:\\WINDOWS\\System32\\Wbem;;C\:\\Program Files\\TortoiseSVN\\bin;C\:\\Python25;C\:\\Program Files\\VisualSVN Server\\bin;C\:\\apache-ant-1.7.1\\bin;C\:\\Program Files\\Java\\jdk1.5.0_05\\bin;;C\:\\Dos-Unix;C\:\\Program Files\\Mercurial;C\:\\Program Files\\TortoiseHg;C\:\\Program Files\\QuickTime\\QTSystem\\;C\:\\utils;C\:\\Program Files\\Windows Imaging\\;C\:\\Program Files\\MySQL\\MySQL Server 5.0\\bin;C\:\\Program Files\\DeID\\;C\:\\apache-ant-1.7.1\\lib;C\:\\Program Files\\Java\\jdk1.5.0_10\\bin;C\:\\Program Files\\Bitvise Tunnelier;C\:\\Program Files\\CVSNT\\
     [exec] [echoproperties] env.ProgramFiles=C\:\\Program Files
     [exec] [echoproperties] env.QTJAVA=C\:\\Program Files\\Java\\jre6\\lib\\ext\\QTJava.zip
     [exec] [echoproperties] env.SESSIONNAME=Console
     [exec] [echoproperties] env.SystemDrive=C\:
     [exec] [echoproperties] env.SystemRoot=C\:\\WINDOWS
     [exec] [echoproperties] env.TEMP=C\:\\DOCUME~1\\PULKIT~1\\LOCALS~1\\Temp
     [exec] [echoproperties] env.THG_ICON_PATH=C\:\\Program Files\\TortoiseHg\\icons
     [exec] [echoproperties] env.TMP=C\:\\DOCUME~1\\PULKIT~1\\LOCALS~1\\Temp
     [exec] [echoproperties] env.UATDATA=C\:\\WINDOWS\\system32\\CCM\\UATData\\D9F8C395-CAB8-491d-B8AC-179A1FE1BE77
     [exec] [echoproperties] env.USERDNSDOMAIN=PERSISTENT.CO.IN
     [exec] [echoproperties] env.USERDOMAIN=PERSISTENT
     [exec] [echoproperties] env.USERNAME=pulkit_kumar
     [exec] [echoproperties] env.USERPROFILE=C\:\\Documents and Settings\\pulkit_kumar
     [exec] [echoproperties] env.VISUALSVN_SERVER=C\:\\Program Files\\VisualSVN Server\\
     [exec] [echoproperties] env.XCHAT_WARNING_IGNORE=true
     [exec] [echoproperties] env._JAVACMD=C\:\\Program Files\\Java\\jdk1.5.0_10\\bin\\java.exe
     [exec] [echoproperties] env._USE_CLASSPATH=yes
     [exec] [echoproperties] env.http.proxyHost=ptproxy.persistent.co.in
     [exec] [echoproperties] env.http.proxyPassword=tripti@123
     [exec] [echoproperties] env.http.proxyPort=8080
     [exec] [echoproperties] env.http.proxyUser=pulkit_kumar
     [exec] [echoproperties] env.jboss.home.dir=C\:/Program Files/jboss-4.2.2.GA
     [exec] [echoproperties] env.name=internal
     [exec] [echoproperties] env.windir=C\:\\WINDOWS
     [exec] [echoproperties] exclude.access-logs=true
     [exec] [echoproperties] exclude.jboss.backup=true
     [exec] [echoproperties] file.encoding=Cp1252
     [exec] [echoproperties] file.encoding.pkg=sun.io
     [exec] [echoproperties] file.separator=\\
     [exec] [echoproperties] findbugs.binaries.file=findbugs-1.3.4.zip
     [exec] [echoproperties] findbugs.binaries.relative.dir=findbugs-1.3.4
     [exec] [echoproperties] findbugs.src.url=http\://gforge.nci.nih.gov/svnroot/commonlibrary/trunk/other/os-independent/findbugs-1.3.4.zip
     [exec] [echoproperties] force.reinstall=true
     [exec] [echoproperties] fs-data.base.dir=
     [exec] [echoproperties] hostname.has.value=false
     [exec] [echoproperties] hostname.property.list=jboss.ssl.fullyqualified.hostname,jboss.server.hostname
     [exec] [echoproperties] hostname.value=localhost
     [exec] [echoproperties] install-logs.dir=D\:\\BDA\\DynamicExtentions\\software\\target\\dist\\exploded\\logs
     [exec] [echoproperties] install.running=true
     [exec] [echoproperties] install.time=2009-07-30-12-38
     [exec] [echoproperties] is.absolute.dir=c\:/
     [exec] [echoproperties] is.mysql=true
     [exec] [echoproperties] is.system.user=true
     [exec] [echoproperties] ivy.bda.settings.src.url=http\://gforge.nci.nih.gov/svnroot/automation/trunk/software/bda-download/ivy-bda-settings.xml
     [exec] [echoproperties] ivy.bda.src.url=http\://gforge.nci.nih.gov/svnroot/automation/trunk/software/bda-download/ivy-bda.xml 
     [exec] [echoproperties] java.awt.graphicsenv=sun.awt.Win32GraphicsEnvironment
     [exec] [echoproperties] java.awt.printerjob=sun.awt.windows.WPrinterJob
     [exec] [echoproperties] java.class.path=C\:\\apache-ant-1.7.1\\lib\\ant-launcher.jar;D\:\\BDA\\DynamicExtentions\\software\\target\\dist\\exploded\\.\\;C\:\\Program Files\\Java\\jre6\\lib\\ext\\QTJava.zip;C\:\\apache-ant-1.7.1\\lib\\ant-antlr.jar;C\:\\apache-ant-1.7.1\\lib\\ant-apache-bcel.jar;C\:\\apache-ant-1.7.1\\lib\\ant-apache-bsf.jar;C\:\\apache-ant-1.7.1\\lib\\ant-apache-log4j.jar;C\:\\apache-ant-1.7.1\\lib\\ant-apache-oro.jar;C\:\\apache-ant-1.7.1\\lib\\ant-apache-regexp.jar;C\:\\apache-ant-1.7.1\\lib\\ant-apache-resolver.jar;C\:\\apache-ant-1.7.1\\lib\\ant-commons-logging.jar;C\:\\apache-ant-1.7.1\\lib\\ant-commons-net.jar;C\:\\apache-ant-1.7.1\\lib\\ant-jai.jar;C\:\\apache-ant-1.7.1\\lib\\ant-javamail.jar;C\:\\apache-ant-1.7.1\\lib\\ant-jdepend.jar;C\:\\apache-ant-1.7.1\\lib\\ant-jmf.jar;C\:\\apache-ant-1.7.1\\lib\\ant-jsch.jar;C\:\\apache-ant-1.7.1\\lib\\ant-junit.jar;C\:\\apache-ant-1.7.1\\lib\\ant-launcher.jar;C\:\\apache-ant-1.7.1\\lib\\ant-netrexx.jar;C\:\\apache-ant-1.7.1\\lib\\ant-nodeps.jar;C\:\\apache-ant-1.7.1\\lib\\ant-starteam.jar;C\:\\apache-ant-1.7.1\\lib\\ant-stylebook.jar;C\:\\apache-ant-1.7.1\\lib\\ant-swing.jar;C\:\\apache-ant-1.7.1\\lib\\ant-testutil.jar;C\:\\apache-ant-1.7.1\\lib\\ant-trax.jar;C\:\\apache-ant-1.7.1\\lib\\ant-weblogic.jar;C\:\\apache-ant-1.7.1\\lib\\ant.jar;C\:\\apache-ant-1.7.1\\lib\\junit-3.8.1.jar;C\:\\apache-ant-1.7.1\\lib\\xercesImpl.jar;C\:\\apache-ant-1.7.1\\lib\\xml-apis.jar;C\:\\Program Files\\Java\\jdk1.5.0_10\\lib\\tools.jar
     [exec] [echoproperties] java.class.version=49.0
     [exec] [echoproperties] java.endorsed.dirs=C\:\\Program Files\\Java\\jdk1.5.0_10\\jre\\lib\\endorsed
     [exec] [echoproperties] java.ext.dirs=C\:\\Program Files\\Java\\jdk1.5.0_10\\jre\\lib\\ext
     [exec] [echoproperties] java.home=C\:\\Program Files\\Java\\jdk1.5.0_10\\jre
     [exec] [echoproperties] java.io.tmpdir=C\:\\DOCUME~1\\PULKIT~1\\LOCALS~1\\Temp\\
     [exec] [echoproperties] java.library.path=C\:\\Program Files\\Java\\jdk1.5.0_10\\bin;.;C\:\\WINDOWS\\system32;C\:\\WINDOWS;C\:\\Program Files\\Windows Resource Kits\\Tools\\;E\:\\oracle\\product\\10.2.0\\db_1\\BIN\\bin;C\:\\Program Files\\CollabNet Subversion Client;C\:\\Perl\\site\\bin;C\:\\Perl\\bin;C\:\\WINDOWS\\system32;C\:\\WINDOWS;C\:\\WINDOWS\\System32\\Wbem;;C\:\\Program Files\\TortoiseSVN\\bin;C\:\\Python25;C\:\\Program Files\\VisualSVN Server\\bin;C\:\\apache-ant-1.7.1\\bin;C\:\\Program Files\\Java\\jdk1.5.0_05\\bin;;C\:\\Dos-Unix;C\:\\Program Files\\Mercurial;C\:\\Program Files\\TortoiseHg;C\:\\Program Files\\QuickTime\\QTSystem\\;C\:\\utils;C\:\\Program Files\\Windows Imaging\\;C\:\\Program Files\\MySQL\\MySQL Server 5.0\\bin;C\:\\Program Files\\DeID\\;C\:\\apache-ant-1.7.1\\lib;C\:\\Program Files\\Java\\jdk1.5.0_10\\bin;C\:\\Program Files\\Bitvise Tunnelier;C\:\\Program Files\\CVSNT\\
     [exec] [echoproperties] java.major.version=1.5
     [exec] [echoproperties] java.major.version.good=true
     [exec] [echoproperties] java.minor.version=1.5.0_10
     [exec] [echoproperties] java.runtime.name=Java(TM) 2 Runtime Environment, Standard Edition
     [exec] [echoproperties] java.runtime.version=1.5.0_10-b03
     [exec] [echoproperties] java.specification.name=Java Platform API Specification
     [exec] [echoproperties] java.specification.vendor=Sun Microsystems Inc.
     [exec] [echoproperties] java.specification.version=1.5
     [exec] [echoproperties] java.vendor=Sun Microsystems Inc.
     [exec] [echoproperties] java.vendor.url=http\://java.sun.com/
     [exec] [echoproperties] java.vendor.url.bug=http\://java.sun.com/cgi-bin/bugreport.cgi
     [exec] [echoproperties] java.version=1.5.0_10
     [exec] [echoproperties] java.vm.info=mixed mode, sharing
     [exec] [echoproperties] java.vm.name=Java HotSpot(TM) Client VM
     [exec] [echoproperties] java.vm.specification.name=Java Virtual Machine Specification
     [exec] [echoproperties] java.vm.specification.vendor=Sun Microsystems Inc.
     [exec] [echoproperties] java.vm.specification.version=1.0
     [exec] [echoproperties] java.vm.vendor=Sun Microsystems Inc.
     [exec] [echoproperties] java.vm.version=1.5.0_10-b03
     [exec] [echoproperties] jboss-bindings.file=ncicb-jboss4.0.x-bindings.xml
     [exec] [echoproperties] jboss-bindings.src.url=http\://gforge.nci.nih.gov/svnroot/automation/trunk/resources/jboss-bindings/ncicb-jboss4.0.x-bindings.xml
     [exec] [echoproperties] jboss-conf.dir.dest=D\:\\BDA\\DynamicExtentions\\software\\target\\dist\\exploded\\working\\common\\resources\\jboss-conf
     [exec] [echoproperties] jboss-conf.dir.src=D\:\\BDA\\DynamicExtentions\\software\\target\\dist\\exploded\\common\\resources\\jboss-conf
     [exec] [echoproperties] jboss-conf.dist.relative.dir=common/resources/jboss-conf
     [exec] [echoproperties] jboss.base.dir=c\:\\apps\\DynamicExtentions-webapp
     [exec] [echoproperties] jboss.binaries.file=jboss-4.2.2.GA.zip
     [exec] [echoproperties] jboss.binaries.relative.dir=jboss-4.2.2.GA
     [exec] [echoproperties] jboss.cobraorb.port=46350
     [exec] [echoproperties] jboss.ejbinvoker.port=46150
     [exec] [echoproperties] jboss.exists=true
     [exec] [echoproperties] jboss.external.http.host=
     [exec] [echoproperties] jboss.external.http.port=
     [exec] [echoproperties] jboss.external.ssl.host=
     [exec] [echoproperties] jboss.external.ssl.port=
     [exec] [echoproperties] jboss.file.is.zip=true
     [exec] [echoproperties] jboss.hajndi.port=46160
     [exec] [echoproperties] jboss.hajrmi.port=46260
     [exec] [echoproperties] jboss.home=c\:/apps/DynamicExtentions-webapp/jboss-4.2.2.GA
     [exec] [echoproperties] jboss.java.opts=-server -Xms256m -Xmx512m -XX\:ThreadStackSize\=128 -XX\:SurvivorRatio\=10 -XX\:PermSize\=128m -XX\:MaxPermSize\=128m -Dsun.rmi.dgc.client.gcInterval\=3600000 -Dsun.rmi.dgc.server.gcInterval\=3600000 -Djava.awt.headless\=true
     [exec] [echoproperties] jboss.java.opts.is.set=-server
     [exec] [echoproperties] jboss.jms.port=46170
     [exec] [echoproperties] jboss.jmx-rmi.port=46290
     [exec] [echoproperties] jboss.messaging.port=46330
     [exec] [echoproperties] jboss.pooledha.port=46270
     [exec] [echoproperties] jboss.props.dir=c\:/apps/DynamicExtentions-webapp/jboss-4.2.2.GA/server/default/conf/props
     [exec] [echoproperties] jboss.relative.path=jboss-4.2.2.GA
     [exec] [echoproperties] jboss.remoting.port=46320
     [exec] [echoproperties] jboss.server.bind.port=0
     [exec] [echoproperties] jboss.server.binding.template.location=D\:\\BDA\\DynamicExtentions\\software\\target\\dist\\exploded\\bda-utils/resource/jboss-4.2.2.GA/bindings.xml
     [exec] [echoproperties] jboss.server.hostname=localhost
     [exec] [echoproperties] jboss.server.jndi.port=46200
     [exec] [echoproperties] jboss.server.name=default
     [exec] [echoproperties] jboss.server.port=46210
     [exec] [echoproperties] jboss.server.ports.name=bda-ports
     [exec] [echoproperties] jboss.server.rmi.port=46230
     [exec] [echoproperties] jboss.service.rmiobject.port=46240
     [exec] [echoproperties] jboss.snmp-trapd.port=46300
     [exec] [echoproperties] jboss.snmp.port=46310
     [exec] [echoproperties] jboss.src.url=http\://gforge.nci.nih.gov/svnroot/commonlibrary/trunk/techstack-2008/os-independent/jboss-4.2.2.GA.zip
     [exec] [echoproperties] jboss.ssl.enable=false
     [exec] [echoproperties] jboss.ssl.fullyqualified.hostname=localhost.nci.nih.gov
     [exec] [echoproperties] jboss.ssl.keystore.alias=ncicb-test-ssl-key
     [exec] [echoproperties] jboss.ssl.keystore.dir=D\:\\BDA\\DynamicExtentions\\software\\target\\dist\\exploded\\common\\resources\\security
     [exec] [echoproperties] jboss.ssl.keystore.file=ncicb-test-ssl.keystore
     [exec] [echoproperties] jboss.ssl.keystore.location=common/resources/security/ncicb-test-ssl.keystore
     [exec] [echoproperties] jboss.ssl.keystore.pass=ncicb1\!
     [exec] [echoproperties] jboss.ssl.port=46573
     [exec] [echoproperties] jboss.version.check=4.2.2
     [exec] [echoproperties] jboss.version.max=4.2.2
     [exec] [echoproperties] jboss.version.min=4.0.4
     [exec] [echoproperties] jboss.web.password=blueprint123\!
     [exec] [echoproperties] jboss.web.service.port=46250
     [exec] [echoproperties] jboss.web.user=admin
     [exec] [echoproperties] jbosscp.binaries.file=jboss-4.0.5.GA_CP15.zip
     [exec] [echoproperties] jbosscp.exists=true
     [exec] [echoproperties] jbosscp.src.url=http\://gforge.nci.nih.gov/svnroot/commonlibrary/trunk/techstack-2007/os-independent/jboss-4.0.5.GA_CP15.zip
     [exec] [echoproperties] jmx-console.jboss-web-xml.file=c\:/apps/DynamicExtentions-webapp/jboss-4.2.2.GA/server/default/deploy/jmx-console.war/WEB-INF/jboss-web.xml
     [exec] [echoproperties] jmx-console.role.file=c\:/apps/DynamicExtentions-webapp/jboss-4.2.2.GA/server/default/conf/props/jmx-console-roles.properties
     [exec] [echoproperties] jmx-console.role.matched=admin\=JBossAdmin,HttpInvoker\n
     [exec] [echoproperties] jmx-console.user.file=c\:/apps/DynamicExtentions-webapp/jboss-4.2.2.GA/server/default/conf/props/jmx-console-users.properties
     [exec] [echoproperties] jmx-console.user.matched=admin\=admin\n
     [exec] [echoproperties] jmx-console.web-xml.file=c\:/apps/DynamicExtentions-webapp/jboss-4.2.2.GA/server/default/deploy/jmx-console.war/WEB-INF/web.xml
     [exec] [echoproperties] ldap.basedn=ou\=nci,o\=nih
     [exec] [echoproperties] ldap.url=ldaps\://ncids4a.nci.nih.gov\:636
     [exec] [echoproperties] line.separator=\r\n
     [exec] [echoproperties] log.dir=D\:\\BDA\\DynamicExtentions\\software\\target\\dist\\exploded\\logs
     [exec] [echoproperties] log4j.level=WARN
     [exec] [echoproperties] log4j.maxDays=7
     [exec] [echoproperties] log4j.maxFileSize=100MB
     [exec] [echoproperties] login-config.block.file=D\:\\BDA\\DynamicExtentions\\software\\target\\dist\\exploded\\working\\common\\resources\\jboss-conf/login-config.db-block.xml
     [exec] [echoproperties] mail.smtp.server=mailfwd.nih.gov
     [exec] [echoproperties] match.tmp=database.system.user\=root
     [exec] [echoproperties] mysql.minimum.version=5.0.27
     [exec] [echoproperties] not.child.dir=D\:\\BDA\\DynamicExtentions\\software\\target\\dist\\exploded
     [exec] [echoproperties] not.parent.dir=c\:/apps/DynamicExtentions-webapp
     [exec] [echoproperties] os.arch=x86
     [exec] [echoproperties] os.family=windows
     [exec] [echoproperties] os.name=Windows XP
     [exec] [echoproperties] os.temp.dir=c\:/temp
     [exec] [echoproperties] os.version=5.1
     [exec] [echoproperties] parent.dir=c\:/apps/DynamicExtentions-webapp
     [exec] [echoproperties] path.separator=;
     [exec] [echoproperties] pmd.revision.number=0
     [exec] [echoproperties] project.name=DynamicExtentions
     [exec] [echoproperties] prop.list.item.trimmed=database.name
     [exec] [echoproperties] properties-service.file=c\:/apps/DynamicExtentions-webapp/jboss-4.2.2.GA/server/default/deploy/properties-service.xml
     [exec] [echoproperties] properties.file=install.properties
     [exec] [echoproperties] properties.file.exists=true
     [exec] [echoproperties] properties.file.type=install
     [exec] [echoproperties] properties.template.file=install.properties.template
     [exec] [echoproperties] property.block=property1\=db\r\n    property2\=internal\r\n    property3\=c\:/apps/DynamicExtentions-webapp/jboss-4.2.2.GA\r\n    property4\=${tomcat.home}\r\n    
     [exec] [echoproperties] property.block.file=D\:\\BDA\\DynamicExtentions\\software\\target\\dist\\exploded\\working/property.block.txt
     [exec] [echoproperties] require.build.wscore=true
     [exec] [echoproperties] run.date=0907301238
     [exec] [echoproperties] security.dist.relative.dir=common/resources/security
     [exec] [echoproperties] software.dir=D\:\\BDA\\DynamicExtentions\\software\\target\\dist\\exploded
     [exec] [echoproperties] sun.arch.data.model=32
     [exec] [echoproperties] sun.boot.class.path=C\:\\Program Files\\Java\\jdk1.5.0_10\\jre\\lib\\rt.jar;C\:\\Program Files\\Java\\jdk1.5.0_10\\jre\\lib\\i18n.jar;C\:\\Program Files\\Java\\jdk1.5.0_10\\jre\\lib\\sunrsasign.jar;C\:\\Program Files\\Java\\jdk1.5.0_10\\jre\\lib\\jsse.jar;C\:\\Program Files\\Java\\jdk1.5.0_10\\jre\\lib\\jce.jar;C\:\\Program Files\\Java\\jdk1.5.0_10\\jre\\lib\\charsets.jar;C\:\\Program Files\\Java\\jdk1.5.0_10\\jre\\classes
     [exec] [echoproperties] sun.boot.library.path=C\:\\Program Files\\Java\\jdk1.5.0_10\\jre\\bin
     [exec] [echoproperties] sun.cpu.endian=little
     [exec] [echoproperties] sun.cpu.isalist=
     [exec] [echoproperties] sun.desktop=windows
     [exec] [echoproperties] sun.io.unicode.encoding=UnicodeLittle
     [exec] [echoproperties] sun.jnu.encoding=Cp1252
     [exec] [echoproperties] sun.management.compiler=HotSpot Client Compiler
     [exec] [echoproperties] sun.os.patch.level=Service Pack 2
     [exec] [echoproperties] temp.dir=D\:\\BDA\\DynamicExtentions\\software\\target\\dist\\exploded\\working\\temp
     [exec] [echoproperties] template.dbintegrate.file=D\:\\BDA\\DynamicExtentions\\software\\target\\dist\\exploded\\bda-utils\\resource\\template-db-integrate.xml
     [exec] [echoproperties] tomcat.version.max=5.5.999
     [exec] [echoproperties] tomcat.version.min=5.0.0
     [exec] [echoproperties] tools.dir=D\:\\BDA\\DynamicExtentions\\software\\target\\dist\\exploded\\tools
     [exec] [echoproperties] tools.dist.relative.dir=tools
     [exec] [echoproperties] user.country=US
     [exec] [echoproperties] user.dir=D\:\\BDA\\DynamicExtentions\\software\\target\\dist\\exploded
     [exec] [echoproperties] user.home=C\:\\Documents and Settings\\pulkit_kumar
     [exec] [echoproperties] user.language=en
     [exec] [echoproperties] user.name=pulkit_kumar
     [exec] [echoproperties] user.timezone=
     [exec] [echoproperties] user.variant=
     [exec] [echoproperties] validation.post.http.list=46210
     [exec] [echoproperties] validation.post.socket.list=46230,46200,46240,46170,46250
     [exec] [echoproperties] validation.pre.port.list=46230,46200,46240,46170,46210,46250
     [exec] [echoproperties] web-console.classes.dir=c\:/apps/DynamicExtentions-webapp/jboss-4.2.2.GA/server/default/deploy/management/console-mgr.sar/web-console.war/WEB-INF/classes
     [exec] [echoproperties] web-console.jboss-web-xml.file=c\:/apps/DynamicExtentions-webapp/jboss-4.2.2.GA/server/default/deploy/management/console-mgr.sar/web-console.war/WEB-INF/jboss-web.xml
     [exec] [echoproperties] web-console.role.file=c\:/apps/DynamicExtentions-webapp/jboss-4.2.2.GA/server/default/conf/props/web-console-roles.properties
     [exec] [echoproperties] web-console.role.matched=admin\=JBossAdmin\n
     [exec] [echoproperties] web-console.user.file=c\:/apps/DynamicExtentions-webapp/jboss-4.2.2.GA/server/default/conf/props/web-console-users.properties
     [exec] [echoproperties] web-console.user.matched=admin\=admin\n
     [exec] [echoproperties] web-console.web-xml.file=c\:/apps/DynamicExtentions-webapp/jboss-4.2.2.GA/server/default/deploy/management/console-mgr.sar/web-console.war/WEB-INF/web.xml
     [exec] [echoproperties] working.dir=D\:\\BDA\\DynamicExtentions\\software\\target\\dist\\exploded\\working
     [exec]      [echo] The following are ERRORS from the c:/apps/DynamicExtentions-webapp/jboss-4.2.2.GA/server/default/log/server.log.
     [exec]      [echo] 2009-07-30 12:43:00,184 ERROR [C:\apps\DynamicExtentions-webapp\jboss-4.2.2.GA\server\default\.\tmp\deploy\tmp6169dynamicExtensions-exp.war\WEB-INF\classes\ApplicationResources.properties] Exception: Could not find datasource
     [exec]      [echo] 2009-07-30 12:43:00,513 ERROR [org.apache.catalina.core.ContainerBase.[jboss.web].[localhost].[/dynamicExtensions]] Exception sending context initialized event to listener instance of class edu.common.dynamicextensions.util.listener.DynamicExtensionsServletContextListener
     [exec]      [echo] 2009-07-30 12:43:00,873 ERROR [org.apache.catalina.core.StandardContext] Error listenerStart
     [exec]      [echo] 2009-07-30 12:43:00,873 ERROR [org.apache.catalina.core.StandardContext] Context [/dynamicExtensions] startup failed due to previous errors
     [exec]      [echo] 2009-07-30 12:43:01,343 ERROR [org.jboss.deployment.MainDeployer] Could not start deployment: file:/C:/apps/DynamicExtentions-webapp/jboss-4.2.2.GA/server/default/deploy/dynamicExtensions.war
     [exec]      [echo] 2009-07-30 12:43:01,890 ERROR [org.jboss.deployment.scanner.URLDeploymentScanner] Incomplete Deployment listing:
     [exec]      [echo] 
     [exec]      [echo] The following are WARNINGS from the c:/apps/DynamicExtentions-webapp/jboss-4.2.2.GA/server/default/log/server.log.
     [exec]      [echo] 2009-07-30 12:43:01,077 WARN  [org.jboss.system.ServiceController] Problem starting service jboss.web.deployment:war=dynamicExtensions.war,id=947551842
     [exec]      [echo] ******* INSTALLATION COMPLETED SUCESSFULLY *******
     [exec]      [echo] 
     [exec]      [echo] To view your application goto http://localhost:46210/dynamicExtensions.
     [exec]      [copy] Copying 1 file to c:\apps\DynamicExtentions-webapp\jboss-4.2.2.GA
     [exec] 
     [exec] install:
     [exec] 
     [exec] BUILD SUCCESSFUL
     [exec] Total time: 5 minutes 20 seconds

BUILD SUCCESSFUL
